<?xml version="1.0" encoding="utf-8"?>
<CoverageSession xmlns:xsd="http://www.w3.org/2001/XMLSchema" xmlns:xsi="http://www.w3.org/2001/XMLSchema-instance">
  <Summary numSequencePoints="5" visitedSequencePoints="3" numBranchPoints="2" visitedBranchPoints="1" sequenceCoverage="60" branchCoverage="50" maxCyclomaticComplexity="1" minCyclomaticComplexity="1" visitedClasses="1" numClasses="1" visitedMethods="1" numMethods="2" />
  <Modules>
    <Module skippedDueTo="Filter" hash="D9-A4-43-79-FA-F4-2A-B0-31-3A-20-A1-03-C5-E0-42-94-AB-99-28">
      <ModulePath>C:\WINDOWS\Microsoft.Net\assembly\GAC_64\mscorlib\v4.0_4.0.0.0__b77a5c561934e089\mscorlib.dll</ModulePath>
      <ModuleTime>2018-02-09T03:35:01.1681381Z</ModuleTime>
      <ModuleName>mscorlib</ModuleName>
      <Classes />
    </Module>
    <Module skippedDueTo="Filter" hash="86-E9-3D-3D-7C-09-09-11-61-67-42-C6-1E-4B-75-FF-C4-1C-03-96">
      <ModulePath>C:\workspaces\OutlookRecipientConfirmationAddin\sourcecode\packages\NUnit.ConsoleRunner.3.8.0\tools\nunit3-console.exe</ModulePath>
      <ModuleTime>2018-01-27T02:27:14Z</ModuleTime>
      <ModuleName>nunit3-console</ModuleName>
      <Classes />
    </Module>
    <Module skippedDueTo="Filter" hash="CB-7B-C7-A0-09-0F-BA-F4-8A-02-A9-E9-2A-7B-43-34-93-46-0F-58">
      <ModulePath>C:\WINDOWS\Microsoft.Net\assembly\GAC_MSIL\System\v4.0_4.0.0.0__b77a5c561934e089\System.dll</ModulePath>
      <ModuleTime>2017-09-29T13:43:06.7717063Z</ModuleTime>
      <ModuleName>System</ModuleName>
      <Classes />
    </Module>
    <Module skippedDueTo="Filter" hash="C1-08-CD-F2-59-9C-E6-0B-62-F9-09-43-74-9F-8D-57-9D-A9-93-31">
      <ModulePath>C:\workspaces\OutlookRecipientConfirmationAddin\sourcecode\packages\NUnit.ConsoleRunner.3.8.0\tools\nunit.engine.api.dll</ModulePath>
      <ModuleTime>2018-01-27T02:27:14Z</ModuleTime>
      <ModuleName>nunit.engine.api</ModuleName>
      <Classes />
    </Module>
    <Module skippedDueTo="Filter" hash="95-2A-FF-98-B6-82-8F-7C-F0-AC-3D-56-5A-54-93-7D-3B-32-4F-7B">
      <ModulePath>C:\workspaces\OutlookRecipientConfirmationAddin\sourcecode\packages\NUnit.ConsoleRunner.3.8.0\tools\nunit.engine.dll</ModulePath>
      <ModuleTime>2018-01-27T02:27:14Z</ModuleTime>
      <ModuleName>nunit.engine</ModuleName>
      <Classes />
    </Module>
    <Module skippedDueTo="Filter" hash="58-2A-4C-0C-25-69-3C-E5-E8-8F-0E-35-DB-19-D0-78-0E-D1-10-FA">
      <ModulePath>C:\WINDOWS\Microsoft.Net\assembly\GAC_MSIL\System.Xml\v4.0_4.0.0.0__b77a5c561934e089\System.Xml.dll</ModulePath>
      <ModuleTime>2017-12-22T03:10:39.7166266Z</ModuleTime>
      <ModuleName>System.Xml</ModuleName>
      <Classes />
    </Module>
    <Module skippedDueTo="Filter" hash="DC-F8-A3-B5-3C-D2-A2-92-BD-DE-4F-B9-C1-C6-59-24-2B-D3-FE-39">
      <ModulePath>C:\WINDOWS\Microsoft.Net\assembly\GAC_64\System.Web\v4.0_4.0.0.0__b03f5f7f11d50a3a\System.Web.dll</ModulePath>
      <ModuleTime>2018-02-09T03:34:33.7286998Z</ModuleTime>
      <ModuleName>System.Web</ModuleName>
      <Classes />
    </Module>
    <Module skippedDueTo="Filter" hash="8A-2E-8F-D6-9D-39-02-4A-2F-30-FC-06-42-F7-0F-A8-32-69-07-72">
      <ModulePath>C:\workspaces\OutlookRecipientConfirmationAddin\sourcecode\packages\NUnit.ConsoleRunner.3.8.0\tools\Mono.Cecil.dll</ModulePath>
      <ModuleTime>2018-01-27T02:27:14Z</ModuleTime>
      <ModuleName>Mono.Cecil</ModuleName>
      <Classes />
    </Module>
    <Module skippedDueTo="Filter" hash="95-C2-7F-29-1B-5E-88-C5-62-B1-37-09-E1-F0-97-D4-51-18-8D-2E">
      <ModulePath>C:\WINDOWS\Microsoft.Net\assembly\GAC_MSIL\System.Runtime.Remoting\v4.0_4.0.0.0__b77a5c561934e089\System.Runtime.Remoting.dll</ModulePath>
      <ModuleTime>2017-09-29T13:43:06.6935754Z</ModuleTime>
      <ModuleName>System.Runtime.Remoting</ModuleName>
      <Classes />
    </Module>
    <Module skippedDueTo="Filter" hash="62-13-DF-BA-4D-76-38-3A-FE-E9-5E-D8-6C-07-CC-1D-A2-DE-73-52">
      <ModulePath>C:\WINDOWS\Microsoft.Net\assembly\GAC_MSIL\System.Configuration\v4.0_4.0.0.0__b03f5f7f11d50a3a\System.Configuration.dll</ModulePath>
      <ModuleTime>2017-09-29T13:43:06.6154445Z</ModuleTime>
      <ModuleName>System.Configuration</ModuleName>
      <Classes />
    </Module>
    <Module skippedDueTo="Filter" hash="23-B3-8E-36-35-0B-BD-20-43-E0-A1-0E-D9-F4-93-5D-15-17-91-15">
      <ModulePath>C:\workspaces\OutlookRecipientConfirmationAddin\sourcecode\packages\NUnit.ConsoleRunner.3.8.0\tools\nunit-agent.exe</ModulePath>
      <ModuleTime>2018-01-27T02:27:14Z</ModuleTime>
      <ModuleName>nunit-agent</ModuleName>
      <Classes />
    </Module>
    <Module skippedDueTo="Filter" hash="A7-9F-41-2F-47-0F-3E-C7-DD-99-9E-73-7D-AF-41-93-23-DC-2B-18">
      <ModulePath>C:\workspaces\OutlookRecipientConfirmationAddin\sourcecode\ORCAUnitTest\bin\Debug\nunit.framework.dll</ModulePath>
      <ModuleTime>2018-02-26T07:29:23.023767Z</ModuleTime>
      <ModuleName>nunit.framework</ModuleName>
      <Classes />
    </Module>
    <Module skippedDueTo="Filter" hash="00-E4-8B-23-28-1E-7A-F6-0F-D2-F5-0F-0B-97-50-BC-55-63-B2-9D">
      <ModulePath>C:\WINDOWS\Microsoft.Net\assembly\GAC_MSIL\System.Core\v4.0_4.0.0.0__b77a5c561934e089\System.Core.dll</ModulePath>
      <ModuleTime>2018-02-02T03:36:02.9502864Z</ModuleTime>
      <ModuleName>System.Core</ModuleName>
      <Classes />
    </Module>
    <Module skippedDueTo="Filter" hash="80-89-E3-38-BE-38-23-23-41-9E-05-6F-5E-30-46-C6-9B-03-FE-BF">
      <ModulePath>C:\workspaces\OutlookRecipientConfirmationAddin\sourcecode\ORCAUnitTest\bin\Debug\ORCAUnitTest.dll</ModulePath>
      <ModuleTime>2018-03-06T04:44:25.9087575Z</ModuleTime>
      <ModuleName>ORCAUnitTest</ModuleName>
      <Classes />
    </Module>
    <Module hash="54-6F-39-48-37-F7-A4-5F-71-65-60-E8-7C-89-40-7A-E4-2A-85-62">
      <Summary numSequencePoints="5" visitedSequencePoints="3" numBranchPoints="2" visitedBranchPoints="1" sequenceCoverage="60" branchCoverage="50" maxCyclomaticComplexity="1" minCyclomaticComplexity="1" visitedClasses="1" numClasses="1" visitedMethods="1" numMethods="2" />
      <ModulePath>C:\workspaces\OutlookRecipientConfirmationAddin\sourcecode\ORCAUnitTest\bin\Debug\TestApp.exe</ModulePath>
      <ModuleTime>2018-03-06T04:20:19.3874727Z</ModuleTime>
      <ModuleName>TestApp</ModuleName>
      <Files>
        <File uid="1" fullPath="C:\workspaces\OutlookRecipientConfirmationAddin\sourcecode\TestApp\Program.cs" />
      </Files>
      <Classes>
        <Class>
          <Summary numSequencePoints="0" visitedSequencePoints="0" numBranchPoints="0" visitedBranchPoints="0" sequenceCoverage="0" branchCoverage="0" maxCyclomaticComplexity="0" minCyclomaticComplexity="0" visitedClasses="0" numClasses="0" visitedMethods="0" numMethods="0" />
          <FullName>&lt;Module&gt;</FullName>
          <Methods />
        </Class>
        <Class>
          <Summary numSequencePoints="5" visitedSequencePoints="3" numBranchPoints="2" visitedBranchPoints="1" sequenceCoverage="60" branchCoverage="50" maxCyclomaticComplexity="1" minCyclomaticComplexity="1" visitedClasses="1" numClasses="1" visitedMethods="1" numMethods="2" />
          <FullName>TestApp.Program</FullName>
          <Methods>
            <Method visited="false" cyclomaticComplexity="1" nPathComplexity="0" sequenceCoverage="0" branchCoverage="0" isConstructor="false" isStatic="true" isGetter="false" isSetter="false">
              <Summary numSequencePoints="2" visitedSequencePoints="0" numBranchPoints="1" visitedBranchPoints="0" sequenceCoverage="0" branchCoverage="0" maxCyclomaticComplexity="1" minCyclomaticComplexity="1" visitedClasses="0" numClasses="0" visitedMethods="0" numMethods="1" />
              <MetadataToken>100663297</MetadataToken>
              <Name>System.Void TestApp.Program::Main(System.String[])</Name>
              <FileRef uid="1" />
              <SequencePoints>
                <SequencePoint vc="0" uspid="1" ordinal="0" offset="0" sl="9" sc="9" el="9" ec="10" bec="0" bev="0" fileid="1" />
                <SequencePoint vc="0" uspid="2" ordinal="1" offset="1" sl="10" sc="9" el="10" ec="10" bec="0" bev="0" fileid="1" />
              </SequencePoints>
              <BranchPoints />
              <MethodPoint xsi:type="SequencePoint" vc="0" uspid="1" ordinal="0" offset="0" sl="9" sc="9" el="9" ec="10" bec="0" bev="0" fileid="1" />
            </Method>
            <Method visited="true" cyclomaticComplexity="1" nPathComplexity="0" sequenceCoverage="100" branchCoverage="100" isConstructor="false" isStatic="false" isGetter="false" isSetter="false">
              <Summary numSequencePoints="3" visitedSequencePoints="3" numBranchPoints="1" visitedBranchPoints="1" sequenceCoverage="100" branchCoverage="100" maxCyclomaticComplexity="1" minCyclomaticComplexity="1" visitedClasses="0" numClasses="0" visitedMethods="1" numMethods="1" />
              <MetadataToken>100663298</MetadataToken>
              <Name>System.Int32 TestApp.Program::AddNumber(System.Int32,System.Int32)</Name>
              <FileRef uid="1" />
              <SequencePoints>
                <SequencePoint vc="1" uspid="3" ordinal="0" offset="0" sl="12" sc="9" el="12" ec="10" bec="0" bev="0" fileid="1" />
                <SequencePoint vc="1" uspid="4" ordinal="1" offset="1" sl="13" sc="13" el="13" ec="26" bec="0" bev="0" fileid="1" />
                <SequencePoint vc="1" uspid="5" ordinal="2" offset="7" sl="14" sc="9" el="14" ec="10" bec="0" bev="0" fileid="1" />
              </SequencePoints>
              <BranchPoints />
              <MethodPoint xsi:type="SequencePoint" vc="1" uspid="3" ordinal="0" offset="0" sl="12" sc="9" el="12" ec="10" bec="0" bev="0" fileid="1" />
            </Method>
            <Method visited="true" cyclomaticComplexity="1" nPathComplexity="0" sequenceCoverage="0" branchCoverage="0" isConstructor="true" isStatic="false" isGetter="false" isSetter="false">
              <Summary numSequencePoints="0" visitedSequencePoints="0" numBranchPoints="0" visitedBranchPoints="0" sequenceCoverage="0" branchCoverage="0" maxCyclomaticComplexity="1" minCyclomaticComplexity="1" visitedClasses="0" numClasses="0" visitedMethods="0" numMethods="0" />
              <MetadataToken>100663299</MetadataToken>
              <Name>System.Void TestApp.Program::.ctor()</Name>
              <SequencePoints />
              <BranchPoints />
              <MethodPoint vc="1" uspid="6" ordinal="0" offset="0" />
            </Method>
          </Methods>
        </Class>
      </Classes>
    </Module>
    <Module skippedDueTo="Filter" hash="22-1C-0F-4D-89-95-50-48-29-4E-FD-18-5F-7C-22-6D-18-CD-70-BB">
      <ModulePath>C:\WINDOWS\Microsoft.Net\assembly\GAC_MSIL\mscorlib.resources\v4.0_4.0.0.0_ja_b77a5c561934e089\mscorlib.resources.dll</ModulePath>
      <ModuleTime>2017-09-30T14:15:33.9729128Z</ModuleTime>
      <ModuleName>mscorlib.resources</ModuleName>
      <Classes />
    </Module>
  </Modules>
</CoverageSession>