<?xml version="1.0" encoding="utf-8"?>
<CoverageSession xmlns:xsd="http://www.w3.org/2001/XMLSchema" xmlns:xsi="http://www.w3.org/2001/XMLSchema-instance">
  <Summary numSequencePoints="1817" visitedSequencePoints="211" numBranchPoints="317" visitedBranchPoints="27" sequenceCoverage="11.61" branchCoverage="8.52" maxCyclomaticComplexity="15" minCyclomaticComplexity="0" visitedClasses="9" numClasses="26" visitedMethods="18" numMethods="179" />
  <Modules>
    <Module skippedDueTo="Filter" hash="D9-A4-43-79-FA-F4-2A-B0-31-3A-20-A1-03-C5-E0-42-94-AB-99-28">
      <ModulePath>C:\WINDOWS\Microsoft.Net\assembly\GAC_64\mscorlib\v4.0_4.0.0.0__b77a5c561934e089\mscorlib.dll</ModulePath>
      <ModuleTime>2018-02-09T03:35:01.1681381Z</ModuleTime>
      <ModuleName>mscorlib</ModuleName>
      <Classes />
    </Module>
    <Module skippedDueTo="MissingPdb" hash="86-E9-3D-3D-7C-09-09-11-61-67-42-C6-1E-4B-75-FF-C4-1C-03-96">
      <ModulePath>C:\workspaces\OutlookRecipientConfirmationAddin\sourcecode\packages\NUnit.ConsoleRunner.3.8.0\tools\nunit3-console.exe</ModulePath>
      <ModuleTime>2018-01-27T02:27:14Z</ModuleTime>
      <ModuleName>nunit3-console</ModuleName>
      <Classes />
    </Module>
    <Module skippedDueTo="Filter" hash="CB-7B-C7-A0-09-0F-BA-F4-8A-02-A9-E9-2A-7B-43-34-93-46-0F-58">
      <ModulePath>C:\WINDOWS\Microsoft.Net\assembly\GAC_MSIL\System\v4.0_4.0.0.0__b77a5c561934e089\System.dll</ModulePath>
      <ModuleTime>2017-09-29T13:43:06.7717063Z</ModuleTime>
      <ModuleName>System</ModuleName>
      <Classes />
    </Module>
    <Module skippedDueTo="MissingPdb" hash="C1-08-CD-F2-59-9C-E6-0B-62-F9-09-43-74-9F-8D-57-9D-A9-93-31">
      <ModulePath>C:\workspaces\OutlookRecipientConfirmationAddin\sourcecode\packages\NUnit.ConsoleRunner.3.8.0\tools\nunit.engine.api.dll</ModulePath>
      <ModuleTime>2018-01-27T02:27:14Z</ModuleTime>
      <ModuleName>nunit.engine.api</ModuleName>
      <Classes />
    </Module>
    <Module skippedDueTo="MissingPdb" hash="95-2A-FF-98-B6-82-8F-7C-F0-AC-3D-56-5A-54-93-7D-3B-32-4F-7B">
      <ModulePath>C:\workspaces\OutlookRecipientConfirmationAddin\sourcecode\packages\NUnit.ConsoleRunner.3.8.0\tools\nunit.engine.dll</ModulePath>
      <ModuleTime>2018-01-27T02:27:14Z</ModuleTime>
      <ModuleName>nunit.engine</ModuleName>
      <Classes />
    </Module>
    <Module skippedDueTo="Filter" hash="58-2A-4C-0C-25-69-3C-E5-E8-8F-0E-35-DB-19-D0-78-0E-D1-10-FA">
      <ModulePath>C:\WINDOWS\Microsoft.Net\assembly\GAC_MSIL\System.Xml\v4.0_4.0.0.0__b77a5c561934e089\System.Xml.dll</ModulePath>
      <ModuleTime>2017-12-22T03:10:39.7166266Z</ModuleTime>
      <ModuleName>System.Xml</ModuleName>
      <Classes />
    </Module>
    <Module skippedDueTo="Filter" hash="DC-F8-A3-B5-3C-D2-A2-92-BD-DE-4F-B9-C1-C6-59-24-2B-D3-FE-39">
      <ModulePath>C:\WINDOWS\Microsoft.Net\assembly\GAC_64\System.Web\v4.0_4.0.0.0__b03f5f7f11d50a3a\System.Web.dll</ModulePath>
      <ModuleTime>2018-02-09T03:34:33.7286998Z</ModuleTime>
      <ModuleName>System.Web</ModuleName>
      <Classes />
    </Module>
    <Module skippedDueTo="MissingPdb" hash="8A-2E-8F-D6-9D-39-02-4A-2F-30-FC-06-42-F7-0F-A8-32-69-07-72">
      <ModulePath>C:\workspaces\OutlookRecipientConfirmationAddin\sourcecode\packages\NUnit.ConsoleRunner.3.8.0\tools\Mono.Cecil.dll</ModulePath>
      <ModuleTime>2018-01-27T02:27:14Z</ModuleTime>
      <ModuleName>Mono.Cecil</ModuleName>
      <Classes />
    </Module>
    <Module skippedDueTo="Filter" hash="95-C2-7F-29-1B-5E-88-C5-62-B1-37-09-E1-F0-97-D4-51-18-8D-2E">
      <ModulePath>C:\WINDOWS\Microsoft.Net\assembly\GAC_MSIL\System.Runtime.Remoting\v4.0_4.0.0.0__b77a5c561934e089\System.Runtime.Remoting.dll</ModulePath>
      <ModuleTime>2017-09-29T13:43:06.6935754Z</ModuleTime>
      <ModuleName>System.Runtime.Remoting</ModuleName>
      <Classes />
    </Module>
    <Module skippedDueTo="Filter" hash="62-13-DF-BA-4D-76-38-3A-FE-E9-5E-D8-6C-07-CC-1D-A2-DE-73-52">
      <ModulePath>C:\WINDOWS\Microsoft.Net\assembly\GAC_MSIL\System.Configuration\v4.0_4.0.0.0__b03f5f7f11d50a3a\System.Configuration.dll</ModulePath>
      <ModuleTime>2017-09-29T13:43:06.6154445Z</ModuleTime>
      <ModuleName>System.Configuration</ModuleName>
      <Classes />
    </Module>
    <Module skippedDueTo="MissingPdb" hash="23-B3-8E-36-35-0B-BD-20-43-E0-A1-0E-D9-F4-93-5D-15-17-91-15">
      <ModulePath>C:\workspaces\OutlookRecipientConfirmationAddin\sourcecode\packages\NUnit.ConsoleRunner.3.8.0\tools\nunit-agent.exe</ModulePath>
      <ModuleTime>2018-01-27T02:27:14Z</ModuleTime>
      <ModuleName>nunit-agent</ModuleName>
      <Classes />
    </Module>
    <Module skippedDueTo="MissingPdb" hash="A7-9F-41-2F-47-0F-3E-C7-DD-99-9E-73-7D-AF-41-93-23-DC-2B-18">
      <ModulePath>C:\workspaces\OutlookRecipientConfirmationAddin\sourcecode\ORCAUnitTest\bin\Debug\nunit.framework.dll</ModulePath>
      <ModuleTime>2018-02-26T07:29:23.023767Z</ModuleTime>
      <ModuleName>nunit.framework</ModuleName>
      <Classes />
    </Module>
    <Module skippedDueTo="Filter" hash="00-E4-8B-23-28-1E-7A-F6-0F-D2-F5-0F-0B-97-50-BC-55-63-B2-9D">
      <ModulePath>C:\WINDOWS\Microsoft.Net\assembly\GAC_MSIL\System.Core\v4.0_4.0.0.0__b77a5c561934e089\System.Core.dll</ModulePath>
      <ModuleTime>2018-02-02T03:36:02.9502864Z</ModuleTime>
      <ModuleName>System.Core</ModuleName>
      <Classes />
    </Module>
    <Module hash="D1-C5-7B-39-53-80-D9-89-C1-0C-6E-9C-93-7E-86-5D-28-7E-82-25">
      <Summary numSequencePoints="837" visitedSequencePoints="166" numBranchPoints="95" visitedBranchPoints="13" sequenceCoverage="19.83" branchCoverage="13.68" maxCyclomaticComplexity="9" minCyclomaticComplexity="0" visitedClasses="6" numClasses="9" visitedMethods="13" numMethods="85" />
      <ModulePath>C:\workspaces\OutlookRecipientConfirmationAddin\sourcecode\ORCAUnitTest\bin\Debug\ORCAUnitTest.dll</ModulePath>
      <ModuleTime>2018-03-22T06:15:54.6810389Z</ModuleTime>
      <ModuleName>ORCAUnitTest</ModuleName>
      <Files>
        <File uid="1" fullPath="C:\workspaces\OutlookRecipientConfirmationAddin\sourcecode\ORCAUnitTest\GetRecipientsUnitTest.cs" />
        <File uid="2" fullPath="C:\workspaces\OutlookRecipientConfirmationAddin\sourcecode\ORCAUnitTest\GetSenderInfomationUnitTest.cs" />
        <File uid="4" fullPath="C:\workspaces\OutlookRecipientConfirmationAddin\sourcecode\ORCAUnitTest\MyTestClasses.cs" />
        <File uid="9" fullPath="C:\workspaces\OutlookRecipientConfirmationAddin\sourcecode\ORCAUnitTest\GetContactItemUnitTest.cs" />
      </Files>
      <Classes>
        <Class>
          <Summary numSequencePoints="0" visitedSequencePoints="0" numBranchPoints="0" visitedBranchPoints="0" sequenceCoverage="0" branchCoverage="0" maxCyclomaticComplexity="0" minCyclomaticComplexity="0" visitedClasses="0" numClasses="0" visitedMethods="0" numMethods="0" />
          <FullName>&lt;Module&gt;</FullName>
          <Methods />
        </Class>
        <Class>
          <Summary numSequencePoints="347" visitedSequencePoints="14" numBranchPoints="23" visitedBranchPoints="1" sequenceCoverage="4.03" branchCoverage="4.35" maxCyclomaticComplexity="9" minCyclomaticComplexity="1" visitedClasses="1" numClasses="1" visitedMethods="1" numMethods="13" />
          <FullName>ORCAUnitTest.GetRecipientsUnitTest</FullName>
          <Methods>
            <Method visited="true" cyclomaticComplexity="1" nPathComplexity="0" sequenceCoverage="46.67" branchCoverage="100" isConstructor="false" isStatic="false" isGetter="false" isSetter="false">
              <Summary numSequencePoints="30" visitedSequencePoints="14" numBranchPoints="1" visitedBranchPoints="1" sequenceCoverage="46.67" branchCoverage="100" maxCyclomaticComplexity="1" minCyclomaticComplexity="1" visitedClasses="0" numClasses="0" visitedMethods="1" numMethods="1" />
              <MetadataToken>100663297</MetadataToken>
              <Name>System.Void ORCAUnitTest.GetRecipientsUnitTest::Init()</Name>
              <FileRef uid="1" />
              <SequencePoints>
                <SequencePoint vc="1" uspid="1" ordinal="0" offset="0" sl="42" sc="9" el="42" ec="10" bec="0" bev="0" fileid="1" />
                <SequencePoint vc="1" uspid="2" ordinal="1" offset="1" sl="44" sc="13" el="44" ec="51" bec="0" bev="0" fileid="1" />
                <SequencePoint vc="1" uspid="3" ordinal="2" offset="18" sl="47" sc="13" el="47" ec="54" bec="0" bev="0" fileid="1" />
                <SequencePoint vc="1" uspid="4" ordinal="3" offset="35" sl="48" sc="13" el="48" ec="59" bec="0" bev="0" fileid="1" />
                <SequencePoint vc="1" uspid="5" ordinal="4" offset="52" sl="51" sc="13" el="51" ec="51" bec="0" bev="0" fileid="1" />
                <SequencePoint vc="1" uspid="6" ordinal="5" offset="69" sl="52" sc="13" el="52" ec="57" bec="0" bev="0" fileid="1" />
                <SequencePoint vc="1" uspid="7" ordinal="6" offset="86" sl="53" sc="13" el="53" ec="65" bec="0" bev="0" fileid="1" />
                <SequencePoint vc="1" uspid="8" ordinal="7" offset="103" sl="54" sc="13" el="54" ec="57" bec="0" bev="0" fileid="1" />
                <SequencePoint vc="1" uspid="9" ordinal="8" offset="120" sl="55" sc="13" el="55" ec="59" bec="0" bev="0" fileid="1" />
                <SequencePoint vc="1" uspid="10" ordinal="9" offset="137" sl="57" sc="13" el="57" ec="56" bec="0" bev="0" fileid="1" />
                <SequencePoint vc="1" uspid="11" ordinal="10" offset="154" sl="58" sc="13" el="58" ec="56" bec="0" bev="0" fileid="1" />
                <SequencePoint vc="1" uspid="12" ordinal="11" offset="171" sl="62" sc="13" el="62" ec="57" bec="0" bev="0" fileid="1" />
                <SequencePoint vc="1" uspid="13" ordinal="12" offset="177" sl="63" sc="13" el="63" ec="79" bec="0" bev="0" fileid="1" />
                <SequencePoint vc="1" uspid="14" ordinal="13" offset="189" sl="66" sc="13" el="66" ec="75" bec="0" bev="0" fileid="1" />
                <SequencePoint vc="0" uspid="15" ordinal="14" offset="197" sl="67" sc="13" el="67" ec="49" bec="0" bev="0" fileid="1" />
                <SequencePoint vc="0" uspid="16" ordinal="15" offset="209" sl="70" sc="13" el="70" ec="120" bec="0" bev="0" fileid="1" />
                <SequencePoint vc="0" uspid="17" ordinal="16" offset="228" sl="71" sc="13" el="71" ec="57" bec="0" bev="0" fileid="1" />
                <SequencePoint vc="0" uspid="18" ordinal="17" offset="245" sl="72" sc="13" el="72" ec="51" bec="0" bev="0" fileid="1" />
                <SequencePoint vc="0" uspid="19" ordinal="18" offset="259" sl="75" sc="13" el="75" ec="50" bec="0" bev="0" fileid="1" />
                <SequencePoint vc="0" uspid="20" ordinal="19" offset="276" sl="76" sc="13" el="76" ec="72" bec="0" bev="0" fileid="1" />
                <SequencePoint vc="0" uspid="21" ordinal="20" offset="310" sl="77" sc="13" el="77" ec="45" bec="0" bev="0" fileid="1" />
                <SequencePoint vc="0" uspid="22" ordinal="21" offset="339" sl="84" sc="13" el="84" ec="90" bec="0" bev="0" fileid="1" />
                <SequencePoint vc="0" uspid="23" ordinal="22" offset="351" sl="85" sc="13" el="85" ec="74" bec="0" bev="0" fileid="1" />
                <SequencePoint vc="0" uspid="24" ordinal="23" offset="369" sl="88" sc="13" el="88" ec="88" bec="0" bev="0" fileid="1" />
                <SequencePoint vc="0" uspid="25" ordinal="24" offset="387" sl="89" sc="13" el="89" ec="119" bec="0" bev="0" fileid="1" />
                <SequencePoint vc="0" uspid="26" ordinal="25" offset="403" sl="91" sc="13" el="91" ec="48" bec="0" bev="0" fileid="1" />
                <SequencePoint vc="0" uspid="27" ordinal="26" offset="413" sl="94" sc="13" el="94" ec="82" bec="0" bev="0" fileid="1" />
                <SequencePoint vc="0" uspid="28" ordinal="27" offset="431" sl="96" sc="13" el="96" ec="50" bec="0" bev="0" fileid="1" />
                <SequencePoint vc="0" uspid="29" ordinal="28" offset="444" sl="98" sc="13" el="98" ec="50" bec="0" bev="0" fileid="1" />
                <SequencePoint vc="0" uspid="30" ordinal="29" offset="462" sl="99" sc="9" el="99" ec="10" bec="0" bev="0" fileid="1" />
              </SequencePoints>
              <BranchPoints />
              <MethodPoint xsi:type="SequencePoint" vc="1" uspid="1" ordinal="0" offset="0" sl="42" sc="9" el="42" ec="10" bec="0" bev="0" fileid="1" />
            </Method>
            <Method visited="false" cyclomaticComplexity="3" nPathComplexity="0" sequenceCoverage="0" branchCoverage="0" isConstructor="false" isStatic="false" isGetter="false" isSetter="false">
              <Summary numSequencePoints="25" visitedSequencePoints="0" numBranchPoints="1" visitedBranchPoints="0" sequenceCoverage="0" branchCoverage="0" maxCyclomaticComplexity="3" minCyclomaticComplexity="3" visitedClasses="0" numClasses="0" visitedMethods="0" numMethods="1" />
              <MetadataToken>100663298</MetadataToken>
              <Name>System.Void ORCAUnitTest.GetRecipientsUnitTest::GetRecipientsTest1()</Name>
              <FileRef uid="1" />
              <SequencePoints>
                <SequencePoint vc="0" uspid="31" ordinal="0" offset="0" sl="107" sc="9" el="107" ec="10" bec="0" bev="0" fileid="1" />
                <SequencePoint vc="0" uspid="32" ordinal="1" offset="1" sl="109" sc="13" el="109" ec="106" bec="0" bev="0" fileid="1" />
                <SequencePoint vc="0" uspid="33" ordinal="2" offset="24" sl="110" sc="13" el="110" ec="53" bec="0" bev="0" fileid="1" />
                <SequencePoint vc="0" uspid="34" ordinal="3" offset="39" sl="111" sc="13" el="111" ec="98" bec="0" bev="0" fileid="1" />
                <SequencePoint vc="0" uspid="35" ordinal="4" offset="54" sl="114" sc="13" el="114" ec="69" bec="0" bev="0" fileid="1" />
                <SequencePoint vc="0" uspid="36" ordinal="5" offset="60" sl="115" sc="13" el="115" ec="47" bec="0" bev="0" fileid="1" />
                <SequencePoint vc="0" uspid="37" ordinal="6" offset="73" sl="116" sc="13" el="116" ec="47" bec="0" bev="0" fileid="1" />
                <SequencePoint vc="0" uspid="38" ordinal="7" offset="86" sl="119" sc="13" el="119" ec="68" bec="0" bev="0" fileid="1" />
                <SequencePoint vc="0" uspid="39" ordinal="8" offset="117" sl="120" sc="13" el="120" ec="86" bec="0" bev="0" fileid="1" />
                <SequencePoint vc="0" uspid="40" ordinal="9" offset="133" sl="121" sc="13" el="121" ec="92" bec="0" bev="0" fileid="1" />
                <SequencePoint vc="0" uspid="41" ordinal="10" offset="144" sl="125" sc="13" el="125" ec="91" bec="0" bev="0" fileid="1" />
                <SequencePoint vc="0" uspid="42" ordinal="11" offset="179" sl="126" sc="13" el="126" ec="57" bec="0" bev="0" fileid="1" />
                <SequencePoint vc="0" uspid="43" ordinal="12" offset="200" sl="129" sc="13" el="129" ec="67" bec="0" bev="0" fileid="1" />
                <SequencePoint vc="0" uspid="44" ordinal="13" offset="207" sl="130" sc="13" el="130" ec="87" bec="0" bev="0" fileid="1" />
                <SequencePoint vc="0" uspid="45" ordinal="14" offset="216" sl="131" sc="13" el="131" ec="20" bec="0" bev="0" fileid="1" />
                <SequencePoint vc="0" uspid="46" ordinal="15" offset="217" sl="131" sc="36" el="131" ec="50" bec="0" bev="0" fileid="1" />
                <SequencePoint vc="0" uspid="47" ordinal="16" offset="228" sl="131" sc="22" el="131" ec="32" bec="0" bev="0" fileid="1" />
                <SequencePoint vc="0" uspid="48" ordinal="17" offset="237" sl="132" sc="13" el="132" ec="14" bec="0" bev="0" fileid="1" />
                <SequencePoint vc="0" uspid="49" ordinal="18" offset="238" sl="133" sc="17" el="133" ec="43" bec="0" bev="0" fileid="1" />
                <SequencePoint vc="0" uspid="50" ordinal="19" offset="248" sl="134" sc="13" el="134" ec="14" bec="0" bev="0" fileid="1" />
                <SequencePoint vc="0" uspid="51" ordinal="20" offset="249" sl="131" sc="33" el="131" ec="35" bec="0" bev="0" fileid="1" />
                <SequencePoint vc="0" uspid="52" ordinal="21" offset="273" sl="137" sc="13" el="137" ec="73" bec="0" bev="0" fileid="1" />
                <SequencePoint vc="0" uspid="53" ordinal="22" offset="302" sl="138" sc="13" el="138" ec="58" bec="0" bev="0" fileid="1" />
                <SequencePoint vc="0" uspid="54" ordinal="23" offset="312" sl="141" sc="13" el="141" ec="80" bec="0" bev="0" fileid="1" />
                <SequencePoint vc="0" uspid="55" ordinal="24" offset="333" sl="143" sc="9" el="143" ec="10" bec="0" bev="0" fileid="1" />
              </SequencePoints>
              <BranchPoints />
              <MethodPoint xsi:type="SequencePoint" vc="0" uspid="31" ordinal="0" offset="0" sl="107" sc="9" el="107" ec="10" bec="0" bev="0" fileid="1" />
            </Method>
            <Method visited="false" cyclomaticComplexity="3" nPathComplexity="0" sequenceCoverage="0" branchCoverage="0" isConstructor="false" isStatic="false" isGetter="false" isSetter="false">
              <Summary numSequencePoints="26" visitedSequencePoints="0" numBranchPoints="1" visitedBranchPoints="0" sequenceCoverage="0" branchCoverage="0" maxCyclomaticComplexity="3" minCyclomaticComplexity="3" visitedClasses="0" numClasses="0" visitedMethods="0" numMethods="1" />
              <MetadataToken>100663299</MetadataToken>
              <Name>System.Void ORCAUnitTest.GetRecipientsUnitTest::GetRecipientsTest2()</Name>
              <FileRef uid="1" />
              <SequencePoints>
                <SequencePoint vc="0" uspid="58" ordinal="0" offset="0" sl="151" sc="9" el="151" ec="10" bec="0" bev="0" fileid="1" />
                <SequencePoint vc="0" uspid="59" ordinal="1" offset="1" sl="153" sc="13" el="153" ec="106" bec="0" bev="0" fileid="1" />
                <SequencePoint vc="0" uspid="60" ordinal="2" offset="24" sl="154" sc="13" el="154" ec="53" bec="0" bev="0" fileid="1" />
                <SequencePoint vc="0" uspid="61" ordinal="3" offset="39" sl="155" sc="13" el="155" ec="98" bec="0" bev="0" fileid="1" />
                <SequencePoint vc="0" uspid="62" ordinal="4" offset="54" sl="158" sc="13" el="158" ec="69" bec="0" bev="0" fileid="1" />
                <SequencePoint vc="0" uspid="63" ordinal="5" offset="60" sl="159" sc="13" el="159" ec="47" bec="0" bev="0" fileid="1" />
                <SequencePoint vc="0" uspid="64" ordinal="6" offset="73" sl="160" sc="13" el="160" ec="47" bec="0" bev="0" fileid="1" />
                <SequencePoint vc="0" uspid="65" ordinal="7" offset="86" sl="163" sc="13" el="163" ec="71" bec="0" bev="0" fileid="1" />
                <SequencePoint vc="0" uspid="66" ordinal="8" offset="117" sl="164" sc="13" el="164" ec="89" bec="0" bev="0" fileid="1" />
                <SequencePoint vc="0" uspid="67" ordinal="9" offset="133" sl="165" sc="13" el="165" ec="92" bec="0" bev="0" fileid="1" />
                <SequencePoint vc="0" uspid="68" ordinal="10" offset="144" sl="166" sc="13" el="166" ec="78" bec="0" bev="0" fileid="1" />
                <SequencePoint vc="0" uspid="69" ordinal="11" offset="172" sl="169" sc="13" el="169" ec="94" bec="0" bev="0" fileid="1" />
                <SequencePoint vc="0" uspid="70" ordinal="12" offset="207" sl="170" sc="13" el="170" ec="57" bec="0" bev="0" fileid="1" />
                <SequencePoint vc="0" uspid="71" ordinal="13" offset="228" sl="173" sc="13" el="173" ec="67" bec="0" bev="0" fileid="1" />
                <SequencePoint vc="0" uspid="72" ordinal="14" offset="235" sl="174" sc="13" el="174" ec="87" bec="0" bev="0" fileid="1" />
                <SequencePoint vc="0" uspid="73" ordinal="15" offset="244" sl="176" sc="13" el="176" ec="20" bec="0" bev="0" fileid="1" />
                <SequencePoint vc="0" uspid="74" ordinal="16" offset="245" sl="176" sc="36" el="176" ec="50" bec="0" bev="0" fileid="1" />
                <SequencePoint vc="0" uspid="75" ordinal="17" offset="256" sl="176" sc="22" el="176" ec="32" bec="0" bev="0" fileid="1" />
                <SequencePoint vc="0" uspid="76" ordinal="18" offset="265" sl="177" sc="13" el="177" ec="14" bec="0" bev="0" fileid="1" />
                <SequencePoint vc="0" uspid="77" ordinal="19" offset="266" sl="178" sc="17" el="178" ec="43" bec="0" bev="0" fileid="1" />
                <SequencePoint vc="0" uspid="78" ordinal="20" offset="276" sl="179" sc="13" el="179" ec="14" bec="0" bev="0" fileid="1" />
                <SequencePoint vc="0" uspid="79" ordinal="21" offset="277" sl="176" sc="33" el="176" ec="35" bec="0" bev="0" fileid="1" />
                <SequencePoint vc="0" uspid="80" ordinal="22" offset="301" sl="182" sc="13" el="182" ec="73" bec="0" bev="0" fileid="1" />
                <SequencePoint vc="0" uspid="81" ordinal="23" offset="330" sl="183" sc="13" el="183" ec="58" bec="0" bev="0" fileid="1" />
                <SequencePoint vc="0" uspid="82" ordinal="24" offset="340" sl="186" sc="13" el="186" ec="83" bec="0" bev="0" fileid="1" />
                <SequencePoint vc="0" uspid="83" ordinal="25" offset="361" sl="187" sc="9" el="187" ec="10" bec="0" bev="0" fileid="1" />
              </SequencePoints>
              <BranchPoints />
              <MethodPoint xsi:type="SequencePoint" vc="0" uspid="58" ordinal="0" offset="0" sl="151" sc="9" el="151" ec="10" bec="0" bev="0" fileid="1" />
            </Method>
            <Method visited="false" cyclomaticComplexity="3" nPathComplexity="0" sequenceCoverage="0" branchCoverage="0" isConstructor="false" isStatic="false" isGetter="false" isSetter="false">
              <Summary numSequencePoints="26" visitedSequencePoints="0" numBranchPoints="1" visitedBranchPoints="0" sequenceCoverage="0" branchCoverage="0" maxCyclomaticComplexity="3" minCyclomaticComplexity="3" visitedClasses="0" numClasses="0" visitedMethods="0" numMethods="1" />
              <MetadataToken>100663300</MetadataToken>
              <Name>System.Void ORCAUnitTest.GetRecipientsUnitTest::GetRecipientsTest3()</Name>
              <FileRef uid="1" />
              <SequencePoints>
                <SequencePoint vc="0" uspid="86" ordinal="0" offset="0" sl="196" sc="9" el="196" ec="10" bec="0" bev="0" fileid="1" />
                <SequencePoint vc="0" uspid="87" ordinal="1" offset="1" sl="199" sc="13" el="199" ec="106" bec="0" bev="0" fileid="1" />
                <SequencePoint vc="0" uspid="88" ordinal="2" offset="24" sl="200" sc="13" el="200" ec="53" bec="0" bev="0" fileid="1" />
                <SequencePoint vc="0" uspid="89" ordinal="3" offset="39" sl="201" sc="13" el="201" ec="98" bec="0" bev="0" fileid="1" />
                <SequencePoint vc="0" uspid="90" ordinal="4" offset="54" sl="204" sc="13" el="204" ec="69" bec="0" bev="0" fileid="1" />
                <SequencePoint vc="0" uspid="91" ordinal="5" offset="60" sl="205" sc="13" el="205" ec="47" bec="0" bev="0" fileid="1" />
                <SequencePoint vc="0" uspid="92" ordinal="6" offset="73" sl="206" sc="13" el="206" ec="47" bec="0" bev="0" fileid="1" />
                <SequencePoint vc="0" uspid="93" ordinal="7" offset="86" sl="209" sc="13" el="209" ec="71" bec="0" bev="0" fileid="1" />
                <SequencePoint vc="0" uspid="94" ordinal="8" offset="117" sl="210" sc="13" el="210" ec="79" bec="0" bev="0" fileid="1" />
                <SequencePoint vc="0" uspid="95" ordinal="9" offset="145" sl="211" sc="13" el="211" ec="89" bec="0" bev="0" fileid="1" />
                <SequencePoint vc="0" uspid="96" ordinal="10" offset="161" sl="212" sc="13" el="212" ec="92" bec="0" bev="0" fileid="1" />
                <SequencePoint vc="0" uspid="97" ordinal="11" offset="172" sl="215" sc="13" el="215" ec="94" bec="0" bev="0" fileid="1" />
                <SequencePoint vc="0" uspid="98" ordinal="12" offset="207" sl="216" sc="13" el="216" ec="57" bec="0" bev="0" fileid="1" />
                <SequencePoint vc="0" uspid="99" ordinal="13" offset="228" sl="219" sc="13" el="219" ec="67" bec="0" bev="0" fileid="1" />
                <SequencePoint vc="0" uspid="100" ordinal="14" offset="235" sl="220" sc="13" el="220" ec="87" bec="0" bev="0" fileid="1" />
                <SequencePoint vc="0" uspid="101" ordinal="15" offset="244" sl="222" sc="13" el="222" ec="20" bec="0" bev="0" fileid="1" />
                <SequencePoint vc="0" uspid="102" ordinal="16" offset="245" sl="222" sc="36" el="222" ec="50" bec="0" bev="0" fileid="1" />
                <SequencePoint vc="0" uspid="103" ordinal="17" offset="256" sl="222" sc="22" el="222" ec="32" bec="0" bev="0" fileid="1" />
                <SequencePoint vc="0" uspid="104" ordinal="18" offset="265" sl="223" sc="13" el="223" ec="14" bec="0" bev="0" fileid="1" />
                <SequencePoint vc="0" uspid="105" ordinal="19" offset="266" sl="224" sc="17" el="224" ec="43" bec="0" bev="0" fileid="1" />
                <SequencePoint vc="0" uspid="106" ordinal="20" offset="276" sl="225" sc="13" el="225" ec="14" bec="0" bev="0" fileid="1" />
                <SequencePoint vc="0" uspid="107" ordinal="21" offset="277" sl="222" sc="33" el="222" ec="35" bec="0" bev="0" fileid="1" />
                <SequencePoint vc="0" uspid="108" ordinal="22" offset="301" sl="228" sc="13" el="228" ec="73" bec="0" bev="0" fileid="1" />
                <SequencePoint vc="0" uspid="109" ordinal="23" offset="330" sl="229" sc="13" el="229" ec="58" bec="0" bev="0" fileid="1" />
                <SequencePoint vc="0" uspid="110" ordinal="24" offset="340" sl="232" sc="13" el="232" ec="91" bec="0" bev="0" fileid="1" />
                <SequencePoint vc="0" uspid="111" ordinal="25" offset="361" sl="233" sc="9" el="233" ec="10" bec="0" bev="0" fileid="1" />
              </SequencePoints>
              <BranchPoints />
              <MethodPoint xsi:type="SequencePoint" vc="0" uspid="86" ordinal="0" offset="0" sl="196" sc="9" el="196" ec="10" bec="0" bev="0" fileid="1" />
            </Method>
            <Method visited="false" cyclomaticComplexity="3" nPathComplexity="0" sequenceCoverage="0" branchCoverage="0" isConstructor="false" isStatic="false" isGetter="false" isSetter="false">
              <Summary numSequencePoints="26" visitedSequencePoints="0" numBranchPoints="1" visitedBranchPoints="0" sequenceCoverage="0" branchCoverage="0" maxCyclomaticComplexity="3" minCyclomaticComplexity="3" visitedClasses="0" numClasses="0" visitedMethods="0" numMethods="1" />
              <MetadataToken>100663301</MetadataToken>
              <Name>System.Void ORCAUnitTest.GetRecipientsUnitTest::GetRecipientsTest4()</Name>
              <FileRef uid="1" />
              <SequencePoints>
                <SequencePoint vc="0" uspid="114" ordinal="0" offset="0" sl="243" sc="9" el="243" ec="10" bec="0" bev="0" fileid="1" />
                <SequencePoint vc="0" uspid="115" ordinal="1" offset="1" sl="246" sc="13" el="246" ec="106" bec="0" bev="0" fileid="1" />
                <SequencePoint vc="0" uspid="116" ordinal="2" offset="24" sl="247" sc="13" el="247" ec="53" bec="0" bev="0" fileid="1" />
                <SequencePoint vc="0" uspid="117" ordinal="3" offset="39" sl="248" sc="13" el="248" ec="98" bec="0" bev="0" fileid="1" />
                <SequencePoint vc="0" uspid="118" ordinal="4" offset="54" sl="251" sc="13" el="251" ec="69" bec="0" bev="0" fileid="1" />
                <SequencePoint vc="0" uspid="119" ordinal="5" offset="60" sl="252" sc="13" el="252" ec="47" bec="0" bev="0" fileid="1" />
                <SequencePoint vc="0" uspid="120" ordinal="6" offset="73" sl="253" sc="13" el="253" ec="47" bec="0" bev="0" fileid="1" />
                <SequencePoint vc="0" uspid="121" ordinal="7" offset="86" sl="256" sc="13" el="256" ec="71" bec="0" bev="0" fileid="1" />
                <SequencePoint vc="0" uspid="122" ordinal="8" offset="117" sl="257" sc="13" el="257" ec="79" bec="0" bev="0" fileid="1" />
                <SequencePoint vc="0" uspid="123" ordinal="9" offset="145" sl="258" sc="13" el="258" ec="89" bec="0" bev="0" fileid="1" />
                <SequencePoint vc="0" uspid="124" ordinal="10" offset="161" sl="259" sc="13" el="259" ec="92" bec="0" bev="0" fileid="1" />
                <SequencePoint vc="0" uspid="125" ordinal="11" offset="172" sl="262" sc="13" el="262" ec="94" bec="0" bev="0" fileid="1" />
                <SequencePoint vc="0" uspid="126" ordinal="12" offset="207" sl="263" sc="13" el="263" ec="57" bec="0" bev="0" fileid="1" />
                <SequencePoint vc="0" uspid="127" ordinal="13" offset="228" sl="266" sc="13" el="266" ec="67" bec="0" bev="0" fileid="1" />
                <SequencePoint vc="0" uspid="128" ordinal="14" offset="235" sl="267" sc="13" el="267" ec="87" bec="0" bev="0" fileid="1" />
                <SequencePoint vc="0" uspid="129" ordinal="15" offset="244" sl="269" sc="13" el="269" ec="20" bec="0" bev="0" fileid="1" />
                <SequencePoint vc="0" uspid="130" ordinal="16" offset="245" sl="269" sc="36" el="269" ec="50" bec="0" bev="0" fileid="1" />
                <SequencePoint vc="0" uspid="131" ordinal="17" offset="256" sl="269" sc="22" el="269" ec="32" bec="0" bev="0" fileid="1" />
                <SequencePoint vc="0" uspid="132" ordinal="18" offset="265" sl="270" sc="13" el="270" ec="14" bec="0" bev="0" fileid="1" />
                <SequencePoint vc="0" uspid="133" ordinal="19" offset="266" sl="271" sc="17" el="271" ec="43" bec="0" bev="0" fileid="1" />
                <SequencePoint vc="0" uspid="134" ordinal="20" offset="276" sl="272" sc="13" el="272" ec="14" bec="0" bev="0" fileid="1" />
                <SequencePoint vc="0" uspid="135" ordinal="21" offset="277" sl="269" sc="33" el="269" ec="35" bec="0" bev="0" fileid="1" />
                <SequencePoint vc="0" uspid="136" ordinal="22" offset="301" sl="275" sc="13" el="275" ec="73" bec="0" bev="0" fileid="1" />
                <SequencePoint vc="0" uspid="137" ordinal="23" offset="330" sl="276" sc="13" el="276" ec="58" bec="0" bev="0" fileid="1" />
                <SequencePoint vc="0" uspid="138" ordinal="24" offset="340" sl="279" sc="13" el="279" ec="83" bec="0" bev="0" fileid="1" />
                <SequencePoint vc="0" uspid="139" ordinal="25" offset="361" sl="280" sc="9" el="280" ec="10" bec="0" bev="0" fileid="1" />
              </SequencePoints>
              <BranchPoints />
              <MethodPoint xsi:type="SequencePoint" vc="0" uspid="114" ordinal="0" offset="0" sl="243" sc="9" el="243" ec="10" bec="0" bev="0" fileid="1" />
            </Method>
            <Method visited="false" cyclomaticComplexity="1" nPathComplexity="0" sequenceCoverage="0" branchCoverage="0" isConstructor="false" isStatic="false" isGetter="false" isSetter="false">
              <Summary numSequencePoints="16" visitedSequencePoints="0" numBranchPoints="1" visitedBranchPoints="0" sequenceCoverage="0" branchCoverage="0" maxCyclomaticComplexity="1" minCyclomaticComplexity="1" visitedClasses="0" numClasses="0" visitedMethods="0" numMethods="1" />
              <MetadataToken>100663302</MetadataToken>
              <Name>System.Void ORCAUnitTest.GetRecipientsUnitTest::GetRecipientsTest5()</Name>
              <FileRef uid="1" />
              <SequencePoints>
                <SequencePoint vc="0" uspid="142" ordinal="0" offset="0" sl="289" sc="9" el="289" ec="10" bec="0" bev="0" fileid="1" />
                <SequencePoint vc="0" uspid="143" ordinal="1" offset="1" sl="291" sc="13" el="291" ec="106" bec="0" bev="0" fileid="1" />
                <SequencePoint vc="0" uspid="144" ordinal="2" offset="24" sl="292" sc="13" el="292" ec="53" bec="0" bev="0" fileid="1" />
                <SequencePoint vc="0" uspid="145" ordinal="3" offset="39" sl="293" sc="13" el="293" ec="98" bec="0" bev="0" fileid="1" />
                <SequencePoint vc="0" uspid="146" ordinal="4" offset="54" sl="296" sc="13" el="296" ec="69" bec="0" bev="0" fileid="1" />
                <SequencePoint vc="0" uspid="147" ordinal="5" offset="60" sl="297" sc="13" el="297" ec="47" bec="0" bev="0" fileid="1" />
                <SequencePoint vc="0" uspid="148" ordinal="6" offset="73" sl="298" sc="13" el="298" ec="47" bec="0" bev="0" fileid="1" />
                <SequencePoint vc="0" uspid="149" ordinal="7" offset="86" sl="301" sc="13" el="301" ec="71" bec="0" bev="0" fileid="1" />
                <SequencePoint vc="0" uspid="150" ordinal="8" offset="117" sl="302" sc="13" el="302" ec="79" bec="0" bev="0" fileid="1" />
                <SequencePoint vc="0" uspid="151" ordinal="9" offset="145" sl="303" sc="13" el="303" ec="89" bec="0" bev="0" fileid="1" />
                <SequencePoint vc="0" uspid="152" ordinal="10" offset="161" sl="304" sc="13" el="304" ec="92" bec="0" bev="0" fileid="1" />
                <SequencePoint vc="0" uspid="153" ordinal="11" offset="172" sl="307" sc="13" el="307" ec="93" bec="0" bev="0" fileid="1" />
                <SequencePoint vc="0" uspid="154" ordinal="12" offset="207" sl="308" sc="13" el="308" ec="57" bec="0" bev="0" fileid="1" />
                <SequencePoint vc="0" uspid="155" ordinal="13" offset="228" sl="311" sc="13" el="311" ec="38" bec="0" bev="0" fileid="1" />
                <SequencePoint vc="0" uspid="156" ordinal="14" offset="236" sl="314" sc="13" el="314" ec="91" bec="0" bev="0" fileid="1" />
                <SequencePoint vc="0" uspid="157" ordinal="15" offset="257" sl="315" sc="9" el="315" ec="10" bec="0" bev="0" fileid="1" />
              </SequencePoints>
              <BranchPoints />
              <MethodPoint xsi:type="SequencePoint" vc="0" uspid="142" ordinal="0" offset="0" sl="289" sc="9" el="289" ec="10" bec="0" bev="0" fileid="1" />
            </Method>
            <Method visited="false" cyclomaticComplexity="3" nPathComplexity="0" sequenceCoverage="0" branchCoverage="0" isConstructor="false" isStatic="false" isGetter="false" isSetter="false">
              <Summary numSequencePoints="32" visitedSequencePoints="0" numBranchPoints="1" visitedBranchPoints="0" sequenceCoverage="0" branchCoverage="0" maxCyclomaticComplexity="3" minCyclomaticComplexity="3" visitedClasses="0" numClasses="0" visitedMethods="0" numMethods="1" />
              <MetadataToken>100663303</MetadataToken>
              <Name>System.Void ORCAUnitTest.GetRecipientsUnitTest::GetRecipientsTest6()</Name>
              <FileRef uid="1" />
              <SequencePoints>
                <SequencePoint vc="0" uspid="158" ordinal="0" offset="0" sl="323" sc="9" el="323" ec="10" bec="0" bev="0" fileid="1" />
                <SequencePoint vc="0" uspid="159" ordinal="1" offset="1" sl="325" sc="13" el="325" ec="49" bec="0" bev="0" fileid="1" />
                <SequencePoint vc="0" uspid="160" ordinal="2" offset="27" sl="326" sc="13" el="326" ec="95" bec="0" bev="0" fileid="1" />
                <SequencePoint vc="0" uspid="161" ordinal="3" offset="49" sl="330" sc="13" el="330" ec="160" bec="0" bev="0" fileid="1" />
                <SequencePoint vc="0" uspid="162" ordinal="4" offset="89" sl="331" sc="13" el="331" ec="66" bec="0" bev="0" fileid="1" />
                <SequencePoint vc="0" uspid="163" ordinal="5" offset="107" sl="332" sc="13" el="332" ec="170" bec="0" bev="0" fileid="1" />
                <SequencePoint vc="0" uspid="164" ordinal="6" offset="126" sl="335" sc="13" el="335" ec="75" bec="0" bev="0" fileid="1" />
                <SequencePoint vc="0" uspid="165" ordinal="7" offset="157" sl="336" sc="13" el="336" ec="93" bec="0" bev="0" fileid="1" />
                <SequencePoint vc="0" uspid="166" ordinal="8" offset="174" sl="339" sc="13" el="339" ec="69" bec="0" bev="0" fileid="1" />
                <SequencePoint vc="0" uspid="167" ordinal="9" offset="181" sl="342" sc="13" el="342" ec="75" bec="0" bev="0" fileid="1" />
                <SequencePoint vc="0" uspid="168" ordinal="10" offset="209" sl="343" sc="13" el="343" ec="49" bec="0" bev="0" fileid="1" />
                <SequencePoint vc="0" uspid="169" ordinal="11" offset="233" sl="344" sc="13" el="344" ec="70" bec="0" bev="0" fileid="1" />
                <SequencePoint vc="0" uspid="170" ordinal="12" offset="257" sl="345" sc="13" el="345" ec="47" bec="0" bev="0" fileid="1" />
                <SequencePoint vc="0" uspid="171" ordinal="13" offset="271" sl="348" sc="13" el="348" ec="75" bec="0" bev="0" fileid="1" />
                <SequencePoint vc="0" uspid="172" ordinal="14" offset="299" sl="349" sc="13" el="349" ec="49" bec="0" bev="0" fileid="1" />
                <SequencePoint vc="0" uspid="173" ordinal="15" offset="323" sl="350" sc="13" el="350" ec="71" bec="0" bev="0" fileid="1" />
                <SequencePoint vc="0" uspid="174" ordinal="16" offset="347" sl="351" sc="13" el="351" ec="47" bec="0" bev="0" fileid="1" />
                <SequencePoint vc="0" uspid="175" ordinal="17" offset="361" sl="354" sc="13" el="354" ec="98" bec="0" bev="0" fileid="1" />
                <SequencePoint vc="0" uspid="176" ordinal="18" offset="396" sl="355" sc="13" el="355" ec="57" bec="0" bev="0" fileid="1" />
                <SequencePoint vc="0" uspid="177" ordinal="19" offset="417" sl="358" sc="13" el="358" ec="67" bec="0" bev="0" fileid="1" />
                <SequencePoint vc="0" uspid="178" ordinal="20" offset="424" sl="359" sc="13" el="359" ec="87" bec="0" bev="0" fileid="1" />
                <SequencePoint vc="0" uspid="179" ordinal="21" offset="433" sl="361" sc="13" el="361" ec="20" bec="0" bev="0" fileid="1" />
                <SequencePoint vc="0" uspid="180" ordinal="22" offset="434" sl="361" sc="36" el="361" ec="50" bec="0" bev="0" fileid="1" />
                <SequencePoint vc="0" uspid="181" ordinal="23" offset="445" sl="361" sc="22" el="361" ec="32" bec="0" bev="0" fileid="1" />
                <SequencePoint vc="0" uspid="182" ordinal="24" offset="454" sl="362" sc="13" el="362" ec="14" bec="0" bev="0" fileid="1" />
                <SequencePoint vc="0" uspid="183" ordinal="25" offset="455" sl="363" sc="17" el="363" ec="43" bec="0" bev="0" fileid="1" />
                <SequencePoint vc="0" uspid="184" ordinal="26" offset="465" sl="364" sc="13" el="364" ec="14" bec="0" bev="0" fileid="1" />
                <SequencePoint vc="0" uspid="185" ordinal="27" offset="466" sl="361" sc="33" el="361" ec="35" bec="0" bev="0" fileid="1" />
                <SequencePoint vc="0" uspid="186" ordinal="28" offset="490" sl="367" sc="13" el="367" ec="98" bec="0" bev="0" fileid="1" />
                <SequencePoint vc="0" uspid="187" ordinal="29" offset="518" sl="368" sc="13" el="368" ec="58" bec="0" bev="0" fileid="1" />
                <SequencePoint vc="0" uspid="188" ordinal="30" offset="529" sl="371" sc="13" el="371" ec="87" bec="0" bev="0" fileid="1" />
                <SequencePoint vc="0" uspid="189" ordinal="31" offset="550" sl="372" sc="9" el="372" ec="10" bec="0" bev="0" fileid="1" />
              </SequencePoints>
              <BranchPoints />
              <MethodPoint xsi:type="SequencePoint" vc="0" uspid="158" ordinal="0" offset="0" sl="323" sc="9" el="323" ec="10" bec="0" bev="0" fileid="1" />
            </Method>
            <Method visited="false" cyclomaticComplexity="3" nPathComplexity="0" sequenceCoverage="0" branchCoverage="0" isConstructor="false" isStatic="false" isGetter="false" isSetter="false">
              <Summary numSequencePoints="32" visitedSequencePoints="0" numBranchPoints="1" visitedBranchPoints="0" sequenceCoverage="0" branchCoverage="0" maxCyclomaticComplexity="3" minCyclomaticComplexity="3" visitedClasses="0" numClasses="0" visitedMethods="0" numMethods="1" />
              <MetadataToken>100663304</MetadataToken>
              <Name>System.Void ORCAUnitTest.GetRecipientsUnitTest::GetRecipientsTest7()</Name>
              <FileRef uid="1" />
              <SequencePoints>
                <SequencePoint vc="0" uspid="192" ordinal="0" offset="0" sl="380" sc="9" el="380" ec="10" bec="0" bev="0" fileid="1" />
                <SequencePoint vc="0" uspid="193" ordinal="1" offset="1" sl="382" sc="13" el="382" ec="49" bec="0" bev="0" fileid="1" />
                <SequencePoint vc="0" uspid="194" ordinal="2" offset="27" sl="383" sc="13" el="383" ec="95" bec="0" bev="0" fileid="1" />
                <SequencePoint vc="0" uspid="195" ordinal="3" offset="49" sl="387" sc="13" el="387" ec="127" bec="0" bev="0" fileid="1" />
                <SequencePoint vc="0" uspid="196" ordinal="4" offset="81" sl="388" sc="13" el="388" ec="59" bec="0" bev="0" fileid="1" />
                <SequencePoint vc="0" uspid="197" ordinal="5" offset="99" sl="389" sc="13" el="389" ec="137" bec="0" bev="0" fileid="1" />
                <SequencePoint vc="0" uspid="198" ordinal="6" offset="115" sl="392" sc="13" el="392" ec="75" bec="0" bev="0" fileid="1" />
                <SequencePoint vc="0" uspid="199" ordinal="7" offset="146" sl="393" sc="13" el="393" ec="93" bec="0" bev="0" fileid="1" />
                <SequencePoint vc="0" uspid="200" ordinal="8" offset="163" sl="396" sc="13" el="396" ec="98" bec="0" bev="0" fileid="1" />
                <SequencePoint vc="0" uspid="201" ordinal="9" offset="198" sl="397" sc="13" el="397" ec="57" bec="0" bev="0" fileid="1" />
                <SequencePoint vc="0" uspid="202" ordinal="10" offset="219" sl="400" sc="13" el="400" ec="67" bec="0" bev="0" fileid="1" />
                <SequencePoint vc="0" uspid="203" ordinal="11" offset="226" sl="401" sc="13" el="401" ec="87" bec="0" bev="0" fileid="1" />
                <SequencePoint vc="0" uspid="204" ordinal="12" offset="235" sl="403" sc="13" el="403" ec="20" bec="0" bev="0" fileid="1" />
                <SequencePoint vc="0" uspid="205" ordinal="13" offset="236" sl="403" sc="36" el="403" ec="50" bec="0" bev="0" fileid="1" />
                <SequencePoint vc="0" uspid="206" ordinal="14" offset="247" sl="403" sc="22" el="403" ec="32" bec="0" bev="0" fileid="1" />
                <SequencePoint vc="0" uspid="207" ordinal="15" offset="256" sl="404" sc="13" el="404" ec="14" bec="0" bev="0" fileid="1" />
                <SequencePoint vc="0" uspid="208" ordinal="16" offset="257" sl="405" sc="17" el="405" ec="43" bec="0" bev="0" fileid="1" />
                <SequencePoint vc="0" uspid="209" ordinal="17" offset="267" sl="406" sc="13" el="406" ec="14" bec="0" bev="0" fileid="1" />
                <SequencePoint vc="0" uspid="210" ordinal="18" offset="268" sl="403" sc="33" el="403" ec="35" bec="0" bev="0" fileid="1" />
                <SequencePoint vc="0" uspid="211" ordinal="19" offset="292" sl="409" sc="13" el="409" ec="69" bec="0" bev="0" fileid="1" />
                <SequencePoint vc="0" uspid="212" ordinal="20" offset="299" sl="412" sc="13" el="412" ec="75" bec="0" bev="0" fileid="1" />
                <SequencePoint vc="0" uspid="213" ordinal="21" offset="327" sl="413" sc="13" el="413" ec="49" bec="0" bev="0" fileid="1" />
                <SequencePoint vc="0" uspid="214" ordinal="22" offset="351" sl="414" sc="13" el="414" ec="70" bec="0" bev="0" fileid="1" />
                <SequencePoint vc="0" uspid="215" ordinal="23" offset="375" sl="415" sc="13" el="415" ec="47" bec="0" bev="0" fileid="1" />
                <SequencePoint vc="0" uspid="216" ordinal="24" offset="389" sl="418" sc="13" el="418" ec="75" bec="0" bev="0" fileid="1" />
                <SequencePoint vc="0" uspid="217" ordinal="25" offset="417" sl="419" sc="13" el="419" ec="49" bec="0" bev="0" fileid="1" />
                <SequencePoint vc="0" uspid="218" ordinal="26" offset="441" sl="420" sc="13" el="420" ec="70" bec="0" bev="0" fileid="1" />
                <SequencePoint vc="0" uspid="219" ordinal="27" offset="465" sl="421" sc="13" el="421" ec="47" bec="0" bev="0" fileid="1" />
                <SequencePoint vc="0" uspid="220" ordinal="28" offset="479" sl="424" sc="13" el="424" ec="98" bec="0" bev="0" fileid="1" />
                <SequencePoint vc="0" uspid="221" ordinal="29" offset="507" sl="425" sc="13" el="425" ec="58" bec="0" bev="0" fileid="1" />
                <SequencePoint vc="0" uspid="222" ordinal="30" offset="518" sl="428" sc="13" el="428" ec="87" bec="0" bev="0" fileid="1" />
                <SequencePoint vc="0" uspid="223" ordinal="31" offset="539" sl="429" sc="9" el="429" ec="10" bec="0" bev="0" fileid="1" />
              </SequencePoints>
              <BranchPoints />
              <MethodPoint xsi:type="SequencePoint" vc="0" uspid="192" ordinal="0" offset="0" sl="380" sc="9" el="380" ec="10" bec="0" bev="0" fileid="1" />
            </Method>
            <Method visited="false" cyclomaticComplexity="3" nPathComplexity="0" sequenceCoverage="0" branchCoverage="0" isConstructor="false" isStatic="false" isGetter="false" isSetter="false">
              <Summary numSequencePoints="25" visitedSequencePoints="0" numBranchPoints="1" visitedBranchPoints="0" sequenceCoverage="0" branchCoverage="0" maxCyclomaticComplexity="3" minCyclomaticComplexity="3" visitedClasses="0" numClasses="0" visitedMethods="0" numMethods="1" />
              <MetadataToken>100663305</MetadataToken>
              <Name>System.Void ORCAUnitTest.GetRecipientsUnitTest::GetRecipientsTest8()</Name>
              <FileRef uid="1" />
              <SequencePoints>
                <SequencePoint vc="0" uspid="226" ordinal="0" offset="0" sl="437" sc="9" el="437" ec="10" bec="0" bev="0" fileid="1" />
                <SequencePoint vc="0" uspid="227" ordinal="1" offset="1" sl="439" sc="13" el="439" ec="106" bec="0" bev="0" fileid="1" />
                <SequencePoint vc="0" uspid="228" ordinal="2" offset="24" sl="440" sc="13" el="440" ec="53" bec="0" bev="0" fileid="1" />
                <SequencePoint vc="0" uspid="229" ordinal="3" offset="39" sl="441" sc="13" el="441" ec="98" bec="0" bev="0" fileid="1" />
                <SequencePoint vc="0" uspid="230" ordinal="4" offset="54" sl="444" sc="13" el="444" ec="69" bec="0" bev="0" fileid="1" />
                <SequencePoint vc="0" uspid="231" ordinal="5" offset="60" sl="445" sc="13" el="445" ec="47" bec="0" bev="0" fileid="1" />
                <SequencePoint vc="0" uspid="232" ordinal="6" offset="73" sl="446" sc="13" el="446" ec="47" bec="0" bev="0" fileid="1" />
                <SequencePoint vc="0" uspid="233" ordinal="7" offset="86" sl="449" sc="13" el="449" ec="71" bec="0" bev="0" fileid="1" />
                <SequencePoint vc="0" uspid="234" ordinal="8" offset="117" sl="450" sc="13" el="450" ec="89" bec="0" bev="0" fileid="1" />
                <SequencePoint vc="0" uspid="235" ordinal="9" offset="133" sl="451" sc="13" el="451" ec="92" bec="0" bev="0" fileid="1" />
                <SequencePoint vc="0" uspid="236" ordinal="10" offset="144" sl="454" sc="13" el="454" ec="94" bec="0" bev="0" fileid="1" />
                <SequencePoint vc="0" uspid="237" ordinal="11" offset="179" sl="455" sc="13" el="455" ec="57" bec="0" bev="0" fileid="1" />
                <SequencePoint vc="0" uspid="238" ordinal="12" offset="200" sl="457" sc="13" el="457" ec="67" bec="0" bev="0" fileid="1" />
                <SequencePoint vc="0" uspid="239" ordinal="13" offset="207" sl="458" sc="13" el="458" ec="87" bec="0" bev="0" fileid="1" />
                <SequencePoint vc="0" uspid="240" ordinal="14" offset="216" sl="460" sc="13" el="460" ec="20" bec="0" bev="0" fileid="1" />
                <SequencePoint vc="0" uspid="241" ordinal="15" offset="217" sl="460" sc="36" el="460" ec="50" bec="0" bev="0" fileid="1" />
                <SequencePoint vc="0" uspid="242" ordinal="16" offset="228" sl="460" sc="22" el="460" ec="32" bec="0" bev="0" fileid="1" />
                <SequencePoint vc="0" uspid="243" ordinal="17" offset="237" sl="461" sc="13" el="461" ec="14" bec="0" bev="0" fileid="1" />
                <SequencePoint vc="0" uspid="244" ordinal="18" offset="238" sl="462" sc="17" el="462" ec="43" bec="0" bev="0" fileid="1" />
                <SequencePoint vc="0" uspid="245" ordinal="19" offset="248" sl="463" sc="13" el="463" ec="14" bec="0" bev="0" fileid="1" />
                <SequencePoint vc="0" uspid="246" ordinal="20" offset="249" sl="460" sc="33" el="460" ec="35" bec="0" bev="0" fileid="1" />
                <SequencePoint vc="0" uspid="247" ordinal="21" offset="273" sl="466" sc="13" el="466" ec="73" bec="0" bev="0" fileid="1" />
                <SequencePoint vc="0" uspid="248" ordinal="22" offset="302" sl="467" sc="13" el="467" ec="58" bec="0" bev="0" fileid="1" />
                <SequencePoint vc="0" uspid="249" ordinal="23" offset="312" sl="470" sc="13" el="470" ec="83" bec="0" bev="0" fileid="1" />
                <SequencePoint vc="0" uspid="250" ordinal="24" offset="333" sl="472" sc="9" el="472" ec="10" bec="0" bev="0" fileid="1" />
              </SequencePoints>
              <BranchPoints />
              <MethodPoint xsi:type="SequencePoint" vc="0" uspid="226" ordinal="0" offset="0" sl="437" sc="9" el="437" ec="10" bec="0" bev="0" fileid="1" />
            </Method>
            <Method visited="false" cyclomaticComplexity="3" nPathComplexity="0" sequenceCoverage="0" branchCoverage="0" isConstructor="false" isStatic="false" isGetter="false" isSetter="false">
              <Summary numSequencePoints="27" visitedSequencePoints="0" numBranchPoints="1" visitedBranchPoints="0" sequenceCoverage="0" branchCoverage="0" maxCyclomaticComplexity="3" minCyclomaticComplexity="3" visitedClasses="0" numClasses="0" visitedMethods="0" numMethods="1" />
              <MetadataToken>100663306</MetadataToken>
              <Name>System.Void ORCAUnitTest.GetRecipientsUnitTest::GetRecipientsTest9()</Name>
              <FileRef uid="1" />
              <SequencePoints>
                <SequencePoint vc="0" uspid="253" ordinal="0" offset="0" sl="480" sc="9" el="480" ec="10" bec="0" bev="0" fileid="1" />
                <SequencePoint vc="0" uspid="254" ordinal="1" offset="1" sl="482" sc="13" el="482" ec="106" bec="0" bev="0" fileid="1" />
                <SequencePoint vc="0" uspid="255" ordinal="2" offset="24" sl="483" sc="13" el="483" ec="53" bec="0" bev="0" fileid="1" />
                <SequencePoint vc="0" uspid="256" ordinal="3" offset="39" sl="484" sc="13" el="484" ec="98" bec="0" bev="0" fileid="1" />
                <SequencePoint vc="0" uspid="257" ordinal="4" offset="54" sl="487" sc="13" el="487" ec="69" bec="0" bev="0" fileid="1" />
                <SequencePoint vc="0" uspid="258" ordinal="5" offset="60" sl="488" sc="13" el="488" ec="47" bec="0" bev="0" fileid="1" />
                <SequencePoint vc="0" uspid="259" ordinal="6" offset="73" sl="489" sc="13" el="489" ec="47" bec="0" bev="0" fileid="1" />
                <SequencePoint vc="0" uspid="260" ordinal="7" offset="86" sl="491" sc="13" el="491" ec="54" bec="0" bev="0" fileid="1" />
                <SequencePoint vc="0" uspid="261" ordinal="8" offset="115" sl="498" sc="13" el="498" ec="60" bec="0" bev="0" fileid="1" />
                <SequencePoint vc="0" uspid="262" ordinal="9" offset="128" sl="499" sc="13" el="499" ec="47" bec="0" bev="0" fileid="1" />
                <SequencePoint vc="0" uspid="263" ordinal="10" offset="153" sl="500" sc="13" el="500" ec="76" bec="0" bev="0" fileid="1" />
                <SequencePoint vc="0" uspid="264" ordinal="11" offset="183" sl="504" sc="13" el="504" ec="93" bec="0" bev="0" fileid="1" />
                <SequencePoint vc="0" uspid="265" ordinal="12" offset="218" sl="505" sc="13" el="505" ec="57" bec="0" bev="0" fileid="1" />
                <SequencePoint vc="0" uspid="266" ordinal="13" offset="239" sl="508" sc="13" el="508" ec="67" bec="0" bev="0" fileid="1" />
                <SequencePoint vc="0" uspid="267" ordinal="14" offset="246" sl="509" sc="13" el="509" ec="87" bec="0" bev="0" fileid="1" />
                <SequencePoint vc="0" uspid="268" ordinal="15" offset="255" sl="510" sc="13" el="510" ec="20" bec="0" bev="0" fileid="1" />
                <SequencePoint vc="0" uspid="269" ordinal="16" offset="256" sl="510" sc="36" el="510" ec="50" bec="0" bev="0" fileid="1" />
                <SequencePoint vc="0" uspid="270" ordinal="17" offset="267" sl="510" sc="22" el="510" ec="32" bec="0" bev="0" fileid="1" />
                <SequencePoint vc="0" uspid="271" ordinal="18" offset="276" sl="511" sc="13" el="511" ec="14" bec="0" bev="0" fileid="1" />
                <SequencePoint vc="0" uspid="272" ordinal="19" offset="277" sl="512" sc="17" el="512" ec="43" bec="0" bev="0" fileid="1" />
                <SequencePoint vc="0" uspid="273" ordinal="20" offset="287" sl="513" sc="13" el="513" ec="14" bec="0" bev="0" fileid="1" />
                <SequencePoint vc="0" uspid="274" ordinal="21" offset="288" sl="510" sc="33" el="510" ec="35" bec="0" bev="0" fileid="1" />
                <SequencePoint vc="0" uspid="275" ordinal="22" offset="312" sl="515" sc="13" el="515" ec="92" bec="0" bev="0" fileid="1" />
                <SequencePoint vc="0" uspid="276" ordinal="23" offset="323" sl="518" sc="13" el="518" ec="73" bec="0" bev="0" fileid="1" />
                <SequencePoint vc="0" uspid="277" ordinal="24" offset="352" sl="519" sc="13" el="519" ec="58" bec="0" bev="0" fileid="1" />
                <SequencePoint vc="0" uspid="278" ordinal="25" offset="362" sl="522" sc="13" el="522" ec="82" bec="0" bev="0" fileid="1" />
                <SequencePoint vc="0" uspid="279" ordinal="26" offset="383" sl="524" sc="9" el="524" ec="10" bec="0" bev="0" fileid="1" />
              </SequencePoints>
              <BranchPoints />
              <MethodPoint xsi:type="SequencePoint" vc="0" uspid="253" ordinal="0" offset="0" sl="480" sc="9" el="480" ec="10" bec="0" bev="0" fileid="1" />
            </Method>
            <Method visited="false" cyclomaticComplexity="9" nPathComplexity="16" sequenceCoverage="0" branchCoverage="0" isConstructor="false" isStatic="false" isGetter="false" isSetter="false">
              <Summary numSequencePoints="59" visitedSequencePoints="0" numBranchPoints="9" visitedBranchPoints="0" sequenceCoverage="0" branchCoverage="0" maxCyclomaticComplexity="9" minCyclomaticComplexity="9" visitedClasses="0" numClasses="0" visitedMethods="0" numMethods="1" />
              <MetadataToken>100663307</MetadataToken>
              <Name>System.Void ORCAUnitTest.GetRecipientsUnitTest::SubstituteRecProps(System.String[],System.Boolean[],System.Int32[],System.Object)</Name>
              <FileRef uid="1" />
              <SequencePoints>
                <SequencePoint vc="0" uspid="282" ordinal="0" offset="0" sl="534" sc="9" el="534" ec="10" bec="0" bev="0" fileid="1" />
                <SequencePoint vc="0" uspid="283" ordinal="1" offset="1" sl="536" sc="13" el="536" ec="23" bec="0" bev="0" fileid="1" />
                <SequencePoint vc="0" uspid="284" ordinal="2" offset="3" sl="538" sc="13" el="538" ec="34" bec="2" bev="0" fileid="1" />
                <SequencePoint vc="0" uspid="285" ordinal="3" offset="20" sl="539" sc="13" el="539" ec="14" bec="0" bev="0" fileid="1" />
                <SequencePoint vc="0" uspid="286" ordinal="4" offset="21" sl="540" sc="17" el="540" ec="52" bec="0" bev="0" fileid="1" />
                <SequencePoint vc="0" uspid="287" ordinal="5" offset="29" sl="542" sc="17" el="542" ec="24" bec="0" bev="0" fileid="1" />
                <SequencePoint vc="0" uspid="288" ordinal="6" offset="30" sl="542" sc="44" el="542" ec="56" bec="0" bev="0" fileid="1" />
                <SequencePoint vc="0" uspid="289" ordinal="7" offset="40" sl="542" sc="26" el="542" ec="40" bec="0" bev="0" fileid="1" />
                <SequencePoint vc="0" uspid="290" ordinal="8" offset="46" sl="543" sc="17" el="543" ec="18" bec="0" bev="0" fileid="1" />
                <SequencePoint vc="0" uspid="291" ordinal="9" offset="47" sl="545" sc="21" el="545" ec="81" bec="0" bev="0" fileid="1" />
                <SequencePoint vc="0" uspid="292" ordinal="10" offset="86" sl="546" sc="21" el="546" ec="85" bec="0" bev="0" fileid="1" />
                <SequencePoint vc="0" uspid="293" ordinal="11" offset="125" sl="547" sc="21" el="547" ec="77" bec="0" bev="0" fileid="1" />
                <SequencePoint vc="0" uspid="294" ordinal="12" offset="164" sl="549" sc="21" el="549" ec="25" bec="0" bev="0" fileid="1" />
                <SequencePoint vc="0" uspid="295" ordinal="13" offset="168" sl="550" sc="17" el="550" ec="18" bec="0" bev="0" fileid="1" />
                <SequencePoint vc="0" uspid="296" ordinal="14" offset="175" sl="542" sc="41" el="542" ec="43" bec="0" bev="0" fileid="1" />
                <SequencePoint vc="0" uspid="297" ordinal="15" offset="185" sl="551" sc="13" el="551" ec="14" bec="0" bev="0" fileid="1" />
                <SequencePoint vc="0" uspid="298" ordinal="16" offset="191" sl="552" sc="18" el="552" ec="42" bec="2" bev="0" fileid="1" />
                <SequencePoint vc="0" uspid="299" ordinal="17" offset="210" sl="553" sc="13" el="553" ec="14" bec="0" bev="0" fileid="1" />
                <SequencePoint vc="0" uspid="300" ordinal="18" offset="211" sl="554" sc="17" el="554" ec="58" bec="0" bev="0" fileid="1" />
                <SequencePoint vc="0" uspid="301" ordinal="19" offset="220" sl="556" sc="17" el="556" ec="24" bec="0" bev="0" fileid="1" />
                <SequencePoint vc="0" uspid="302" ordinal="20" offset="221" sl="556" sc="44" el="556" ec="56" bec="0" bev="0" fileid="1" />
                <SequencePoint vc="0" uspid="303" ordinal="21" offset="232" sl="556" sc="26" el="556" ec="40" bec="0" bev="0" fileid="1" />
                <SequencePoint vc="0" uspid="304" ordinal="22" offset="239" sl="557" sc="17" el="557" ec="18" bec="0" bev="0" fileid="1" />
                <SequencePoint vc="0" uspid="305" ordinal="23" offset="240" sl="559" sc="21" el="559" ec="81" bec="0" bev="0" fileid="1" />
                <SequencePoint vc="0" uspid="306" ordinal="24" offset="280" sl="560" sc="21" el="560" ec="85" bec="0" bev="0" fileid="1" />
                <SequencePoint vc="0" uspid="307" ordinal="25" offset="320" sl="561" sc="21" el="561" ec="77" bec="0" bev="0" fileid="1" />
                <SequencePoint vc="0" uspid="308" ordinal="26" offset="360" sl="563" sc="21" el="563" ec="25" bec="0" bev="0" fileid="1" />
                <SequencePoint vc="0" uspid="309" ordinal="27" offset="364" sl="564" sc="17" el="564" ec="18" bec="0" bev="0" fileid="1" />
                <SequencePoint vc="0" uspid="310" ordinal="28" offset="371" sl="556" sc="41" el="556" ec="43" bec="0" bev="0" fileid="1" />
                <SequencePoint vc="0" uspid="311" ordinal="29" offset="382" sl="565" sc="13" el="565" ec="14" bec="0" bev="0" fileid="1" />
                <SequencePoint vc="0" uspid="312" ordinal="30" offset="388" sl="566" sc="18" el="566" ec="46" bec="2" bev="0" fileid="1" />
                <SequencePoint vc="0" uspid="313" ordinal="31" offset="407" sl="567" sc="13" el="567" ec="14" bec="0" bev="0" fileid="1" />
                <SequencePoint vc="0" uspid="314" ordinal="32" offset="408" sl="568" sc="17" el="568" ec="66" bec="0" bev="0" fileid="1" />
                <SequencePoint vc="0" uspid="315" ordinal="33" offset="417" sl="570" sc="17" el="570" ec="24" bec="0" bev="0" fileid="1" />
                <SequencePoint vc="0" uspid="316" ordinal="34" offset="418" sl="570" sc="44" el="570" ec="56" bec="0" bev="0" fileid="1" />
                <SequencePoint vc="0" uspid="317" ordinal="35" offset="429" sl="570" sc="26" el="570" ec="40" bec="0" bev="0" fileid="1" />
                <SequencePoint vc="0" uspid="318" ordinal="36" offset="436" sl="571" sc="17" el="571" ec="18" bec="0" bev="0" fileid="1" />
                <SequencePoint vc="0" uspid="319" ordinal="37" offset="437" sl="573" sc="21" el="573" ec="81" bec="0" bev="0" fileid="1" />
                <SequencePoint vc="0" uspid="320" ordinal="38" offset="477" sl="574" sc="21" el="574" ec="85" bec="0" bev="0" fileid="1" />
                <SequencePoint vc="0" uspid="321" ordinal="39" offset="517" sl="575" sc="21" el="575" ec="77" bec="0" bev="0" fileid="1" />
                <SequencePoint vc="0" uspid="322" ordinal="40" offset="557" sl="577" sc="21" el="577" ec="25" bec="0" bev="0" fileid="1" />
                <SequencePoint vc="0" uspid="323" ordinal="41" offset="561" sl="578" sc="17" el="578" ec="18" bec="0" bev="0" fileid="1" />
                <SequencePoint vc="0" uspid="324" ordinal="42" offset="568" sl="570" sc="41" el="570" ec="43" bec="0" bev="0" fileid="1" />
                <SequencePoint vc="0" uspid="325" ordinal="43" offset="579" sl="580" sc="13" el="580" ec="14" bec="0" bev="0" fileid="1" />
                <SequencePoint vc="0" uspid="326" ordinal="44" offset="585" sl="581" sc="18" el="581" ec="42" bec="2" bev="0" fileid="1" />
                <SequencePoint vc="0" uspid="327" ordinal="45" offset="604" sl="582" sc="13" el="582" ec="14" bec="0" bev="0" fileid="1" />
                <SequencePoint vc="0" uspid="328" ordinal="46" offset="605" sl="583" sc="17" el="583" ec="58" bec="0" bev="0" fileid="1" />
                <SequencePoint vc="0" uspid="329" ordinal="47" offset="614" sl="585" sc="17" el="585" ec="24" bec="0" bev="0" fileid="1" />
                <SequencePoint vc="0" uspid="330" ordinal="48" offset="615" sl="585" sc="44" el="585" ec="56" bec="0" bev="0" fileid="1" />
                <SequencePoint vc="0" uspid="331" ordinal="49" offset="626" sl="585" sc="26" el="585" ec="40" bec="0" bev="0" fileid="1" />
                <SequencePoint vc="0" uspid="332" ordinal="50" offset="633" sl="586" sc="17" el="586" ec="18" bec="0" bev="0" fileid="1" />
                <SequencePoint vc="0" uspid="333" ordinal="51" offset="634" sl="588" sc="21" el="588" ec="81" bec="0" bev="0" fileid="1" />
                <SequencePoint vc="0" uspid="334" ordinal="52" offset="674" sl="589" sc="21" el="589" ec="85" bec="0" bev="0" fileid="1" />
                <SequencePoint vc="0" uspid="335" ordinal="53" offset="714" sl="590" sc="21" el="590" ec="77" bec="0" bev="0" fileid="1" />
                <SequencePoint vc="0" uspid="336" ordinal="54" offset="754" sl="592" sc="21" el="592" ec="25" bec="0" bev="0" fileid="1" />
                <SequencePoint vc="0" uspid="337" ordinal="55" offset="758" sl="593" sc="17" el="593" ec="18" bec="0" bev="0" fileid="1" />
                <SequencePoint vc="0" uspid="338" ordinal="56" offset="765" sl="585" sc="41" el="585" ec="43" bec="0" bev="0" fileid="1" />
                <SequencePoint vc="0" uspid="339" ordinal="57" offset="776" sl="594" sc="13" el="594" ec="14" bec="0" bev="0" fileid="1" />
                <SequencePoint vc="0" uspid="340" ordinal="58" offset="777" sl="611" sc="9" el="611" ec="10" bec="0" bev="0" fileid="1" />
              </SequencePoints>
              <BranchPoints>
                <BranchPoint vc="0" uspid="341" ordinal="0" offset="15" sl="538" path="0" offsetend="20" fileid="1" />
                <BranchPoint vc="0" uspid="342" ordinal="1" offset="15" sl="538" path="1" offsetend="191" fileid="1" />
                <BranchPoint vc="0" uspid="345" ordinal="4" offset="205" sl="552" path="0" offsetend="210" fileid="1" />
                <BranchPoint vc="0" uspid="346" ordinal="5" offset="205" sl="552" path="1" offsetend="388" fileid="1" />
                <BranchPoint vc="0" uspid="349" ordinal="8" offset="402" sl="566" path="0" offsetend="407" fileid="1" />
                <BranchPoint vc="0" uspid="350" ordinal="9" offset="402" sl="566" path="1" offsetend="585" fileid="1" />
                <BranchPoint vc="0" uspid="353" ordinal="12" offset="599" sl="581" path="0" offsetend="604" fileid="1" />
                <BranchPoint vc="0" uspid="354" ordinal="13" offset="599" sl="581" path="1" offsetend="777" fileid="1" />
              </BranchPoints>
              <MethodPoint xsi:type="SequencePoint" vc="0" uspid="282" ordinal="0" offset="0" sl="534" sc="9" el="534" ec="10" bec="0" bev="0" fileid="1" />
            </Method>
            <Method visited="false" cyclomaticComplexity="2" nPathComplexity="0" sequenceCoverage="0" branchCoverage="0" isConstructor="false" isStatic="false" isGetter="false" isSetter="false">
              <Summary numSequencePoints="13" visitedSequencePoints="0" numBranchPoints="1" visitedBranchPoints="0" sequenceCoverage="0" branchCoverage="0" maxCyclomaticComplexity="2" minCyclomaticComplexity="2" visitedClasses="0" numClasses="0" visitedMethods="0" numMethods="1" />
              <MetadataToken>100663308</MetadataToken>
              <Name>System.Void ORCAUnitTest.GetRecipientsUnitTest::SetExpectedValues(System.String[],System.Boolean[],System.Int32[],System.Collections.Generic.List`1&lt;Microsoft.Office.Interop.Outlook.Recipient&gt;)</Name>
              <FileRef uid="1" />
              <SequencePoints>
                <SequencePoint vc="0" uspid="357" ordinal="0" offset="0" sl="621" sc="9" el="621" ec="10" bec="0" bev="0" fileid="1" />
                <SequencePoint vc="0" uspid="358" ordinal="1" offset="1" sl="622" sc="13" el="622" ec="23" bec="0" bev="0" fileid="1" />
                <SequencePoint vc="0" uspid="359" ordinal="2" offset="3" sl="623" sc="13" el="623" ec="20" bec="0" bev="0" fileid="1" />
                <SequencePoint vc="0" uspid="360" ordinal="3" offset="4" sl="623" sc="40" el="623" ec="52" bec="0" bev="0" fileid="1" />
                <SequencePoint vc="0" uspid="361" ordinal="4" offset="10" sl="623" sc="22" el="623" ec="36" bec="0" bev="0" fileid="1" />
                <SequencePoint vc="0" uspid="362" ordinal="5" offset="14" sl="624" sc="13" el="624" ec="14" bec="0" bev="0" fileid="1" />
                <SequencePoint vc="0" uspid="363" ordinal="6" offset="15" sl="625" sc="17" el="625" ec="69" bec="0" bev="0" fileid="1" />
                <SequencePoint vc="0" uspid="364" ordinal="7" offset="43" sl="626" sc="17" el="626" ec="66" bec="0" bev="0" fileid="1" />
                <SequencePoint vc="0" uspid="365" ordinal="8" offset="60" sl="627" sc="17" el="627" ec="58" bec="0" bev="0" fileid="1" />
                <SequencePoint vc="0" uspid="366" ordinal="9" offset="77" sl="628" sc="17" el="628" ec="21" bec="0" bev="0" fileid="1" />
                <SequencePoint vc="0" uspid="367" ordinal="10" offset="81" sl="629" sc="13" el="629" ec="14" bec="0" bev="0" fileid="1" />
                <SequencePoint vc="0" uspid="368" ordinal="11" offset="86" sl="623" sc="37" el="623" ec="39" bec="0" bev="0" fileid="1" />
                <SequencePoint vc="0" uspid="369" ordinal="12" offset="92" sl="630" sc="9" el="630" ec="10" bec="0" bev="0" fileid="1" />
              </SequencePoints>
              <BranchPoints />
              <MethodPoint xsi:type="SequencePoint" vc="0" uspid="357" ordinal="0" offset="0" sl="621" sc="9" el="621" ec="10" bec="0" bev="0" fileid="1" />
            </Method>
            <Method visited="false" cyclomaticComplexity="2" nPathComplexity="2" sequenceCoverage="0" branchCoverage="0" isConstructor="false" isStatic="false" isGetter="false" isSetter="false">
              <Summary numSequencePoints="10" visitedSequencePoints="0" numBranchPoints="3" visitedBranchPoints="0" sequenceCoverage="0" branchCoverage="0" maxCyclomaticComplexity="2" minCyclomaticComplexity="2" visitedClasses="0" numClasses="0" visitedMethods="0" numMethods="1" />
              <MetadataToken>100663309</MetadataToken>
              <Name>System.Void ORCAUnitTest.GetRecipientsUnitTest::CompareLists(System.Collections.Generic.List`1&lt;Microsoft.Office.Interop.Outlook.Recipient&gt;,System.Collections.Generic.List`1&lt;Microsoft.Office.Interop.Outlook.Recipient&gt;)</Name>
              <FileRef uid="1" />
              <SequencePoints>
                <SequencePoint vc="0" uspid="372" ordinal="0" offset="0" sl="638" sc="9" el="638" ec="10" bec="0" bev="0" fileid="1" />
                <SequencePoint vc="0" uspid="373" ordinal="1" offset="1" sl="639" sc="18" el="639" ec="27" bec="0" bev="0" fileid="1" />
                <SequencePoint vc="0" uspid="374" ordinal="2" offset="5" sl="640" sc="13" el="640" ec="14" bec="0" bev="0" fileid="1" />
                <SequencePoint vc="0" uspid="375" ordinal="3" offset="6" sl="641" sc="17" el="641" ec="89" bec="0" bev="0" fileid="1" />
                <SequencePoint vc="0" uspid="376" ordinal="4" offset="41" sl="642" sc="17" el="642" ec="91" bec="0" bev="0" fileid="1" />
                <SequencePoint vc="0" uspid="377" ordinal="5" offset="81" sl="643" sc="17" el="643" ec="83" bec="0" bev="0" fileid="1" />
                <SequencePoint vc="0" uspid="378" ordinal="6" offset="121" sl="644" sc="13" el="644" ec="14" bec="0" bev="0" fileid="1" />
                <SequencePoint vc="0" uspid="379" ordinal="7" offset="122" sl="639" sc="53" el="639" ec="56" bec="0" bev="0" fileid="1" />
                <SequencePoint vc="0" uspid="380" ordinal="8" offset="126" sl="639" sc="29" el="639" ec="51" bec="2" bev="0" fileid="1" />
                <SequencePoint vc="0" uspid="381" ordinal="9" offset="142" sl="645" sc="9" el="645" ec="10" bec="0" bev="0" fileid="1" />
              </SequencePoints>
              <BranchPoints>
                <BranchPoint vc="0" uspid="382" ordinal="0" offset="137" sl="639" path="0" offsetend="142" fileid="1" />
                <BranchPoint vc="0" uspid="383" ordinal="1" offset="137" sl="639" path="1" offsetend="5" fileid="1" />
              </BranchPoints>
              <MethodPoint xsi:type="SequencePoint" vc="0" uspid="372" ordinal="0" offset="0" sl="638" sc="9" el="638" ec="10" bec="0" bev="0" fileid="1" />
            </Method>
            <Method visited="true" cyclomaticComplexity="1" nPathComplexity="0" sequenceCoverage="0" branchCoverage="0" isConstructor="true" isStatic="false" isGetter="false" isSetter="false">
              <Summary numSequencePoints="0" visitedSequencePoints="0" numBranchPoints="0" visitedBranchPoints="0" sequenceCoverage="0" branchCoverage="0" maxCyclomaticComplexity="1" minCyclomaticComplexity="1" visitedClasses="0" numClasses="0" visitedMethods="0" numMethods="0" />
              <MetadataToken>100663310</MetadataToken>
              <Name>System.Void ORCAUnitTest.GetRecipientsUnitTest::.ctor()</Name>
              <SequencePoints />
              <BranchPoints />
              <MethodPoint vc="1" uspid="384" ordinal="0" offset="0" />
            </Method>
          </Methods>
        </Class>
        <Class>
          <Summary numSequencePoints="248" visitedSequencePoints="13" numBranchPoints="17" visitedBranchPoints="1" sequenceCoverage="5.24" branchCoverage="5.88" maxCyclomaticComplexity="2" minCyclomaticComplexity="1" visitedClasses="1" numClasses="1" visitedMethods="1" numMethods="17" />
          <FullName>ORCAUnitTest.GetSenderInformationUnitTest</FullName>
          <Methods>
            <Method visited="true" cyclomaticComplexity="1" nPathComplexity="0" sequenceCoverage="44.83" branchCoverage="100" isConstructor="false" isStatic="false" isGetter="false" isSetter="false">
              <Summary numSequencePoints="29" visitedSequencePoints="13" numBranchPoints="1" visitedBranchPoints="1" sequenceCoverage="44.83" branchCoverage="100" maxCyclomaticComplexity="1" minCyclomaticComplexity="1" visitedClasses="0" numClasses="0" visitedMethods="1" numMethods="1" />
              <MetadataToken>100663311</MetadataToken>
              <Name>System.Void ORCAUnitTest.GetSenderInformationUnitTest::Init()</Name>
              <FileRef uid="2" />
              <SequencePoints>
                <SequencePoint vc="1" uspid="385" ordinal="0" offset="0" sl="42" sc="9" el="42" ec="10" bec="0" bev="0" fileid="2" />
                <SequencePoint vc="1" uspid="386" ordinal="1" offset="1" sl="44" sc="13" el="44" ec="51" bec="0" bev="0" fileid="2" />
                <SequencePoint vc="1" uspid="387" ordinal="2" offset="18" sl="46" sc="13" el="46" ec="59" bec="0" bev="0" fileid="2" />
                <SequencePoint vc="1" uspid="388" ordinal="3" offset="35" sl="49" sc="13" el="49" ec="51" bec="0" bev="0" fileid="2" />
                <SequencePoint vc="1" uspid="389" ordinal="4" offset="52" sl="50" sc="13" el="50" ec="57" bec="0" bev="0" fileid="2" />
                <SequencePoint vc="1" uspid="390" ordinal="5" offset="69" sl="51" sc="13" el="51" ec="65" bec="0" bev="0" fileid="2" />
                <SequencePoint vc="1" uspid="391" ordinal="6" offset="86" sl="52" sc="13" el="52" ec="57" bec="0" bev="0" fileid="2" />
                <SequencePoint vc="1" uspid="392" ordinal="7" offset="103" sl="53" sc="13" el="53" ec="59" bec="0" bev="0" fileid="2" />
                <SequencePoint vc="1" uspid="393" ordinal="8" offset="120" sl="55" sc="13" el="55" ec="56" bec="0" bev="0" fileid="2" />
                <SequencePoint vc="1" uspid="394" ordinal="9" offset="137" sl="56" sc="13" el="56" ec="56" bec="0" bev="0" fileid="2" />
                <SequencePoint vc="1" uspid="395" ordinal="10" offset="154" sl="60" sc="13" el="60" ec="57" bec="0" bev="0" fileid="2" />
                <SequencePoint vc="1" uspid="396" ordinal="11" offset="160" sl="61" sc="13" el="61" ec="79" bec="0" bev="0" fileid="2" />
                <SequencePoint vc="1" uspid="397" ordinal="12" offset="172" sl="64" sc="13" el="64" ec="75" bec="0" bev="0" fileid="2" />
                <SequencePoint vc="0" uspid="398" ordinal="13" offset="180" sl="65" sc="13" el="65" ec="49" bec="0" bev="0" fileid="2" />
                <SequencePoint vc="0" uspid="399" ordinal="14" offset="192" sl="68" sc="13" el="68" ec="120" bec="0" bev="0" fileid="2" />
                <SequencePoint vc="0" uspid="400" ordinal="15" offset="211" sl="69" sc="13" el="69" ec="57" bec="0" bev="0" fileid="2" />
                <SequencePoint vc="0" uspid="401" ordinal="16" offset="228" sl="70" sc="13" el="70" ec="51" bec="0" bev="0" fileid="2" />
                <SequencePoint vc="0" uspid="402" ordinal="17" offset="242" sl="73" sc="13" el="73" ec="50" bec="0" bev="0" fileid="2" />
                <SequencePoint vc="0" uspid="403" ordinal="18" offset="259" sl="74" sc="13" el="74" ec="72" bec="0" bev="0" fileid="2" />
                <SequencePoint vc="0" uspid="404" ordinal="19" offset="293" sl="75" sc="13" el="75" ec="45" bec="0" bev="0" fileid="2" />
                <SequencePoint vc="0" uspid="405" ordinal="20" offset="322" sl="82" sc="13" el="82" ec="90" bec="0" bev="0" fileid="2" />
                <SequencePoint vc="0" uspid="406" ordinal="21" offset="334" sl="83" sc="13" el="83" ec="74" bec="0" bev="0" fileid="2" />
                <SequencePoint vc="0" uspid="407" ordinal="22" offset="352" sl="86" sc="13" el="86" ec="88" bec="0" bev="0" fileid="2" />
                <SequencePoint vc="0" uspid="408" ordinal="23" offset="370" sl="87" sc="13" el="87" ec="119" bec="0" bev="0" fileid="2" />
                <SequencePoint vc="0" uspid="409" ordinal="24" offset="386" sl="89" sc="13" el="89" ec="48" bec="0" bev="0" fileid="2" />
                <SequencePoint vc="0" uspid="410" ordinal="25" offset="396" sl="92" sc="13" el="92" ec="82" bec="0" bev="0" fileid="2" />
                <SequencePoint vc="0" uspid="411" ordinal="26" offset="414" sl="94" sc="13" el="94" ec="50" bec="0" bev="0" fileid="2" />
                <SequencePoint vc="0" uspid="412" ordinal="27" offset="427" sl="95" sc="13" el="95" ec="56" bec="0" bev="0" fileid="2" />
                <SequencePoint vc="0" uspid="413" ordinal="28" offset="445" sl="96" sc="9" el="96" ec="10" bec="0" bev="0" fileid="2" />
              </SequencePoints>
              <BranchPoints />
              <MethodPoint xsi:type="SequencePoint" vc="1" uspid="385" ordinal="0" offset="0" sl="42" sc="9" el="42" ec="10" bec="0" bev="0" fileid="2" />
            </Method>
            <Method visited="false" cyclomaticComplexity="1" nPathComplexity="0" sequenceCoverage="0" branchCoverage="0" isConstructor="false" isStatic="false" isGetter="false" isSetter="false">
              <Summary numSequencePoints="19" visitedSequencePoints="0" numBranchPoints="1" visitedBranchPoints="0" sequenceCoverage="0" branchCoverage="0" maxCyclomaticComplexity="1" minCyclomaticComplexity="1" visitedClasses="0" numClasses="0" visitedMethods="0" numMethods="1" />
              <MetadataToken>100663312</MetadataToken>
              <Name>System.Void ORCAUnitTest.GetSenderInformationUnitTest::GetSenderInfoMailTest1()</Name>
              <FileRef uid="2" />
              <SequencePoints>
                <SequencePoint vc="0" uspid="414" ordinal="0" offset="0" sl="115" sc="9" el="115" ec="10" bec="0" bev="0" fileid="2" />
                <SequencePoint vc="0" uspid="415" ordinal="1" offset="1" sl="116" sc="13" el="116" ec="54" bec="0" bev="0" fileid="2" />
                <SequencePoint vc="0" uspid="416" ordinal="2" offset="7" sl="117" sc="13" el="117" ec="54" bec="0" bev="0" fileid="2" />
                <SequencePoint vc="0" uspid="417" ordinal="3" offset="13" sl="118" sc="13" el="118" ec="79" bec="0" bev="0" fileid="2" />
                <SequencePoint vc="0" uspid="418" ordinal="4" offset="19" sl="119" sc="13" el="119" ec="40" bec="0" bev="0" fileid="2" />
                <SequencePoint vc="0" uspid="419" ordinal="5" offset="25" sl="120" sc="13" el="120" ec="42" bec="0" bev="0" fileid="2" />
                <SequencePoint vc="0" uspid="420" ordinal="6" offset="32" sl="122" sc="13" el="122" ec="54" bec="0" bev="0" fileid="2" />
                <SequencePoint vc="0" uspid="421" ordinal="7" offset="49" sl="125" sc="13" el="125" ec="39" bec="0" bev="0" fileid="2" />
                <SequencePoint vc="0" uspid="422" ordinal="8" offset="67" sl="126" sc="13" el="126" ec="59" bec="0" bev="0" fileid="2" />
                <SequencePoint vc="0" uspid="423" ordinal="9" offset="84" sl="129" sc="13" el="129" ec="51" bec="0" bev="0" fileid="2" />
                <SequencePoint vc="0" uspid="424" ordinal="10" offset="113" sl="131" sc="13" el="131" ec="49" bec="0" bev="0" fileid="2" />
                <SequencePoint vc="0" uspid="425" ordinal="11" offset="137" sl="132" sc="13" el="132" ec="61" bec="0" bev="0" fileid="2" />
                <SequencePoint vc="0" uspid="426" ordinal="12" offset="161" sl="133" sc="13" el="133" ec="63" bec="0" bev="0" fileid="2" />
                <SequencePoint vc="0" uspid="427" ordinal="13" offset="185" sl="134" sc="13" el="134" ec="57" bec="0" bev="0" fileid="2" />
                <SequencePoint vc="0" uspid="428" ordinal="14" offset="209" sl="135" sc="13" el="135" ec="61" bec="0" bev="0" fileid="2" />
                <SequencePoint vc="0" uspid="429" ordinal="15" offset="238" sl="138" sc="13" el="138" ec="113" bec="0" bev="0" fileid="2" />
                <SequencePoint vc="0" uspid="430" ordinal="16" offset="277" sl="141" sc="13" el="141" ec="172" bec="0" bev="0" fileid="2" />
                <SequencePoint vc="0" uspid="431" ordinal="17" offset="290" sl="144" sc="13" el="144" ec="49" bec="0" bev="0" fileid="2" />
                <SequencePoint vc="0" uspid="432" ordinal="18" offset="301" sl="145" sc="9" el="145" ec="10" bec="0" bev="0" fileid="2" />
              </SequencePoints>
              <BranchPoints />
              <MethodPoint xsi:type="SequencePoint" vc="0" uspid="414" ordinal="0" offset="0" sl="115" sc="9" el="115" ec="10" bec="0" bev="0" fileid="2" />
            </Method>
            <Method visited="false" cyclomaticComplexity="2" nPathComplexity="0" sequenceCoverage="0" branchCoverage="0" isConstructor="false" isStatic="false" isGetter="false" isSetter="false">
              <Summary numSequencePoints="15" visitedSequencePoints="0" numBranchPoints="1" visitedBranchPoints="0" sequenceCoverage="0" branchCoverage="0" maxCyclomaticComplexity="2" minCyclomaticComplexity="2" visitedClasses="0" numClasses="0" visitedMethods="0" numMethods="1" />
              <MetadataToken>100663313</MetadataToken>
              <Name>System.Void ORCAUnitTest.GetSenderInformationUnitTest::GetSenderInfoMailTest2()</Name>
              <FileRef uid="2" />
              <SequencePoints>
                <SequencePoint vc="0" uspid="433" ordinal="0" offset="0" sl="154" sc="9" el="154" ec="10" bec="0" bev="0" fileid="2" />
                <SequencePoint vc="0" uspid="434" ordinal="1" offset="1" sl="155" sc="13" el="155" ec="54" bec="0" bev="0" fileid="2" />
[...]
                <SequencePoint vc="0" uspid="2021" ordinal="1" offset="1" sl="272" sc="17" el="272" ec="136" bec="0" bev="0" fileid="34" />
                <SequencePoint vc="0" uspid="2022" ordinal="2" offset="30" sl="273" sc="13" el="273" ec="14" bec="0" bev="0" fileid="34" />
              </SequencePoints>
              <BranchPoints />
              <MethodPoint xsi:type="SequencePoint" vc="0" uspid="2020" ordinal="0" offset="0" sl="271" sc="17" el="271" ec="18" bec="0" bev="0" fileid="34" />
            </Method>
            <Method visited="false" cyclomaticComplexity="1" nPathComplexity="0" sequenceCoverage="0" branchCoverage="0" isConstructor="true" isStatic="false" isGetter="false" isSetter="false">
              <Summary numSequencePoints="3" visitedSequencePoints="0" numBranchPoints="1" visitedBranchPoints="0" sequenceCoverage="0" branchCoverage="0" maxCyclomaticComplexity="1" minCyclomaticComplexity="1" visitedClasses="0" numClasses="0" visitedMethods="0" numMethods="1" />
              <MetadataToken>100663385</MetadataToken>
              <Name>System.Void OutlookRecipientConfirmationAddin.ThisFormRegionCollection::.ctor(System.Collections.Generic.IList`1&lt;Microsoft.Office.Tools.Outlook.IFormRegion&gt;)</Name>
              <FileRef uid="34" />
              <SequencePoints>
                <SequencePoint vc="0" uspid="2023" ordinal="0" offset="0" sl="261" sc="17" el="261" ec="27" bec="0" bev="0" fileid="34" />
                <SequencePoint vc="0" uspid="2024" ordinal="1" offset="8" sl="261" sc="28" el="261" ec="29" bec="0" bev="0" fileid="34" />
                <SequencePoint vc="0" uspid="2025" ordinal="2" offset="9" sl="262" sc="9" el="262" ec="10" bec="0" bev="0" fileid="34" />
              </SequencePoints>
              <BranchPoints />
              <MethodPoint xsi:type="SequencePoint" vc="0" uspid="2023" ordinal="0" offset="0" sl="261" sc="17" el="261" ec="27" bec="0" bev="0" fileid="34" />
            </Method>
          </Methods>
        </Class>
        <Class>
          <Summary numSequencePoints="3" visitedSequencePoints="0" numBranchPoints="1" visitedBranchPoints="0" sequenceCoverage="0" branchCoverage="0" maxCyclomaticComplexity="1" minCyclomaticComplexity="1" visitedClasses="0" numClasses="1" visitedMethods="0" numMethods="1" />
          <FullName>OutlookRecipientConfirmationAddin.WindowFormRegionCollection</FullName>
          <Methods>
            <Method visited="false" cyclomaticComplexity="1" nPathComplexity="0" sequenceCoverage="0" branchCoverage="0" isConstructor="true" isStatic="false" isGetter="false" isSetter="false">
              <Summary numSequencePoints="3" visitedSequencePoints="0" numBranchPoints="1" visitedBranchPoints="0" sequenceCoverage="0" branchCoverage="0" maxCyclomaticComplexity="1" minCyclomaticComplexity="1" visitedClasses="0" numClasses="0" visitedMethods="0" numMethods="1" />
              <MetadataToken>100663388</MetadataToken>
              <Name>System.Void OutlookRecipientConfirmationAddin.WindowFormRegionCollection::.ctor(System.Collections.Generic.IList`1&lt;Microsoft.Office.Tools.Outlook.IFormRegion&gt;)</Name>
              <FileRef uid="34" />
              <SequencePoints>
                <SequencePoint vc="0" uspid="2026" ordinal="0" offset="0" sl="283" sc="17" el="283" ec="27" bec="0" bev="0" fileid="34" />
                <SequencePoint vc="0" uspid="2027" ordinal="1" offset="8" sl="283" sc="28" el="283" ec="29" bec="0" bev="0" fileid="34" />
                <SequencePoint vc="0" uspid="2028" ordinal="2" offset="9" sl="284" sc="9" el="284" ec="10" bec="0" bev="0" fileid="34" />
              </SequencePoints>
              <BranchPoints />
              <MethodPoint xsi:type="SequencePoint" vc="0" uspid="2026" ordinal="0" offset="0" sl="283" sc="17" el="283" ec="27" bec="0" bev="0" fileid="34" />
            </Method>
          </Methods>
        </Class>
        <Class>
          <Summary numSequencePoints="17" visitedSequencePoints="0" numBranchPoints="6" visitedBranchPoints="0" sequenceCoverage="0" branchCoverage="0" maxCyclomaticComplexity="2" minCyclomaticComplexity="1" visitedClasses="0" numClasses="1" visitedMethods="0" numMethods="4" />
          <FullName>OutlookRecipientConfirmationAddin.Properties.Resources</FullName>
          <Methods>
            <Method visited="false" cyclomaticComplexity="2" nPathComplexity="2" sequenceCoverage="0" branchCoverage="0" isConstructor="false" isStatic="true" isGetter="true" isSetter="false">
              <Summary numSequencePoints="8" visitedSequencePoints="0" numBranchPoints="3" visitedBranchPoints="0" sequenceCoverage="0" branchCoverage="0" maxCyclomaticComplexity="2" minCyclomaticComplexity="2" visitedClasses="0" numClasses="0" visitedMethods="0" numMethods="1" />
              <MetadataToken>100663390</MetadataToken>
              <Name>System.Resources.ResourceManager OutlookRecipientConfirmationAddin.Properties.Resources::get_ResourceManager()</Name>
              <FileRef uid="39" />
              <SequencePoints>
                <SequencePoint vc="0" uspid="2029" ordinal="0" offset="0" sl="39" sc="17" el="39" ec="18" bec="0" bev="0" fileid="39" />
                <SequencePoint vc="0" uspid="2030" ordinal="1" offset="1" sl="40" sc="17" el="40" ec="63" bec="2" bev="0" fileid="39" />
                <SequencePoint vc="0" uspid="2031" ordinal="2" offset="13" sl="40" sc="64" el="40" ec="65" bec="0" bev="0" fileid="39" />
                <SequencePoint vc="0" uspid="2032" ordinal="3" offset="14" sl="41" sc="21" el="41" ec="200" bec="0" bev="0" fileid="39" />
                <SequencePoint vc="0" uspid="2033" ordinal="4" offset="40" sl="42" sc="21" el="42" ec="40" bec="0" bev="0" fileid="39" />
                <SequencePoint vc="0" uspid="2034" ordinal="5" offset="46" sl="43" sc="17" el="43" ec="18" bec="0" bev="0" fileid="39" />
                <SequencePoint vc="0" uspid="2035" ordinal="6" offset="47" sl="44" sc="17" el="44" ec="36" bec="0" bev="0" fileid="39" />
                <SequencePoint vc="0" uspid="2036" ordinal="7" offset="55" sl="45" sc="13" el="45" ec="14" bec="0" bev="0" fileid="39" />
              </SequencePoints>
              <BranchPoints>
                <BranchPoint vc="0" uspid="2037" ordinal="0" offset="11" sl="40" path="0" offsetend="13" fileid="39" />
                <BranchPoint vc="0" uspid="2038" ordinal="1" offset="11" sl="40" path="1" offsetend="47" fileid="39" />
              </BranchPoints>
              <MethodPoint xsi:type="SequencePoint" vc="0" uspid="2029" ordinal="0" offset="0" sl="39" sc="17" el="39" ec="18" bec="0" bev="0" fileid="39" />
            </Method>
            <Method visited="false" cyclomaticComplexity="1" nPathComplexity="0" sequenceCoverage="0" branchCoverage="0" isConstructor="false" isStatic="true" isGetter="true" isSetter="false">
              <Summary numSequencePoints="3" visitedSequencePoints="0" numBranchPoints="1" visitedBranchPoints="0" sequenceCoverage="0" branchCoverage="0" maxCyclomaticComplexity="1" minCyclomaticComplexity="1" visitedClasses="0" numClasses="0" visitedMethods="0" numMethods="1" />
              <MetadataToken>100663391</MetadataToken>
              <Name>System.Globalization.CultureInfo OutlookRecipientConfirmationAddin.Properties.Resources::get_Culture()</Name>
              <FileRef uid="39" />
              <SequencePoints>
                <SequencePoint vc="0" uspid="2039" ordinal="0" offset="0" sl="54" sc="17" el="54" ec="18" bec="0" bev="0" fileid="39" />
                <SequencePoint vc="0" uspid="2040" ordinal="1" offset="1" sl="55" sc="17" el="55" ec="40" bec="0" bev="0" fileid="39" />
                <SequencePoint vc="0" uspid="2041" ordinal="2" offset="9" sl="56" sc="13" el="56" ec="14" bec="0" bev="0" fileid="39" />
              </SequencePoints>
              <BranchPoints />
              <MethodPoint xsi:type="SequencePoint" vc="0" uspid="2039" ordinal="0" offset="0" sl="54" sc="17" el="54" ec="18" bec="0" bev="0" fileid="39" />
            </Method>
            <Method visited="false" cyclomaticComplexity="1" nPathComplexity="0" sequenceCoverage="0" branchCoverage="0" isConstructor="false" isStatic="true" isGetter="false" isSetter="true">
              <Summary numSequencePoints="3" visitedSequencePoints="0" numBranchPoints="1" visitedBranchPoints="0" sequenceCoverage="0" branchCoverage="0" maxCyclomaticComplexity="1" minCyclomaticComplexity="1" visitedClasses="0" numClasses="0" visitedMethods="0" numMethods="1" />
              <MetadataToken>100663392</MetadataToken>
              <Name>System.Void OutlookRecipientConfirmationAddin.Properties.Resources::set_Culture(System.Globalization.CultureInfo)</Name>
              <FileRef uid="39" />
              <SequencePoints>
                <SequencePoint vc="0" uspid="2042" ordinal="0" offset="0" sl="57" sc="17" el="57" ec="18" bec="0" bev="0" fileid="39" />
                <SequencePoint vc="0" uspid="2043" ordinal="1" offset="1" sl="58" sc="17" el="58" ec="41" bec="0" bev="0" fileid="39" />
                <SequencePoint vc="0" uspid="2044" ordinal="2" offset="7" sl="59" sc="13" el="59" ec="14" bec="0" bev="0" fileid="39" />
              </SequencePoints>
              <BranchPoints />
              <MethodPoint xsi:type="SequencePoint" vc="0" uspid="2042" ordinal="0" offset="0" sl="57" sc="17" el="57" ec="18" bec="0" bev="0" fileid="39" />
            </Method>
            <Method visited="false" cyclomaticComplexity="1" nPathComplexity="0" sequenceCoverage="0" branchCoverage="0" isConstructor="true" isStatic="false" isGetter="false" isSetter="false">
              <Summary numSequencePoints="3" visitedSequencePoints="0" numBranchPoints="1" visitedBranchPoints="0" sequenceCoverage="0" branchCoverage="0" maxCyclomaticComplexity="1" minCyclomaticComplexity="1" visitedClasses="0" numClasses="0" visitedMethods="0" numMethods="1" />
              <MetadataToken>100663389</MetadataToken>
              <Name>System.Void OutlookRecipientConfirmationAddin.Properties.Resources::.ctor()</Name>
              <FileRef uid="39" />
              <SequencePoints>
                <SequencePoint vc="0" uspid="2045" ordinal="0" offset="0" sl="31" sc="9" el="31" ec="29" bec="0" bev="0" fileid="39" />
                <SequencePoint vc="0" uspid="2046" ordinal="1" offset="7" sl="31" sc="30" el="31" ec="31" bec="0" bev="0" fileid="39" />
                <SequencePoint vc="0" uspid="2047" ordinal="2" offset="8" sl="32" sc="9" el="32" ec="10" bec="0" bev="0" fileid="39" />
              </SequencePoints>
              <BranchPoints />
              <MethodPoint xsi:type="SequencePoint" vc="0" uspid="2045" ordinal="0" offset="0" sl="31" sc="9" el="31" ec="29" bec="0" bev="0" fileid="39" />
            </Method>
          </Methods>
        </Class>
        <Class>
          <Summary numSequencePoints="4" visitedSequencePoints="0" numBranchPoints="2" visitedBranchPoints="0" sequenceCoverage="0" branchCoverage="0" maxCyclomaticComplexity="1" minCyclomaticComplexity="1" visitedClasses="0" numClasses="1" visitedMethods="0" numMethods="2" />
          <FullName>OutlookRecipientConfirmationAddin.Properties.Settings</FullName>
          <Methods>
            <Method visited="false" cyclomaticComplexity="1" nPathComplexity="0" sequenceCoverage="0" branchCoverage="0" isConstructor="false" isStatic="true" isGetter="true" isSetter="false">
              <Summary numSequencePoints="3" visitedSequencePoints="0" numBranchPoints="1" visitedBranchPoints="0" sequenceCoverage="0" branchCoverage="0" maxCyclomaticComplexity="1" minCyclomaticComplexity="1" visitedClasses="0" numClasses="0" visitedMethods="0" numMethods="1" />
              <MetadataToken>100663393</MetadataToken>
              <Name>OutlookRecipientConfirmationAddin.Properties.Settings OutlookRecipientConfirmationAddin.Properties.Settings::get_Default()</Name>
              <FileRef uid="40" />
              <SequencePoints>
                <SequencePoint vc="0" uspid="2048" ordinal="0" offset="0" sl="21" sc="17" el="21" ec="18" bec="0" bev="0" fileid="40" />
                <SequencePoint vc="0" uspid="2049" ordinal="1" offset="1" sl="22" sc="17" el="22" ec="40" bec="0" bev="0" fileid="40" />
                <SequencePoint vc="0" uspid="2050" ordinal="2" offset="9" sl="23" sc="13" el="23" ec="14" bec="0" bev="0" fileid="40" />
              </SequencePoints>
              <BranchPoints />
              <MethodPoint xsi:type="SequencePoint" vc="0" uspid="2048" ordinal="0" offset="0" sl="21" sc="17" el="21" ec="18" bec="0" bev="0" fileid="40" />
            </Method>
            <Method visited="false" cyclomaticComplexity="1" nPathComplexity="0" sequenceCoverage="0" branchCoverage="0" isConstructor="true" isStatic="false" isGetter="false" isSetter="false">
              <Summary numSequencePoints="0" visitedSequencePoints="0" numBranchPoints="0" visitedBranchPoints="0" sequenceCoverage="0" branchCoverage="0" maxCyclomaticComplexity="1" minCyclomaticComplexity="1" visitedClasses="0" numClasses="0" visitedMethods="0" numMethods="0" />
              <MetadataToken>100663394</MetadataToken>
              <Name>System.Void OutlookRecipientConfirmationAddin.Properties.Settings::.ctor()</Name>
              <SequencePoints />
              <BranchPoints />
              <MethodPoint vc="0" uspid="2051" ordinal="0" offset="0" />
            </Method>
            <Method visited="false" cyclomaticComplexity="1" nPathComplexity="0" sequenceCoverage="0" branchCoverage="0" isConstructor="true" isStatic="true" isGetter="false" isSetter="false">
              <Summary numSequencePoints="1" visitedSequencePoints="0" numBranchPoints="1" visitedBranchPoints="0" sequenceCoverage="0" branchCoverage="0" maxCyclomaticComplexity="1" minCyclomaticComplexity="1" visitedClasses="0" numClasses="0" visitedMethods="0" numMethods="1" />
              <MetadataToken>100663395</MetadataToken>
              <Name>System.Void OutlookRecipientConfirmationAddin.Properties.Settings::.cctor()</Name>
              <FileRef uid="40" />
              <SequencePoints>
                <SequencePoint vc="0" uspid="2052" ordinal="0" offset="0" sl="18" sc="9" el="18" ec="147" bec="0" bev="0" fileid="40" />
              </SequencePoints>
              <BranchPoints />
              <MethodPoint xsi:type="SequencePoint" vc="0" uspid="2052" ordinal="0" offset="0" sl="18" sc="9" el="18" ec="147" bec="0" bev="0" fileid="40" />
            </Method>
          </Methods>
        </Class>
        <Class>
          <Summary numSequencePoints="0" visitedSequencePoints="0" numBranchPoints="0" visitedBranchPoints="0" sequenceCoverage="0" branchCoverage="0" maxCyclomaticComplexity="0" minCyclomaticComplexity="0" visitedClasses="0" numClasses="0" visitedMethods="0" numMethods="0" />
          <FullName>Microsoft.Office.Interop.Outlook.ApplicationEvents_11_ItemSendEventHandler</FullName>
          <Methods>
            <Method skippedDueTo="Unknown" visited="false" cyclomaticComplexity="0" nPathComplexity="0" sequenceCoverage="0" branchCoverage="0" isConstructor="true" isStatic="false" isGetter="false" isSetter="false">
              <MetadataToken>100663409</MetadataToken>
              <Name>System.Void Microsoft.Office.Interop.Outlook.ApplicationEvents_11_ItemSendEventHandler::.ctor(System.Object,System.UIntPtr)</Name>
              <SequencePoints />
              <BranchPoints />
            </Method>
            <Method skippedDueTo="Unknown" visited="false" cyclomaticComplexity="0" nPathComplexity="0" sequenceCoverage="0" branchCoverage="0" isConstructor="false" isStatic="false" isGetter="false" isSetter="false">
              <MetadataToken>100663410</MetadataToken>
              <Name>System.Void Microsoft.Office.Interop.Outlook.ApplicationEvents_11_ItemSendEventHandler::Invoke(System.Object,System.Boolean&amp;)</Name>
              <SequencePoints />
              <BranchPoints />
            </Method>
          </Methods>
        </Class>
      </Classes>
    </Module>
    <Module skippedDueTo="MissingPdb" hash="67-62-CC-C2-E6-FA-B8-96-1C-48-DD-55-91-43-21-26-BF-F3-75-4F">
      <ModulePath>C:\workspaces\OutlookRecipientConfirmationAddin\sourcecode\ORCAUnitTest\bin\Debug\Microsoft.Office.Tools.Outlook.v4.0.Utilities.dll</ModulePath>
      <ModuleTime>2015-05-26T04:36:58Z</ModuleTime>
      <ModuleName>Microsoft.Office.Tools.Outlook.v4.0.Utilities</ModuleName>
      <Classes />
    </Module>
    <Module skippedDueTo="MissingPdb" hash="0A-D9-C2-B6-C7-9A-33-27-D1-38-81-9E-D0-43-5D-18-EE-9A-AC-78">
      <ModulePath>C:\workspaces\OutlookRecipientConfirmationAddin\sourcecode\ORCAUnitTest\bin\Debug\Microsoft.Office.Tools.Common.v4.0.Utilities.dll</ModulePath>
      <ModuleTime>2015-05-26T04:36:58Z</ModuleTime>
      <ModuleName>Microsoft.Office.Tools.Common.v4.0.Utilities</ModuleName>
      <Classes />
    </Module>
    <Module skippedDueTo="MissingPdb" hash="DC-F4-0A-C8-75-B2-1A-32-F0-02-BF-85-DD-12-4B-9A-C7-9B-3D-61">
      <ModulePath>C:\workspaces\OutlookRecipientConfirmationAddin\sourcecode\ORCAUnitTest\bin\Debug\NSubstitute.dll</ModulePath>
      <ModuleTime>2017-10-27T12:03:00Z</ModuleTime>
      <ModuleName>NSubstitute</ModuleName>
      <Classes />
    </Module>
    <Module skippedDueTo="MissingPdb" hash="2F-A5-91-EF-53-DF-63-82-1E-C8-9A-AA-7E-B1-B4-E9-E0-1C-AB-A5">
      <ModulePath>C:\WINDOWS\Microsoft.Net\assembly\GAC_MSIL\Microsoft.Office.Tools.Outlook\v4.0_10.0.0.0__b03f5f7f11d50a3a\Microsoft.Office.Tools.Outlook.dll</ModulePath>
      <ModuleTime>2018-01-10T06:43:50.3143081Z</ModuleTime>
      <ModuleName>Microsoft.Office.Tools.Outlook</ModuleName>
      <Classes />
    </Module>
    <Module skippedDueTo="MissingPdb" hash="56-AB-E3-3E-B0-AA-95-3F-45-FB-44-1F-D0-94-F5-7C-AB-43-67-F0">
      <ModulePath>C:\workspaces\OutlookRecipientConfirmationAddin\sourcecode\ORCAUnitTest\bin\Debug\Castle.Core.dll</ModulePath>
      <ModuleTime>2017-09-27T16:34:34Z</ModuleTime>
      <ModuleName>Castle.Core</ModuleName>
      <Classes />
    </Module>
    <Module skippedDueTo="MissingPdb" hash="">
      <ModulePath>RefEmit_InMemoryManifestModule</ModulePath>
      <ModuleTime>0001-01-01T00:00:00</ModuleTime>
      <ModuleName>DynamicProxyGenAssembly2</ModuleName>
      <Classes />
    </Module>
    <Module skippedDueTo="MissingPdb" hash="99-74-5A-1F-5B-90-06-70-6E-4F-C3-03-F3-2D-7D-39-6B-D7-8D-44">
      <ModulePath>C:\WINDOWS\Microsoft.Net\assembly\GAC_MSIL\Microsoft.Office.Tools.Common\v4.0_10.0.0.0__b03f5f7f11d50a3a\Microsoft.Office.Tools.Common.dll</ModulePath>
      <ModuleTime>2018-01-10T06:43:50.2839793Z</ModuleTime>
      <ModuleName>Microsoft.Office.Tools.Common</ModuleName>
      <Classes />
    </Module>
    <Module skippedDueTo="Filter" hash="22-1C-0F-4D-89-95-50-48-29-4E-FD-18-5F-7C-22-6D-18-CD-70-BB">
      <ModulePath>C:\WINDOWS\Microsoft.Net\assembly\GAC_MSIL\mscorlib.resources\v4.0_4.0.0.0_ja_b77a5c561934e089\mscorlib.resources.dll</ModulePath>
      <ModuleTime>2017-09-30T14:15:33.9729128Z</ModuleTime>
      <ModuleName>mscorlib.resources</ModuleName>
      <Classes />
    </Module>
    <Module skippedDueTo="MissingPdb" hash="A6-5F-D2-A9-56-75-22-21-73-21-9B-89-E8-B8-52-A9-AF-80-F5-B4">
      <ModulePath>C:\WINDOWS\Microsoft.Net\assembly\GAC_MSIL\Microsoft.CSharp\v4.0_4.0.0.0__b03f5f7f11d50a3a\Microsoft.CSharp.dll</ModulePath>
      <ModuleTime>2017-09-29T13:43:08.2093248Z</ModuleTime>
      <ModuleName>Microsoft.CSharp</ModuleName>
      <Classes />
    </Module>
    <Module skippedDueTo="Filter" hash="36-98-82-A2-74-7A-A1-C8-F5-FF-7A-64-F9-04-A9-55-9E-A6-52-B3">
      <ModulePath>C:\WINDOWS\Microsoft.Net\assembly\GAC_MSIL\System.Dynamic\v4.0_4.0.0.0__b03f5f7f11d50a3a\System.Dynamic.dll</ModulePath>
      <ModuleTime>2017-09-29T13:43:05.2247058Z</ModuleTime>
      <ModuleName>System.Dynamic</ModuleName>
      <Classes />
    </Module>
  </Modules>
</CoverageSession>