<?xml version="1.0" encoding="utf-8"?>
<CoverageSession xmlns:xsd="http://www.w3.org/2001/XMLSchema" xmlns:xsi="http://www.w3.org/2001/XMLSchema-instance">
  <Summary numSequencePoints="1150" visitedSequencePoints="32" numBranchPoints="262" visitedBranchPoints="6" sequenceCoverage="2.78" branchCoverage="2.29" maxCyclomaticComplexity="15" minCyclomaticComplexity="0" visitedClasses="5" numClasses="21" visitedMethods="5" numMethods="134" />
  <Modules>
    <Module skippedDueTo="Filter" hash="D9-A4-43-79-FA-F4-2A-B0-31-3A-20-A1-03-C5-E0-42-94-AB-99-28">
      <ModulePath>C:\WINDOWS\Microsoft.Net\assembly\GAC_64\mscorlib\v4.0_4.0.0.0__b77a5c561934e089\mscorlib.dll</ModulePath>
      <ModuleTime>2018-02-09T03:35:01.1681381Z</ModuleTime>
      <ModuleName>mscorlib</ModuleName>
      <Classes />
    </Module>
    <Module skippedDueTo="MissingPdb" hash="86-E9-3D-3D-7C-09-09-11-61-67-42-C6-1E-4B-75-FF-C4-1C-03-96">
      <ModulePath>C:\workspaces\OutlookRecipientConfirmationAddin\sourcecode\packages\NUnit.ConsoleRunner.3.8.0\tools\nunit3-console.exe</ModulePath>
      <ModuleTime>2018-01-27T02:27:14Z</ModuleTime>
      <ModuleName>nunit3-console</ModuleName>
      <Classes />
    </Module>
    <Module skippedDueTo="Filter" hash="CB-7B-C7-A0-09-0F-BA-F4-8A-02-A9-E9-2A-7B-43-34-93-46-0F-58">
      <ModulePath>C:\WINDOWS\Microsoft.Net\assembly\GAC_MSIL\System\v4.0_4.0.0.0__b77a5c561934e089\System.dll</ModulePath>
      <ModuleTime>2017-09-29T13:43:06.7717063Z</ModuleTime>
      <ModuleName>System</ModuleName>
      <Classes />
    </Module>
    <Module skippedDueTo="MissingPdb" hash="C1-08-CD-F2-59-9C-E6-0B-62-F9-09-43-74-9F-8D-57-9D-A9-93-31">
      <ModulePath>C:\workspaces\OutlookRecipientConfirmationAddin\sourcecode\packages\NUnit.ConsoleRunner.3.8.0\tools\nunit.engine.api.dll</ModulePath>
      <ModuleTime>2018-01-27T02:27:14Z</ModuleTime>
      <ModuleName>nunit.engine.api</ModuleName>
      <Classes />
    </Module>
    <Module skippedDueTo="MissingPdb" hash="95-2A-FF-98-B6-82-8F-7C-F0-AC-3D-56-5A-54-93-7D-3B-32-4F-7B">
      <ModulePath>C:\workspaces\OutlookRecipientConfirmationAddin\sourcecode\packages\NUnit.ConsoleRunner.3.8.0\tools\nunit.engine.dll</ModulePath>
      <ModuleTime>2018-01-27T02:27:14Z</ModuleTime>
      <ModuleName>nunit.engine</ModuleName>
      <Classes />
    </Module>
    <Module skippedDueTo="Filter" hash="58-2A-4C-0C-25-69-3C-E5-E8-8F-0E-35-DB-19-D0-78-0E-D1-10-FA">
      <ModulePath>C:\WINDOWS\Microsoft.Net\assembly\GAC_MSIL\System.Xml\v4.0_4.0.0.0__b77a5c561934e089\System.Xml.dll</ModulePath>
      <ModuleTime>2017-12-22T03:10:39.7166266Z</ModuleTime>
      <ModuleName>System.Xml</ModuleName>
      <Classes />
    </Module>
    <Module skippedDueTo="Filter" hash="DC-F8-A3-B5-3C-D2-A2-92-BD-DE-4F-B9-C1-C6-59-24-2B-D3-FE-39">
      <ModulePath>C:\WINDOWS\Microsoft.Net\assembly\GAC_64\System.Web\v4.0_4.0.0.0__b03f5f7f11d50a3a\System.Web.dll</ModulePath>
      <ModuleTime>2018-02-09T03:34:33.7286998Z</ModuleTime>
      <ModuleName>System.Web</ModuleName>
      <Classes />
    </Module>
    <Module skippedDueTo="MissingPdb" hash="8A-2E-8F-D6-9D-39-02-4A-2F-30-FC-06-42-F7-0F-A8-32-69-07-72">
      <ModulePath>C:\workspaces\OutlookRecipientConfirmationAddin\sourcecode\packages\NUnit.ConsoleRunner.3.8.0\tools\Mono.Cecil.dll</ModulePath>
      <ModuleTime>2018-01-27T02:27:14Z</ModuleTime>
      <ModuleName>Mono.Cecil</ModuleName>
      <Classes />
    </Module>
    <Module skippedDueTo="Filter" hash="95-C2-7F-29-1B-5E-88-C5-62-B1-37-09-E1-F0-97-D4-51-18-8D-2E">
      <ModulePath>C:\WINDOWS\Microsoft.Net\assembly\GAC_MSIL\System.Runtime.Remoting\v4.0_4.0.0.0__b77a5c561934e089\System.Runtime.Remoting.dll</ModulePath>
      <ModuleTime>2017-09-29T13:43:06.6935754Z</ModuleTime>
      <ModuleName>System.Runtime.Remoting</ModuleName>
      <Classes />
    </Module>
    <Module skippedDueTo="Filter" hash="62-13-DF-BA-4D-76-38-3A-FE-E9-5E-D8-6C-07-CC-1D-A2-DE-73-52">
      <ModulePath>C:\WINDOWS\Microsoft.Net\assembly\GAC_MSIL\System.Configuration\v4.0_4.0.0.0__b03f5f7f11d50a3a\System.Configuration.dll</ModulePath>
      <ModuleTime>2017-09-29T13:43:06.6154445Z</ModuleTime>
      <ModuleName>System.Configuration</ModuleName>
      <Classes />
    </Module>
    <Module skippedDueTo="MissingPdb" hash="23-B3-8E-36-35-0B-BD-20-43-E0-A1-0E-D9-F4-93-5D-15-17-91-15">
      <ModulePath>C:\workspaces\OutlookRecipientConfirmationAddin\sourcecode\packages\NUnit.ConsoleRunner.3.8.0\tools\nunit-agent.exe</ModulePath>
      <ModuleTime>2018-01-27T02:27:14Z</ModuleTime>
      <ModuleName>nunit-agent</ModuleName>
      <Classes />
    </Module>
    <Module skippedDueTo="MissingPdb" hash="A7-9F-41-2F-47-0F-3E-C7-DD-99-9E-73-7D-AF-41-93-23-DC-2B-18">
      <ModulePath>C:\workspaces\OutlookRecipientConfirmationAddin\sourcecode\ORCAUnitTest\bin\Debug\nunit.framework.dll</ModulePath>
      <ModuleTime>2018-02-26T07:29:23.023767Z</ModuleTime>
      <ModuleName>nunit.framework</ModuleName>
      <Classes />
    </Module>
    <Module skippedDueTo="Filter" hash="00-E4-8B-23-28-1E-7A-F6-0F-D2-F5-0F-0B-97-50-BC-55-63-B2-9D">
      <ModulePath>C:\WINDOWS\Microsoft.Net\assembly\GAC_MSIL\System.Core\v4.0_4.0.0.0__b77a5c561934e089\System.Core.dll</ModulePath>
      <ModuleTime>2018-02-02T03:36:02.9502864Z</ModuleTime>
      <ModuleName>System.Core</ModuleName>
      <Classes />
    </Module>
    <Module hash="6A-02-44-ED-49-B1-97-7E-7C-B2-08-0D-C4-39-9A-74-D2-F0-00-1E">
      <Summary numSequencePoints="170" visitedSequencePoints="21" numBranchPoints="40" visitedBranchPoints="3" sequenceCoverage="12.35" branchCoverage="7.5" maxCyclomaticComplexity="2" minCyclomaticComplexity="0" visitedClasses="3" numClasses="4" visitedMethods="3" numMethods="40" />
      <ModulePath>C:\workspaces\OutlookRecipientConfirmationAddin\sourcecode\ORCAUnitTest\bin\Debug\ORCAUnitTest.dll</ModulePath>
      <ModuleTime>2018-03-15T00:50:46.0818659Z</ModuleTime>
      <ModuleName>ORCAUnitTest</ModuleName>
      <Files>
        <File uid="1" fullPath="C:\workspaces\OutlookRecipientConfirmationAddin\sourcecode\ORCAUnitTest\UnitTest1.cs" />
      </Files>
      <Classes>
        <Class>
          <Summary numSequencePoints="0" visitedSequencePoints="0" numBranchPoints="0" visitedBranchPoints="0" sequenceCoverage="0" branchCoverage="0" maxCyclomaticComplexity="0" minCyclomaticComplexity="0" visitedClasses="0" numClasses="0" visitedMethods="0" numMethods="0" />
          <FullName>&lt;Module&gt;</FullName>
          <Methods />
        </Class>
        <Class>
          <Summary numSequencePoints="113" visitedSequencePoints="15" numBranchPoints="9" visitedBranchPoints="1" sequenceCoverage="13.27" branchCoverage="11.11" maxCyclomaticComplexity="1" minCyclomaticComplexity="1" visitedClasses="1" numClasses="1" visitedMethods="1" numMethods="9" />
          <FullName>ORCAUnitTest.UnitTest1</FullName>
          <Methods>
            <Method visited="true" cyclomaticComplexity="1" nPathComplexity="0" sequenceCoverage="65.22" branchCoverage="100" isConstructor="false" isStatic="false" isGetter="false" isSetter="false">
              <Summary numSequencePoints="23" visitedSequencePoints="15" numBranchPoints="1" visitedBranchPoints="1" sequenceCoverage="65.22" branchCoverage="100" maxCyclomaticComplexity="1" minCyclomaticComplexity="1" visitedClasses="0" numClasses="0" visitedMethods="1" numMethods="1" />
              <MetadataToken>100663297</MetadataToken>
              <Name>System.Void ORCAUnitTest.UnitTest1::Init()</Name>
              <FileRef uid="1" />
              <SequencePoints>
                <SequencePoint vc="1" uspid="1" ordinal="0" offset="0" sl="39" sc="9" el="39" ec="10" bec="0" bev="0" fileid="1" />
                <SequencePoint vc="1" uspid="2" ordinal="1" offset="1" sl="41" sc="13" el="41" ec="51" bec="0" bev="0" fileid="1" />
                <SequencePoint vc="1" uspid="3" ordinal="2" offset="18" sl="44" sc="13" el="44" ec="54" bec="0" bev="0" fileid="1" />
                <SequencePoint vc="1" uspid="4" ordinal="3" offset="35" sl="45" sc="13" el="45" ec="59" bec="0" bev="0" fileid="1" />
                <SequencePoint vc="1" uspid="5" ordinal="4" offset="52" sl="49" sc="13" el="49" ec="57" bec="0" bev="0" fileid="1" />
                <SequencePoint vc="1" uspid="6" ordinal="5" offset="58" sl="50" sc="13" el="50" ec="79" bec="0" bev="0" fileid="1" />
                <SequencePoint vc="1" uspid="7" ordinal="6" offset="70" sl="53" sc="13" el="53" ec="75" bec="0" bev="0" fileid="1" />
                <SequencePoint vc="1" uspid="8" ordinal="7" offset="78" sl="54" sc="13" el="54" ec="49" bec="0" bev="0" fileid="1" />
                <SequencePoint vc="1" uspid="9" ordinal="8" offset="90" sl="57" sc="13" el="57" ec="120" bec="0" bev="0" fileid="1" />
                <SequencePoint vc="1" uspid="10" ordinal="9" offset="109" sl="58" sc="13" el="58" ec="57" bec="0" bev="0" fileid="1" />
                <SequencePoint vc="1" uspid="11" ordinal="10" offset="126" sl="59" sc="13" el="59" ec="51" bec="0" bev="0" fileid="1" />
                <SequencePoint vc="1" uspid="12" ordinal="11" offset="140" sl="62" sc="13" el="62" ec="50" bec="0" bev="0" fileid="1" />
                <SequencePoint vc="1" uspid="13" ordinal="12" offset="157" sl="63" sc="13" el="63" ec="72" bec="0" bev="0" fileid="1" />
                <SequencePoint vc="1" uspid="14" ordinal="13" offset="191" sl="64" sc="13" el="64" ec="45" bec="0" bev="0" fileid="1" />
                <SequencePoint vc="1" uspid="15" ordinal="14" offset="220" sl="69" sc="13" el="69" ec="113" bec="0" bev="0" fileid="1" />
                <SequencePoint vc="0" uspid="16" ordinal="15" offset="232" sl="72" sc="13" el="72" ec="74" bec="0" bev="0" fileid="1" />
                <SequencePoint vc="0" uspid="17" ordinal="16" offset="250" sl="75" sc="13" el="75" ec="88" bec="0" bev="0" fileid="1" />
                <SequencePoint vc="0" uspid="18" ordinal="17" offset="268" sl="76" sc="13" el="76" ec="119" bec="0" bev="0" fileid="1" />
                <SequencePoint vc="0" uspid="19" ordinal="18" offset="284" sl="78" sc="13" el="78" ec="48" bec="0" bev="0" fileid="1" />
                <SequencePoint vc="0" uspid="20" ordinal="19" offset="294" sl="81" sc="13" el="81" ec="91" bec="0" bev="0" fileid="1" />
                <SequencePoint vc="0" uspid="21" ordinal="20" offset="312" sl="83" sc="13" el="83" ec="50" bec="0" bev="0" fileid="1" />
                <SequencePoint vc="0" uspid="22" ordinal="21" offset="325" sl="84" sc="13" el="84" ec="85" bec="0" bev="0" fileid="1" />
                <SequencePoint vc="0" uspid="23" ordinal="22" offset="362" sl="85" sc="9" el="85" ec="10" bec="0" bev="0" fileid="1" />
              </SequencePoints>
              <BranchPoints />
              <MethodPoint xsi:type="SequencePoint" vc="1" uspid="1" ordinal="0" offset="0" sl="39" sc="9" el="39" ec="10" bec="0" bev="0" fileid="1" />
            </Method>
            <Method visited="false" cyclomaticComplexity="1" nPathComplexity="0" sequenceCoverage="0" branchCoverage="0" isConstructor="false" isStatic="false" isGetter="false" isSetter="false">
              <Summary numSequencePoints="8" visitedSequencePoints="0" numBranchPoints="1" visitedBranchPoints="0" sequenceCoverage="0" branchCoverage="0" maxCyclomaticComplexity="1" minCyclomaticComplexity="1" visitedClasses="0" numClasses="0" visitedMethods="0" numMethods="1" />
              <MetadataToken>100663298</MetadataToken>
              <Name>System.Void ORCAUnitTest.UnitTest1::GetContactItemTest1()</Name>
              <FileRef uid="1" />
              <SequencePoints>
                <SequencePoint vc="0" uspid="24" ordinal="0" offset="0" sl="93" sc="9" el="93" ec="10" bec="0" bev="0" fileid="1" />
                <SequencePoint vc="0" uspid="25" ordinal="1" offset="1" sl="95" sc="13" el="95" ec="51" bec="0" bev="0" fileid="1" />
                <SequencePoint vc="0" uspid="26" ordinal="2" offset="30" sl="96" sc="13" el="96" ec="88" bec="0" bev="0" fileid="1" />
                <SequencePoint vc="0" uspid="27" ordinal="3" offset="58" sl="99" sc="13" el="99" ec="93" bec="0" bev="0" fileid="1" />
                <SequencePoint vc="0" uspid="28" ordinal="4" offset="83" sl="100" sc="13" el="100" ec="67" bec="0" bev="0" fileid="1" />
                <SequencePoint vc="0" uspid="29" ordinal="5" offset="107" sl="103" sc="13" el="103" ec="88" bec="0" bev="0" fileid="1" />
                <SequencePoint vc="0" uspid="30" ordinal="6" offset="145" sl="106" sc="13" el="106" ec="33" bec="0" bev="0" fileid="1" />
                <SequencePoint vc="0" uspid="31" ordinal="7" offset="152" sl="107" sc="9" el="107" ec="10" bec="0" bev="0" fileid="1" />
              </SequencePoints>
              <BranchPoints />
              <MethodPoint xsi:type="SequencePoint" vc="0" uspid="24" ordinal="0" offset="0" sl="93" sc="9" el="93" ec="10" bec="0" bev="0" fileid="1" />
            </Method>
            <Method visited="false" cyclomaticComplexity="1" nPathComplexity="0" sequenceCoverage="0" branchCoverage="0" isConstructor="false" isStatic="false" isGetter="false" isSetter="false">
              <Summary numSequencePoints="8" visitedSequencePoints="0" numBranchPoints="1" visitedBranchPoints="0" sequenceCoverage="0" branchCoverage="0" maxCyclomaticComplexity="1" minCyclomaticComplexity="1" visitedClasses="0" numClasses="0" visitedMethods="0" numMethods="1" />
              <MetadataToken>100663299</MetadataToken>
              <Name>System.Void ORCAUnitTest.UnitTest1::GetContactItemTest2()</Name>
              <FileRef uid="1" />
              <SequencePoints>
                <SequencePoint vc="0" uspid="32" ordinal="0" offset="0" sl="115" sc="9" el="115" ec="10" bec="0" bev="0" fileid="1" />
                <SequencePoint vc="0" uspid="33" ordinal="1" offset="1" sl="117" sc="13" el="117" ec="51" bec="0" bev="0" fileid="1" />
                <SequencePoint vc="0" uspid="34" ordinal="2" offset="30" sl="118" sc="13" el="118" ec="82" bec="0" bev="0" fileid="1" />
                <SequencePoint vc="0" uspid="35" ordinal="3" offset="58" sl="122" sc="13" el="122" ec="113" bec="0" bev="0" fileid="1" />
                <SequencePoint vc="0" uspid="36" ordinal="4" offset="82" sl="123" sc="13" el="123" ec="61" bec="0" bev="0" fileid="1" />
                <SequencePoint vc="0" uspid="37" ordinal="5" offset="111" sl="130" sc="13" el="130" ec="86" bec="0" bev="0" fileid="1" />
                <SequencePoint vc="0" uspid="38" ordinal="6" offset="149" sl="132" sc="13" el="132" ec="102" bec="0" bev="0" fileid="1" />
                <SequencePoint vc="0" uspid="39" ordinal="7" offset="171" sl="133" sc="9" el="133" ec="10" bec="0" bev="0" fileid="1" />
              </SequencePoints>
              <BranchPoints />
              <MethodPoint xsi:type="SequencePoint" vc="0" uspid="32" ordinal="0" offset="0" sl="115" sc="9" el="115" ec="10" bec="0" bev="0" fileid="1" />
            </Method>
            <Method visited="false" cyclomaticComplexity="1" nPathComplexity="0" sequenceCoverage="0" branchCoverage="0" isConstructor="false" isStatic="false" isGetter="false" isSetter="false">
              <Summary numSequencePoints="14" visitedSequencePoints="0" numBranchPoints="1" visitedBranchPoints="0" sequenceCoverage="0" branchCoverage="0" maxCyclomaticComplexity="1" minCyclomaticComplexity="1" visitedClasses="0" numClasses="0" visitedMethods="0" numMethods="1" />
              <MetadataToken>100663300</MetadataToken>
              <Name>System.Void ORCAUnitTest.UnitTest1::GetContactItemTest3()</Name>
              <FileRef uid="1" />
              <SequencePoints>
                <SequencePoint vc="0" uspid="40" ordinal="0" offset="0" sl="141" sc="9" el="141" ec="10" bec="0" bev="0" fileid="1" />
                <SequencePoint vc="0" uspid="41" ordinal="1" offset="1" sl="145" sc="13" el="145" ec="51" bec="0" bev="0" fileid="1" />
                <SequencePoint vc="0" uspid="42" ordinal="2" offset="30" sl="148" sc="13" el="148" ec="107" bec="0" bev="0" fileid="1" />
                <SequencePoint vc="0" uspid="43" ordinal="3" offset="54" sl="149" sc="13" el="149" ec="61" bec="0" bev="0" fileid="1" />
                <SequencePoint vc="0" uspid="44" ordinal="4" offset="83" sl="151" sc="13" el="151" ec="61" bec="0" bev="0" fileid="1" />
                <SequencePoint vc="0" uspid="45" ordinal="5" offset="111" sl="152" sc="13" el="152" ec="77" bec="0" bev="0" fileid="1" />
                <SequencePoint vc="0" uspid="46" ordinal="6" offset="139" sl="153" sc="13" el="153" ec="88" bec="0" bev="0" fileid="1" />
                <SequencePoint vc="0" uspid="47" ordinal="7" offset="167" sl="154" sc="13" el="154" ec="57" bec="0" bev="0" fileid="1" />
                <SequencePoint vc="0" uspid="48" ordinal="8" offset="191" sl="157" sc="13" el="157" ec="88" bec="0" bev="0" fileid="1" />
                <SequencePoint vc="0" uspid="49" ordinal="9" offset="229" sl="159" sc="13" el="159" ec="76" bec="0" bev="0" fileid="1" />
                <SequencePoint vc="0" uspid="50" ordinal="10" offset="251" sl="160" sc="13" el="160" ec="88" bec="0" bev="0" fileid="1" />
                <SequencePoint vc="0" uspid="51" ordinal="11" offset="273" sl="161" sc="13" el="161" ec="99" bec="0" bev="0" fileid="1" />
                <SequencePoint vc="0" uspid="52" ordinal="12" offset="295" sl="162" sc="13" el="162" ec="42" bec="0" bev="0" fileid="1" />
                <SequencePoint vc="0" uspid="53" ordinal="13" offset="307" sl="163" sc="9" el="163" ec="10" bec="0" bev="0" fileid="1" />
              </SequencePoints>
              <BranchPoints />
              <MethodPoint xsi:type="SequencePoint" vc="0" uspid="40" ordinal="0" offset="0" sl="141" sc="9" el="141" ec="10" bec="0" bev="0" fileid="1" />
            </Method>
            <Method visited="false" cyclomaticComplexity="1" nPathComplexity="0" sequenceCoverage="0" branchCoverage="0" isConstructor="false" isStatic="false" isGetter="false" isSetter="false">
              <Summary numSequencePoints="14" visitedSequencePoints="0" numBranchPoints="1" visitedBranchPoints="0" sequenceCoverage="0" branchCoverage="0" maxCyclomaticComplexity="1" minCyclomaticComplexity="1" visitedClasses="0" numClasses="0" visitedMethods="0" numMethods="1" />
              <MetadataToken>100663301</MetadataToken>
              <Name>System.Void ORCAUnitTest.UnitTest1::GetContactItemTest4()</Name>
              <FileRef uid="1" />
              <SequencePoints>
                <SequencePoint vc="0" uspid="54" ordinal="0" offset="0" sl="171" sc="9" el="171" ec="10" bec="0" bev="0" fileid="1" />
                <SequencePoint vc="0" uspid="55" ordinal="1" offset="1" sl="175" sc="13" el="175" ec="51" bec="0" bev="0" fileid="1" />
                <SequencePoint vc="0" uspid="56" ordinal="2" offset="30" sl="178" sc="13" el="178" ec="101" bec="0" bev="0" fileid="1" />
                <SequencePoint vc="0" uspid="57" ordinal="3" offset="54" sl="179" sc="13" el="179" ec="61" bec="0" bev="0" fileid="1" />
                <SequencePoint vc="0" uspid="58" ordinal="4" offset="83" sl="181" sc="13" el="181" ec="63" bec="0" bev="0" fileid="1" />
                <SequencePoint vc="0" uspid="59" ordinal="5" offset="111" sl="182" sc="13" el="182" ec="63" bec="0" bev="0" fileid="1" />
                <SequencePoint vc="0" uspid="60" ordinal="6" offset="139" sl="183" sc="13" el="183" ec="88" bec="0" bev="0" fileid="1" />
                <SequencePoint vc="0" uspid="61" ordinal="7" offset="167" sl="184" sc="13" el="184" ec="49" bec="0" bev="0" fileid="1" />
                <SequencePoint vc="0" uspid="62" ordinal="8" offset="195" sl="187" sc="13" el="187" ec="88" bec="0" bev="0" fileid="1" />
                <SequencePoint vc="0" uspid="63" ordinal="9" offset="233" sl="189" sc="13" el="189" ec="80" bec="0" bev="0" fileid="1" />
                <SequencePoint vc="0" uspid="64" ordinal="10" offset="255" sl="190" sc="13" el="190" ec="74" bec="0" bev="0" fileid="1" />
                <SequencePoint vc="0" uspid="65" ordinal="11" offset="277" sl="191" sc="13" el="191" ec="99" bec="0" bev="0" fileid="1" />
                <SequencePoint vc="0" uspid="66" ordinal="12" offset="299" sl="192" sc="13" el="192" ec="60" bec="0" bev="0" fileid="1" />
                <SequencePoint vc="0" uspid="67" ordinal="13" offset="321" sl="193" sc="9" el="193" ec="10" bec="0" bev="0" fileid="1" />
              </SequencePoints>
              <BranchPoints />
              <MethodPoint xsi:type="SequencePoint" vc="0" uspid="54" ordinal="0" offset="0" sl="171" sc="9" el="171" ec="10" bec="0" bev="0" fileid="1" />
            </Method>
            <Method visited="false" cyclomaticComplexity="1" nPathComplexity="0" sequenceCoverage="0" branchCoverage="0" isConstructor="false" isStatic="false" isGetter="false" isSetter="false">
              <Summary numSequencePoints="8" visitedSequencePoints="0" numBranchPoints="1" visitedBranchPoints="0" sequenceCoverage="0" branchCoverage="0" maxCyclomaticComplexity="1" minCyclomaticComplexity="1" visitedClasses="0" numClasses="0" visitedMethods="0" numMethods="1" />
              <MetadataToken>100663302</MetadataToken>
              <Name>System.Void ORCAUnitTest.UnitTest1::GetContactItemTest5()</Name>
              <FileRef uid="1" />
              <SequencePoints>
                <SequencePoint vc="0" uspid="68" ordinal="0" offset="0" sl="201" sc="9" el="201" ec="10" bec="0" bev="0" fileid="1" />
                <SequencePoint vc="0" uspid="69" ordinal="1" offset="1" sl="203" sc="13" el="203" ec="51" bec="0" bev="0" fileid="1" />
                <SequencePoint vc="0" uspid="70" ordinal="2" offset="30" sl="204" sc="13" el="204" ec="67" bec="0" bev="0" fileid="1" />
                <SequencePoint vc="0" uspid="71" ordinal="3" offset="58" sl="207" sc="13" el="207" ec="103" bec="0" bev="0" fileid="1" />
                <SequencePoint vc="0" uspid="72" ordinal="4" offset="83" sl="208" sc="13" el="208" ec="67" bec="0" bev="0" fileid="1" />
                <SequencePoint vc="0" uspid="73" ordinal="5" offset="107" sl="211" sc="13" el="211" ec="88" bec="0" bev="0" fileid="1" />
                <SequencePoint vc="0" uspid="74" ordinal="6" offset="145" sl="213" sc="13" el="213" ec="33" bec="0" bev="0" fileid="1" />
                <SequencePoint vc="0" uspid="75" ordinal="7" offset="152" sl="214" sc="9" el="214" ec="10" bec="0" bev="0" fileid="1" />
              </SequencePoints>
              <BranchPoints />
              <MethodPoint xsi:type="SequencePoint" vc="0" uspid="68" ordinal="0" offset="0" sl="201" sc="9" el="201" ec="10" bec="0" bev="0" fileid="1" />
            </Method>
            <Method visited="false" cyclomaticComplexity="1" nPathComplexity="0" sequenceCoverage="0" branchCoverage="0" isConstructor="false" isStatic="false" isGetter="false" isSetter="false">
              <Summary numSequencePoints="18" visitedSequencePoints="0" numBranchPoints="1" visitedBranchPoints="0" sequenceCoverage="0" branchCoverage="0" maxCyclomaticComplexity="1" minCyclomaticComplexity="1" visitedClasses="0" numClasses="0" visitedMethods="0" numMethods="1" />
              <MetadataToken>100663303</MetadataToken>
              <Name>System.Void ORCAUnitTest.UnitTest1::GetContactItemTest6()</Name>
              <FileRef uid="1" />
              <SequencePoints>
                <SequencePoint vc="0" uspid="76" ordinal="0" offset="0" sl="222" sc="9" el="222" ec="10" bec="0" bev="0" fileid="1" />
                <SequencePoint vc="0" uspid="77" ordinal="1" offset="1" sl="224" sc="13" el="224" ec="51" bec="0" bev="0" fileid="1" />
                <SequencePoint vc="0" uspid="78" ordinal="2" offset="30" sl="225" sc="13" el="225" ec="77" bec="0" bev="0" fileid="1" />
                <SequencePoint vc="0" uspid="79" ordinal="3" offset="58" sl="228" sc="13" el="228" ec="103" bec="0" bev="0" fileid="1" />
                <SequencePoint vc="0" uspid="80" ordinal="4" offset="83" sl="229" sc="13" el="229" ec="67" bec="0" bev="0" fileid="1" />
                <SequencePoint vc="0" uspid="81" ordinal="5" offset="107" sl="232" sc="13" el="232" ec="62" bec="0" bev="0" fileid="1" />
                <SequencePoint vc="0" uspid="82" ordinal="6" offset="119" sl="233" sc="13" el="233" ec="94" bec="0" bev="0" fileid="1" />
                <SequencePoint vc="0" uspid="83" ordinal="7" offset="148" sl="234" sc="13" el="234" ec="75" bec="0" bev="0" fileid="1" />
                <SequencePoint vc="0" uspid="84" ordinal="8" offset="177" sl="236" sc="13" el="236" ec="71" bec="0" bev="0" fileid="1" />
                <SequencePoint vc="0" uspid="85" ordinal="9" offset="205" sl="237" sc="13" el="237" ec="77" bec="0" bev="0" fileid="1" />
                <SequencePoint vc="0" uspid="86" ordinal="10" offset="233" sl="238" sc="13" el="238" ec="88" bec="0" bev="0" fileid="1" />
                <SequencePoint vc="0" uspid="87" ordinal="11" offset="261" sl="239" sc="13" el="239" ec="57" bec="0" bev="0" fileid="1" />
                <SequencePoint vc="0" uspid="88" ordinal="12" offset="285" sl="245" sc="13" el="245" ec="88" bec="0" bev="0" fileid="1" />
                <SequencePoint vc="0" uspid="89" ordinal="13" offset="323" sl="247" sc="13" el="247" ec="88" bec="0" bev="0" fileid="1" />
                <SequencePoint vc="0" uspid="90" ordinal="14" offset="345" sl="248" sc="13" el="248" ec="88" bec="0" bev="0" fileid="1" />
                <SequencePoint vc="0" uspid="91" ordinal="15" offset="367" sl="249" sc="13" el="249" ec="99" bec="0" bev="0" fileid="1" />
                <SequencePoint vc="0" uspid="92" ordinal="16" offset="389" sl="250" sc="13" el="250" ec="42" bec="0" bev="0" fileid="1" />
                <SequencePoint vc="0" uspid="93" ordinal="17" offset="401" sl="251" sc="9" el="251" ec="10" bec="0" bev="0" fileid="1" />
              </SequencePoints>
              <BranchPoints />
              <MethodPoint xsi:type="SequencePoint" vc="0" uspid="76" ordinal="0" offset="0" sl="222" sc="9" el="222" ec="10" bec="0" bev="0" fileid="1" />
            </Method>
            <Method visited="false" cyclomaticComplexity="1" nPathComplexity="0" sequenceCoverage="0" branchCoverage="0" isConstructor="false" isStatic="false" isGetter="false" isSetter="false">
              <Summary numSequencePoints="18" visitedSequencePoints="0" numBranchPoints="1" visitedBranchPoints="0" sequenceCoverage="0" branchCoverage="0" maxCyclomaticComplexity="1" minCyclomaticComplexity="1" visitedClasses="0" numClasses="0" visitedMethods="0" numMethods="1" />
              <MetadataToken>100663304</MetadataToken>
              <Name>System.Void ORCAUnitTest.UnitTest1::GetContactItemTest7()</Name>
              <FileRef uid="1" />
              <SequencePoints>
                <SequencePoint vc="0" uspid="94" ordinal="0" offset="0" sl="259" sc="9" el="259" ec="10" bec="0" bev="0" fileid="1" />
                <SequencePoint vc="0" uspid="95" ordinal="1" offset="1" sl="261" sc="13" el="261" ec="51" bec="0" bev="0" fileid="1" />
                <SequencePoint vc="0" uspid="96" ordinal="2" offset="30" sl="262" sc="13" el="262" ec="72" bec="0" bev="0" fileid="1" />
                <SequencePoint vc="0" uspid="97" ordinal="3" offset="58" sl="265" sc="13" el="265" ec="103" bec="0" bev="0" fileid="1" />
                <SequencePoint vc="0" uspid="98" ordinal="4" offset="83" sl="266" sc="13" el="266" ec="67" bec="0" bev="0" fileid="1" />
                <SequencePoint vc="0" uspid="99" ordinal="5" offset="107" sl="269" sc="13" el="269" ec="62" bec="0" bev="0" fileid="1" />
                <SequencePoint vc="0" uspid="100" ordinal="6" offset="119" sl="270" sc="13" el="270" ec="89" bec="0" bev="0" fileid="1" />
                <SequencePoint vc="0" uspid="101" ordinal="7" offset="148" sl="271" sc="13" el="271" ec="75" bec="0" bev="0" fileid="1" />
                <SequencePoint vc="0" uspid="102" ordinal="8" offset="177" sl="273" sc="13" el="273" ec="69" bec="0" bev="0" fileid="1" />
                <SequencePoint vc="0" uspid="103" ordinal="9" offset="205" sl="274" sc="13" el="274" ec="63" bec="0" bev="0" fileid="1" />
                <SequencePoint vc="0" uspid="104" ordinal="10" offset="233" sl="275" sc="13" el="275" ec="88" bec="0" bev="0" fileid="1" />
                <SequencePoint vc="0" uspid="105" ordinal="11" offset="261" sl="276" sc="13" el="276" ec="49" bec="0" bev="0" fileid="1" />
                <SequencePoint vc="0" uspid="106" ordinal="12" offset="289" sl="280" sc="13" el="280" ec="88" bec="0" bev="0" fileid="1" />
                <SequencePoint vc="0" uspid="107" ordinal="13" offset="327" sl="282" sc="13" el="282" ec="86" bec="0" bev="0" fileid="1" />
                <SequencePoint vc="0" uspid="108" ordinal="14" offset="349" sl="283" sc="13" el="283" ec="74" bec="0" bev="0" fileid="1" />
                <SequencePoint vc="0" uspid="109" ordinal="15" offset="371" sl="284" sc="13" el="284" ec="99" bec="0" bev="0" fileid="1" />
                <SequencePoint vc="0" uspid="110" ordinal="16" offset="393" sl="285" sc="13" el="285" ec="60" bec="0" bev="0" fileid="1" />
                <SequencePoint vc="0" uspid="111" ordinal="17" offset="415" sl="286" sc="9" el="286" ec="10" bec="0" bev="0" fileid="1" />
              </SequencePoints>
              <BranchPoints />
              <MethodPoint xsi:type="SequencePoint" vc="0" uspid="94" ordinal="0" offset="0" sl="259" sc="9" el="259" ec="10" bec="0" bev="0" fileid="1" />
            </Method>
            <Method visited="false" cyclomaticComplexity="1" nPathComplexity="0" sequenceCoverage="0" branchCoverage="0" isConstructor="false" isStatic="false" isGetter="false" isSetter="false">
              <Summary numSequencePoints="2" visitedSequencePoints="0" numBranchPoints="1" visitedBranchPoints="0" sequenceCoverage="0" branchCoverage="0" maxCyclomaticComplexity="1" minCyclomaticComplexity="1" visitedClasses="0" numClasses="0" visitedMethods="0" numMethods="1" />
              <MetadataToken>100663305</MetadataToken>
              <Name>System.Void ORCAUnitTest.UnitTest1::GetContactItemTest8()</Name>
              <FileRef uid="1" />
              <SequencePoints>
                <SequencePoint vc="0" uspid="112" ordinal="0" offset="0" sl="294" sc="9" el="294" ec="10" bec="0" bev="0" fileid="1" />
                <SequencePoint vc="0" uspid="113" ordinal="1" offset="1" sl="297" sc="9" el="297" ec="10" bec="0" bev="0" fileid="1" />
              </SequencePoints>
              <BranchPoints />
              <MethodPoint xsi:type="SequencePoint" vc="0" uspid="112" ordinal="0" offset="0" sl="294" sc="9" el="294" ec="10" bec="0" bev="0" fileid="1" />
            </Method>
            <Method visited="true" cyclomaticComplexity="1" nPathComplexity="0" sequenceCoverage="0" branchCoverage="0" isConstructor="true" isStatic="false" isGetter="false" isSetter="false">
              <Summary numSequencePoints="0" visitedSequencePoints="0" numBranchPoints="0" visitedBranchPoints="0" sequenceCoverage="0" branchCoverage="0" maxCyclomaticComplexity="1" minCyclomaticComplexity="1" visitedClasses="0" numClasses="0" visitedMethods="0" numMethods="0" />
              <MetadataToken>100663306</MetadataToken>
              <Name>System.Void ORCAUnitTest.UnitTest1::.ctor()</Name>
              <SequencePoints />
              <BranchPoints />
              <MethodPoint vc="1" uspid="114" ordinal="0" offset="0" />
            </Method>
          </Methods>
        </Class>
        <Class>
          <Summary numSequencePoints="24" visitedSequencePoints="3" numBranchPoints="16" visitedBranchPoints="1" sequenceCoverage="12.5" branchCoverage="6.25" maxCyclomaticComplexity="2" minCyclomaticComplexity="1" visitedClasses="1" numClasses="1" visitedMethods="1" numMethods="16" />
          <FullName>ORCAUnitTest.UnitTest1/TestAddIn</FullName>
          <Methods>
            <Method visited="false" cyclomaticComplexity="1" nPathComplexity="0" sequenceCoverage="0" branchCoverage="0" isConstructor="false" isStatic="false" isGetter="true" isSetter="false">
              <Summary numSequencePoints="1" visitedSequencePoints="0" numBranchPoints="1" visitedBranchPoints="0" sequenceCoverage="0" branchCoverage="0" maxCyclomaticComplexity="1" minCyclomaticComplexity="1" visitedClasses="0" numClasses="0" visitedMethods="0" numMethods="1" />
              <MetadataToken>100663517</MetadataToken>
              <Name>System.Windows.Forms.BindingContext ORCAUnitTest.UnitTest1/TestAddIn::get_BindingContext()</Name>
              <FileRef uid="1" />
              <SequencePoints>
                <SequencePoint vc="0" uspid="115" ordinal="0" offset="0" sl="303" sc="15" el="303" ec="19" bec="0" bev="0" fileid="1" />
              </SequencePoints>
              <BranchPoints />
              <MethodPoint xsi:type="SequencePoint" vc="0" uspid="115" ordinal="0" offset="0" sl="303" sc="15" el="303" ec="19" bec="0" bev="0" fileid="1" />
            </Method>
            <Method visited="false" cyclomaticComplexity="1" nPathComplexity="0" sequenceCoverage="0" branchCoverage="0" isConstructor="false" isStatic="false" isGetter="false" isSetter="true">
              <Summary numSequencePoints="1" visitedSequencePoints="0" numBranchPoints="1" visitedBranchPoints="0" sequenceCoverage="0" branchCoverage="0" maxCyclomaticComplexity="1" minCyclomaticComplexity="1" visitedClasses="0" numClasses="0" visitedMethods="0" numMethods="1" />
              <MetadataToken>100663518</MetadataToken>
              <Name>System.Void ORCAUnitTest.UnitTest1/TestAddIn::set_BindingContext(System.Windows.Forms.BindingContext)</Name>
              <FileRef uid="1" />
              <SequencePoints>
                <SequencePoint vc="0" uspid="116" ordinal="0" offset="0" sl="303" sc="20" el="303" ec="24" bec="0" bev="0" fileid="1" />
              </SequencePoints>
              <BranchPoints />
              <MethodPoint xsi:type="SequencePoint" vc="0" uspid="116" ordinal="0" offset="0" sl="303" sc="20" el="303" ec="24" bec="0" bev="0" fileid="1" />
            </Method>
            <Method visited="false" cyclomaticComplexity="1" nPathComplexity="0" sequenceCoverage="0" branchCoverage="0" isConstructor="false" isStatic="false" isGetter="true" isSetter="false">
              <Summary numSequencePoints="1" visitedSequencePoints="0" numBranchPoints="1" visitedBranchPoints="0" sequenceCoverage="0" branchCoverage="0" maxCyclomaticComplexity="1" minCyclomaticComplexity="1" visitedClasses="0" numClasses="0" visitedMethods="0" numMethods="1" />
              <MetadataToken>100663519</MetadataToken>
              <Name>System.Windows.Forms.ControlBindingsCollection ORCAUnitTest.UnitTest1/TestAddIn::get_DataBindings()</Name>
              <FileRef uid="1" />
              <SequencePoints>
                <SequencePoint vc="0" uspid="117" ordinal="0" offset="0" sl="306" sc="15" el="306" ec="19" bec="0" bev="0" fileid="1" />
              </SequencePoints>
              <BranchPoints />
              <MethodPoint xsi:type="SequencePoint" vc="0" uspid="117" ordinal="0" offset="0" sl="306" sc="15" el="306" ec="19" bec="0" bev="0" fileid="1" />
            </Method>
            <Method visited="false" cyclomaticComplexity="1" nPathComplexity="0" sequenceCoverage="0" branchCoverage="0" isConstructor="false" isStatic="false" isGetter="true" isSetter="false">
              <Summary numSequencePoints="1" visitedSequencePoints="0" numBranchPoints="1" visitedBranchPoints="0" sequenceCoverage="0" branchCoverage="0" maxCyclomaticComplexity="1" minCyclomaticComplexity="1" visitedClasses="0" numClasses="0" visitedMethods="0" numMethods="1" />
              <MetadataToken>100663520</MetadataToken>
              <Name>Microsoft.Office.Tools.ICachedDataProvider ORCAUnitTest.UnitTest1/TestAddIn::get_DataHost()</Name>
              <FileRef uid="1" />
              <SequencePoints>
                <SequencePoint vc="0" uspid="118" ordinal="0" offset="0" sl="309" sc="15" el="309" ec="19" bec="0" bev="0" fileid="1" />
              </SequencePoints>
              <BranchPoints />
              <MethodPoint xsi:type="SequencePoint" vc="0" uspid="118" ordinal="0" offset="0" sl="309" sc="15" el="309" ec="19" bec="0" bev="0" fileid="1" />
            </Method>
            <Method visited="true" cyclomaticComplexity="1" nPathComplexity="0" sequenceCoverage="100" branchCoverage="100" isConstructor="false" isStatic="false" isGetter="true" isSetter="false">
              <Summary numSequencePoints="3" visitedSequencePoints="3" numBranchPoints="1" visitedBranchPoints="1" sequenceCoverage="100" branchCoverage="100" maxCyclomaticComplexity="1" minCyclomaticComplexity="1" visitedClasses="0" numClasses="0" visitedMethods="1" numMethods="1" />
              <MetadataToken>100663521</MetadataToken>
              <Name>Microsoft.Office.Tools.IAddInExtension ORCAUnitTest.UnitTest1/TestAddIn::get_DefaultExtension()</Name>
              <FileRef uid="1" />
              <SequencePoints>
                <SequencePoint vc="1" uspid="119" ordinal="0" offset="0" sl="314" sc="17" el="314" ec="18" bec="0" bev="0" fileid="1" />
                <SequencePoint vc="1" uspid="120" ordinal="1" offset="1" sl="315" sc="21" el="315" ec="62" bec="0" bev="0" fileid="1" />
                <SequencePoint vc="1" uspid="121" ordinal="2" offset="15" sl="316" sc="17" el="316" ec="18" bec="0" bev="0" fileid="1" />
              </SequencePoints>
              <BranchPoints />
              <MethodPoint xsi:type="SequencePoint" vc="1" uspid="119" ordinal="0" offset="0" sl="314" sc="17" el="314" ec="18" bec="0" bev="0" fileid="1" />
            </Method>
            <Method visited="false" cyclomaticComplexity="1" nPathComplexity="0" sequenceCoverage="0" branchCoverage="0" isConstructor="false" isStatic="false" isGetter="true" isSetter="false">
              <Summary numSequencePoints="3" visitedSequencePoints="0" numBranchPoints="1" visitedBranchPoints="0" sequenceCoverage="0" branchCoverage="0" maxCyclomaticComplexity="1" minCyclomaticComplexity="1" visitedClasses="0" numClasses="0" visitedMethods="0" numMethods="1" />
              <MetadataToken>100663522</MetadataToken>
              <Name>Microsoft.Office.Tools.IAddInExtension ORCAUnitTest.UnitTest1/TestAddIn::get_Extension()</Name>
              <FileRef uid="1" />
              <SequencePoints>
                <SequencePoint vc="0" uspid="122" ordinal="0" offset="0" sl="322" sc="17" el="322" ec="18" bec="0" bev="0" fileid="1" />
                <SequencePoint vc="0" uspid="123" ordinal="1" offset="1" sl="323" sc="21" el="323" ec="62" bec="0" bev="0" fileid="1" />
                <SequencePoint vc="0" uspid="124" ordinal="2" offset="15" sl="324" sc="17" el="324" ec="18" bec="0" bev="0" fileid="1" />
              </SequencePoints>
              <BranchPoints />
              <MethodPoint xsi:type="SequencePoint" vc="0" uspid="122" ordinal="0" offset="0" sl="322" sc="17" el="322" ec="18" bec="0" bev="0" fileid="1" />
            </Method>
            <Method visited="false" cyclomaticComplexity="1" nPathComplexity="0" sequenceCoverage="0" branchCoverage="0" isConstructor="false" isStatic="false" isGetter="true" isSetter="false">
              <Summary numSequencePoints="1" visitedSequencePoints="0" numBranchPoints="1" visitedBranchPoints="0" sequenceCoverage="0" branchCoverage="0" maxCyclomaticComplexity="1" minCyclomaticComplexity="1" visitedClasses="0" numClasses="0" visitedMethods="0" numMethods="1" />
              <MetadataToken>100663523</MetadataToken>
              <Name>System.IServiceProvider ORCAUnitTest.UnitTest1/TestAddIn::get_HostContext()</Name>
              <FileRef uid="1" />
              <SequencePoints>
                <SequencePoint vc="0" uspid="125" ordinal="0" offset="0" sl="328" sc="15" el="328" ec="19" bec="0" bev="0" fileid="1" />
              </SequencePoints>
              <BranchPoints />
              <MethodPoint xsi:type="SequencePoint" vc="0" uspid="125" ordinal="0" offset="0" sl="328" sc="15" el="328" ec="19" bec="0" bev="0" fileid="1" />
            </Method>
            <Method visited="false" cyclomaticComplexity="1" nPathComplexity="0" sequenceCoverage="0" branchCoverage="0" isConstructor="false" isStatic="false" isGetter="true" isSetter="false">
              <Summary numSequencePoints="1" visitedSequencePoints="0" numBranchPoints="1" visitedBranchPoints="0" sequenceCoverage="0" branchCoverage="0" maxCyclomaticComplexity="1" minCyclomaticComplexity="1" visitedClasses="0" numClasses="0" visitedMethods="0" numMethods="1" />
              <MetadataToken>100663524</MetadataToken>
              <Name>Microsoft.Office.Tools.IHostItemProvider ORCAUnitTest.UnitTest1/TestAddIn::get_ItemProvider()</Name>
              <FileRef uid="1" />
              <SequencePoints>
                <SequencePoint vc="0" uspid="126" ordinal="0" offset="0" sl="331" sc="15" el="331" ec="19" bec="0" bev="0" fileid="1" />
              </SequencePoints>
              <BranchPoints />
              <MethodPoint xsi:type="SequencePoint" vc="0" uspid="126" ordinal="0" offset="0" sl="331" sc="15" el="331" ec="19" bec="0" bev="0" fileid="1" />
            </Method>
            <Method visited="false" cyclomaticComplexity="1" nPathComplexity="0" sequenceCoverage="0" branchCoverage="0" isConstructor="false" isStatic="false" isGetter="true" isSetter="false">
              <Summary numSequencePoints="1" visitedSequencePoints="0" numBranchPoints="1" visitedBranchPoints="0" sequenceCoverage="0" branchCoverage="0" maxCyclomaticComplexity="1" minCyclomaticComplexity="1" visitedClasses="0" numClasses="0" visitedMethods="0" numMethods="1" />
              <MetadataToken>100663525</MetadataToken>
              <Name>System.ComponentModel.ISite ORCAUnitTest.UnitTest1/TestAddIn::get_Site()</Name>
              <FileRef uid="1" />
              <SequencePoints>
                <SequencePoint vc="0" uspid="127" ordinal="0" offset="0" sl="334" sc="15" el="334" ec="19" bec="0" bev="0" fileid="1" />
              </SequencePoints>
              <BranchPoints />
              <MethodPoint xsi:type="SequencePoint" vc="0" uspid="127" ordinal="0" offset="0" sl="334" sc="15" el="334" ec="19" bec="0" bev="0" fileid="1" />
            </Method>
            <Method visited="false" cyclomaticComplexity="1" nPathComplexity="0" sequenceCoverage="0" branchCoverage="0" isConstructor="false" isStatic="false" isGetter="false" isSetter="true">
              <Summary numSequencePoints="1" visitedSequencePoints="0" numBranchPoints="1" visitedBranchPoints="0" sequenceCoverage="0" branchCoverage="0" maxCyclomaticComplexity="1" minCyclomaticComplexity="1" visitedClasses="0" numClasses="0" visitedMethods="0" numMethods="1" />
              <MetadataToken>100663526</MetadataToken>
              <Name>System.Void ORCAUnitTest.UnitTest1/TestAddIn::set_Site(System.ComponentModel.ISite)</Name>
              <FileRef uid="1" />
              <SequencePoints>
                <SequencePoint vc="0" uspid="128" ordinal="0" offset="0" sl="334" sc="20" el="334" ec="24" bec="0" bev="0" fileid="1" />
              </SequencePoints>
              <BranchPoints />
              <MethodPoint xsi:type="SequencePoint" vc="0" uspid="128" ordinal="0" offset="0" sl="334" sc="20" el="334" ec="24" bec="0" bev="0" fileid="1" />
            </Method>
            <Method visited="false" cyclomaticComplexity="1" nPathComplexity="0" sequenceCoverage="0" branchCoverage="0" isConstructor="false" isStatic="false" isGetter="true" isSetter="false">
              <Summary numSequencePoints="1" visitedSequencePoints="0" numBranchPoints="1" visitedBranchPoints="0" sequenceCoverage="0" branchCoverage="0" maxCyclomaticComplexity="1" minCyclomaticComplexity="1" visitedClasses="0" numClasses="0" visitedMethods="0" numMethods="1" />
              <MetadataToken>100663527</MetadataToken>
              <Name>System.Object ORCAUnitTest.UnitTest1/TestAddIn::get_Tag()</Name>
              <FileRef uid="1" />
              <SequencePoints>
                <SequencePoint vc="0" uspid="129" ordinal="0" offset="0" sl="337" sc="15" el="337" ec="19" bec="0" bev="0" fileid="1" />
              </SequencePoints>
              <BranchPoints />
              <MethodPoint xsi:type="SequencePoint" vc="0" uspid="129" ordinal="0" offset="0" sl="337" sc="15" el="337" ec="19" bec="0" bev="0" fileid="1" />
            </Method>
            <Method visited="false" cyclomaticComplexity="1" nPathComplexity="0" sequenceCoverage="0" branchCoverage="0" isConstructor="false" isStatic="false" isGetter="false" isSetter="true">
              <Summary numSequencePoints="1" visitedSequencePoints="0" numBranchPoints="1" visitedBranchPoints="0" sequenceCoverage="0" branchCoverage="0" maxCyclomaticComplexity="1" minCyclomaticComplexity="1" visitedClasses="0" numClasses="0" visitedMethods="0" numMethods="1" />
              <MetadataToken>100663528</MetadataToken>
              <Name>System.Void ORCAUnitTest.UnitTest1/TestAddIn::set_Tag(System.Object)</Name>
              <FileRef uid="1" />
              <SequencePoints>
                <SequencePoint vc="0" uspid="130" ordinal="0" offset="0" sl="337" sc="20" el="337" ec="24" bec="0" bev="0" fileid="1" />
              </SequencePoints>
              <BranchPoints />
              <MethodPoint xsi:type="SequencePoint" vc="0" uspid="130" ordinal="0" offset="0" sl="337" sc="20" el="337" ec="24" bec="0" bev="0" fileid="1" />
            </Method>
            <Method visited="false" cyclomaticComplexity="2" nPathComplexity="0" sequenceCoverage="0" branchCoverage="0" isConstructor="false" isStatic="false" isGetter="false" isSetter="false">
              <Summary numSequencePoints="0" visitedSequencePoints="0" numBranchPoints="0" visitedBranchPoints="0" sequenceCoverage="0" branchCoverage="0" maxCyclomaticComplexity="2" minCyclomaticComplexity="2" visitedClasses="0" numClasses="0" visitedMethods="0" numMethods="0" />
              <MetadataToken>100663529</MetadataToken>
              <Name>System.Void ORCAUnitTest.UnitTest1/TestAddIn::add_BindingContextChanged(System.EventHandler)</Name>
              <SequencePoints />
              <BranchPoints />
              <MethodPoint vc="0" uspid="131" ordinal="0" offset="0" />
            </Method>
            <Method visited="false" cyclomaticComplexity="2" nPathComplexity="0" sequenceCoverage="0" branchCoverage="0" isConstructor="false" isStatic="false" isGetter="false" isSetter="false">
              <Summary numSequencePoints="0" visitedSequencePoints="0" numBranchPoints="0" visitedBranchPoints="0" sequenceCoverage="0" branchCoverage="0" maxCyclomaticComplexity="2" minCyclomaticComplexity="2" visitedClasses="0" numClasses="0" visitedMethods="0" numMethods="0" />
              <MetadataToken>100663530</MetadataToken>
              <Name>System.Void ORCAUnitTest.UnitTest1/TestAddIn::remove_BindingContextChanged(System.EventHandler)</Name>
              <SequencePoints />
              <BranchPoints />
              <MethodPoint vc="0" uspid="132" ordinal="0" offset="0" />
            </Method>
            <Method visited="false" cyclomaticComplexity="2" nPathComplexity="0" sequenceCoverage="0" branchCoverage="0" isConstructor="false" isStatic="false" isGetter="false" isSetter="false">
              <Summary numSequencePoints="0" visitedSequencePoints="0" numBranchPoints="0" visitedBranchPoints="0" sequenceCoverage="0" branchCoverage="0" maxCyclomaticComplexity="2" minCyclomaticComplexity="2" visitedClasses="0" numClasses="0" visitedMethods="0" numMethods="0" />
              <MetadataToken>100663531</MetadataToken>
              <Name>System.Void ORCAUnitTest.UnitTest1/TestAddIn::add_Disposed(System.EventHandler)</Name>
              <SequencePoints />
              <BranchPoints />
              <MethodPoint vc="0" uspid="133" ordinal="0" offset="0" />
            </Method>
            <Method visited="false" cyclomaticComplexity="2" nPathComplexity="0" sequenceCoverage="0" branchCoverage="0" isConstructor="false" isStatic="false" isGetter="false" isSetter="false">
              <Summary numSequencePoints="0" visitedSequencePoints="0" numBranchPoints="0" visitedBranchPoints="0" sequenceCoverage="0" branchCoverage="0" maxCyclomaticComplexity="2" minCyclomaticComplexity="2" visitedClasses="0" numClasses="0" visitedMethods="0" numMethods="0" />
              <MetadataToken>100663532</MetadataToken>
              <Name>System.Void ORCAUnitTest.UnitTest1/TestAddIn::remove_Disposed(System.EventHandler)</Name>
              <SequencePoints />
              <BranchPoints />
              <MethodPoint vc="0" uspid="134" ordinal="0" offset="0" />
            </Method>
            <Method visited="false" cyclomaticComplexity="2" nPathComplexity="0" sequenceCoverage="0" branchCoverage="0" isConstructor="false" isStatic="false" isGetter="false" isSetter="false">
              <Summary numSequencePoints="0" visitedSequencePoints="0" numBranchPoints="0" visitedBranchPoints="0" sequenceCoverage="0" branchCoverage="0" maxCyclomaticComplexity="2" minCyclomaticComplexity="2" visitedClasses="0" numClasses="0" visitedMethods="0" numMethods="0" />
              <MetadataToken>100663533</MetadataToken>
              <Name>System.Void ORCAUnitTest.UnitTest1/TestAddIn::add_FormRegionFactoryResolve(Microsoft.Office.Tools.Outlook.FormRegionFactoryResolveEventHandler)</Name>
              <SequencePoints />
              <BranchPoints />
              <MethodPoint vc="0" uspid="135" ordinal="0" offset="0" />
            </Method>
            <Method visited="false" cyclomaticComplexity="2" nPathComplexity="0" sequenceCoverage="0" branchCoverage="0" isConstructor="false" isStatic="false" isGetter="false" isSetter="false">
              <Summary numSequencePoints="0" visitedSequencePoints="0" numBranchPoints="0" visitedBranchPoints="0" sequenceCoverage="0" branchCoverage="0" maxCyclomaticComplexity="2" minCyclomaticComplexity="2" visitedClasses="0" numClasses="0" visitedMethods="0" numMethods="0" />
              <MetadataToken>100663534</MetadataToken>
              <Name>System.Void ORCAUnitTest.UnitTest1/TestAddIn::remove_FormRegionFactoryResolve(Microsoft.Office.Tools.Outlook.FormRegionFactoryResolveEventHandler)</Name>
              <SequencePoints />
              <BranchPoints />
              <MethodPoint vc="0" uspid="136" ordinal="0" offset="0" />
            </Method>
            <Method visited="false" cyclomaticComplexity="2" nPathComplexity="0" sequenceCoverage="0" branchCoverage="0" isConstructor="false" isStatic="false" isGetter="false" isSetter="false">
              <Summary numSequencePoints="0" visitedSequencePoints="0" numBranchPoints="0" visitedBranchPoints="0" sequenceCoverage="0" branchCoverage="0" maxCyclomaticComplexity="2" minCyclomaticComplexity="2" visitedClasses="0" numClasses="0" visitedMethods="0" numMethods="0" />
              <MetadataToken>100663535</MetadataToken>
              <Name>System.Void ORCAUnitTest.UnitTest1/TestAddIn::add_Shutdown(System.EventHandler)</Name>
              <SequencePoints />
              <BranchPoints />
              <MethodPoint vc="0" uspid="137" ordinal="0" offset="0" />
            </Method>
            <Method visited="false" cyclomaticComplexity="2" nPathComplexity="0" sequenceCoverage="0" branchCoverage="0" isConstructor="false" isStatic="false" isGetter="false" isSetter="false">
              <Summary numSequencePoints="0" visitedSequencePoints="0" numBranchPoints="0" visitedBranchPoints="0" sequenceCoverage="0" branchCoverage="0" maxCyclomaticComplexity="2" minCyclomaticComplexity="2" visitedClasses="0" numClasses="0" visitedMethods="0" numMethods="0" />
              <MetadataToken>100663536</MetadataToken>
              <Name>System.Void ORCAUnitTest.UnitTest1/TestAddIn::remove_Shutdown(System.EventHandler)</Name>
              <SequencePoints />
              <BranchPoints />
              <MethodPoint vc="0" uspid="138" ordinal="0" offset="0" />
            </Method>
            <Method visited="false" cyclomaticComplexity="2" nPathComplexity="0" sequenceCoverage="0" branchCoverage="0" isConstructor="false" isStatic="false" isGetter="false" isSetter="false">
              <Summary numSequencePoints="0" visitedSequencePoints="0" numBranchPoints="0" visitedBranchPoints="0" sequenceCoverage="0" branchCoverage="0" maxCyclomaticComplexity="2" minCyclomaticComplexity="2" visitedClasses="0" numClasses="0" visitedMethods="0" numMethods="0" />
              <MetadataToken>100663537</MetadataToken>
              <Name>System.Void ORCAUnitTest.UnitTest1/TestAddIn::add_Startup(System.EventHandler)</Name>
              <SequencePoints />
              <BranchPoints />
              <MethodPoint vc="0" uspid="139" ordinal="0" offset="0" />
            </Method>
            <Method visited="false" cyclomaticComplexity="2" nPathComplexity="0" sequenceCoverage="0" branchCoverage="0" isConstructor="false" isStatic="false" isGetter="false" isSetter="false">
              <Summary numSequencePoints="0" visitedSequencePoints="0" numBranchPoints="0" visitedBranchPoints="0" sequenceCoverage="0" branchCoverage="0" maxCyclomaticComplexity="2" minCyclomaticComplexity="2" visitedClasses="0" numClasses="0" visitedMethods="0" numMethods="0" />
              <MetadataToken>100663538</MetadataToken>
              <Name>System.Void ORCAUnitTest.UnitTest1/TestAddIn::remove_Startup(System.EventHandler)</Name>
              <SequencePoints />
              <BranchPoints />
              <MethodPoint vc="0" uspid="140" ordinal="0" offset="0" />
            </Method>
            <Method visited="false" cyclomaticComplexity="1" nPathComplexity="0" sequenceCoverage="0" branchCoverage="0" isConstructor="false" isStatic="false" isGetter="false" isSetter="false">
              <Summary numSequencePoints="2" visitedSequencePoints="0" numBranchPoints="1" visitedBranchPoints="0" sequenceCoverage="0" branchCoverage="0" maxCyclomaticComplexity="1" minCyclomaticComplexity="1" visitedClasses="0" numClasses="0" visitedMethods="0" numMethods="1" />
              <MetadataToken>100663539</MetadataToken>
              <Name>System.Void ORCAUnitTest.UnitTest1/TestAddIn::Dispose()</Name>
              <FileRef uid="1" />
              <SequencePoints>
                <SequencePoint vc="0" uspid="141" ordinal="0" offset="0" sl="346" sc="13" el="346" ec="14" bec="0" bev="0" fileid="1" />
                <SequencePoint vc="0" uspid="142" ordinal="1" offset="1" sl="348" sc="13" el="348" ec="14" bec="0" bev="0" fileid="1" />
              </SequencePoints>
              <BranchPoints />
              <MethodPoint xsi:type="SequencePoint" vc="0" uspid="141" ordinal="0" offset="0" sl="346" sc="13" el="346" ec="14" bec="0" bev="0" fileid="1" />
            </Method>
            <Method visited="false" cyclomaticComplexity="1" nPathComplexity="0" sequenceCoverage="0" branchCoverage="0" isConstructor="false" isStatic="false" isGetter="false" isSetter="false">
              <Summary numSequencePoints="2" visitedSequencePoints="0" numBranchPoints="1" visitedBranchPoints="0" sequenceCoverage="0" branchCoverage="0" maxCyclomaticComplexity="1" minCyclomaticComplexity="1" visitedClasses="0" numClasses="0" visitedMethods="0" numMethods="1" />
              <MetadataToken>100663540</MetadataToken>
              <Name>System.Collections.Generic.IList`1&lt;Microsoft.Office.Tools.Outlook.IFormRegion&gt; ORCAUnitTest.UnitTest1/TestAddIn::GetFormRegions()</Name>
              <FileRef uid="1" />
              <SequencePoints>
                <SequencePoint vc="0" uspid="143" ordinal="0" offset="0" sl="351" sc="13" el="351" ec="14" bec="0" bev="0" fileid="1" />
                <SequencePoint vc="0" uspid="144" ordinal="1" offset="1" sl="352" sc="17" el="352" ec="53" bec="0" bev="0" fileid="1" />
              </SequencePoints>
              <BranchPoints />
              <MethodPoint xsi:type="SequencePoint" vc="0" uspid="143" ordinal="0" offset="0" sl="351" sc="13" el="351" ec="14" bec="0" bev="0" fileid="1" />
            </Method>
            <Method visited="false" cyclomaticComplexity="1" nPathComplexity="0" sequenceCoverage="0" branchCoverage="0" isConstructor="false" isStatic="false" isGetter="false" isSetter="false">
              <Summary numSequencePoints="2" visitedSequencePoints="0" numBranchPoints="1" visitedBranchPoints="0" sequenceCoverage="0" branchCoverage="0" maxCyclomaticComplexity="1" minCyclomaticComplexity="1" visitedClasses="0" numClasses="0" visitedMethods="0" numMethods="1" />
              <MetadataToken>100663541</MetadataToken>
              <Name>System.Collections.Generic.IList`1&lt;Microsoft.Office.Tools.Outlook.IFormRegion&gt; ORCAUnitTest.UnitTest1/TestAddIn::GetFormRegions(Microsoft.Office.Interop.Outlook.Inspector,System.Type)</Name>
              <FileRef uid="1" />
              <SequencePoints>
                <SequencePoint vc="0" uspid="145" ordinal="0" offset="0" sl="356" sc="13" el="356" ec="14" bec="0" bev="0" fileid="1" />
                <SequencePoint vc="0" uspid="146" ordinal="1" offset="1" sl="357" sc="17" el="357" ec="53" bec="0" bev="0" fileid="1" />
              </SequencePoints>
              <BranchPoints />
              <MethodPoint xsi:type="SequencePoint" vc="0" uspid="145" ordinal="0" offset="0" sl="356" sc="13" el="356" ec="14" bec="0" bev="0" fileid="1" />
            </Method>
            <Method visited="false" cyclomaticComplexity="1" nPathComplexity="0" sequenceCoverage="0" branchCoverage="0" isConstructor="false" isStatic="false" isGetter="false" isSetter="false">
              <Summary numSequencePoints="2" visitedSequencePoints="0" numBranchPoints="1" visitedBranchPoints="0" sequenceCoverage="0" branchCoverage="0" maxCyclomaticComplexity="1" minCyclomaticComplexity="1" visitedClasses="0" numClasses="0" visitedMethods="0" numMethods="1" />
              <MetadataToken>100663542</MetadataToken>
              <Name>System.Collections.Generic.IList`1&lt;Microsoft.Office.Tools.Outlook.IFormRegion&gt; ORCAUnitTest.UnitTest1/TestAddIn::GetFormRegions(Microsoft.Office.Interop.Outlook.Explorer,System.Type)</Name>
              <FileRef uid="1" />
              <SequencePoints>
                <SequencePoint vc="0" uspid="147" ordinal="0" offset="0" sl="361" sc="13" el="361" ec="14" bec="0" bev="0" fileid="1" />
                <SequencePoint vc="0" uspid="148" ordinal="1" offset="1" sl="362" sc="17" el="362" ec="53" bec="0" bev="0" fileid="1" />
              </SequencePoints>
              <BranchPoints />
              <MethodPoint xsi:type="SequencePoint" vc="0" uspid="147" ordinal="0" offset="0" sl="361" sc="13" el="361" ec="14" bec="0" bev="0" fileid="1" />
            </Method>
            <Method visited="true" cyclomaticComplexity="1" nPathComplexity="0" sequenceCoverage="0" branchCoverage="0" isConstructor="true" isStatic="false" isGetter="false" isSetter="false">
              <Summary numSequencePoints="0" visitedSequencePoints="0" numBranchPoints="0" visitedBranchPoints="0" sequenceCoverage="0" branchCoverage="0" maxCyclomaticComplexity="1" minCyclomaticComplexity="1" visitedClasses="0" numClasses="0" visitedMethods="0" numMethods="0" />
              <MetadataToken>100663543</MetadataToken>
              <Name>System.Void ORCAUnitTest.UnitTest1/TestAddIn::.ctor()</Name>
              <SequencePoints />
              <BranchPoints />
              <MethodPoint vc="1" uspid="149" ordinal="0" offset="0" />
            </Method>
          </Methods>
        </Class>
        <Class>
          <Summary numSequencePoints="23" visitedSequencePoints="3" numBranchPoints="11" visitedBranchPoints="1" sequenceCoverage="13.04" branchCoverage="9.09" maxCyclomaticComplexity="1" minCyclomaticComplexity="1" visitedClasses="1" numClasses="1" visitedMethods="1" numMethods="11" />
          <FullName>ORCAUnitTest.UnitTest1/TestFactory</FullName>
          <Methods>
            <Method visited="true" cyclomaticComplexity="1" nPathComplexity="0" sequenceCoverage="100" branchCoverage="100" isConstructor="false" isStatic="false" isGetter="false" isSetter="false">
              <Summary numSequencePoints="3" visitedSequencePoints="3" numBranchPoints="1" visitedBranchPoints="1" sequenceCoverage="100" branchCoverage="100" maxCyclomaticComplexity="1" minCyclomaticComplexity="1" visitedClasses="0" numClasses="0" visitedMethods="1" numMethods="1" />
              <MetadataToken>100663544</MetadataToken>
              <Name>Microsoft.Office.Tools.AddIn ORCAUnitTest.UnitTest1/TestFactory::CreateAddIn(System.IServiceProvider,Microsoft.Office.Tools.IHostItemProvider,System.String,System.String,System.Object,Microsoft.Office.Tools.IAddInExtension)</Name>
              <FileRef uid="1" />
              <SequencePoints>
                <SequencePoint vc="1" uspid="150" ordinal="0" offset="0" sl="369" sc="13" el="369" ec="14" bec="0" bev="0" fileid="1" />
                <SequencePoint vc="1" uspid="151" ordinal="1" offset="1" sl="370" sc="17" el="370" ec="40" bec="0" bev="0" fileid="1" />
                <SequencePoint vc="1" uspid="152" ordinal="2" offset="9" sl="371" sc="13" el="371" ec="14" bec="0" bev="0" fileid="1" />
              </SequencePoints>
              <BranchPoints />
              <MethodPoint xsi:type="SequencePoint" vc="1" uspid="150" ordinal="0" offset="0" sl="369" sc="13" el="369" ec="14" bec="0" bev="0" fileid="1" />
            </Method>
            <Method visited="false" cyclomaticComplexity="1" nPathComplexity="0" sequenceCoverage="0" branchCoverage="0" isConstructor="false" isStatic="false" isGetter="false" isSetter="false">
              <Summary numSequencePoints="2" visitedSequencePoints="0" numBranchPoints="1" visitedBranchPoints="0" sequenceCoverage="0" branchCoverage="0" maxCyclomaticComplexity="1" minCyclomaticComplexity="1" visitedClasses="0" numClasses="0" visitedMethods="0" numMethods="1" />
              <MetadataToken>100663545</MetadataToken>
              <Name>Microsoft.Office.Tools.CustomTaskPaneCollection ORCAUnitTest.UnitTest1/TestFactory::CreateCustomTaskPaneCollection(System.IServiceProvider,Microsoft.Office.Tools.IHostItemProvider,System.String,System.String,System.Object)</Name>
              <FileRef uid="1" />
              <SequencePoints>
                <SequencePoint vc="0" uspid="153" ordinal="0" offset="0" sl="374" sc="13" el="374" ec="14" bec="0" bev="0" fileid="1" />
                <SequencePoint vc="0" uspid="154" ordinal="1" offset="1" sl="375" sc="17" el="375" ec="53" bec="0" bev="0" fileid="1" />
              </SequencePoints>
              <BranchPoints />
              <MethodPoint xsi:type="SequencePoint" vc="0" uspid="153" ordinal="0" offset="0" sl="374" sc="13" el="374" ec="14" bec="0" bev="0" fileid="1" />
            </Method>
            <Method visited="false" cyclomaticComplexity="1" nPathComplexity="0" sequenceCoverage="0" branchCoverage="0" isConstructor="false" isStatic="false" isGetter="false" isSetter="false">
              <Summary numSequencePoints="2" visitedSequencePoints="0" numBranchPoints="1" visitedBranchPoints="0" sequenceCoverage="0" branchCoverage="0" maxCyclomaticComplexity="1" minCyclomaticComplexity="1" visitedClasses="0" numClasses="0" visitedMethods="0" numMethods="1" />
              <MetadataToken>100663546</MetadataToken>
              <Name>System.Collections.Generic.IList`1&lt;Microsoft.Office.Tools.Outlook.IFormRegion&gt; ORCAUnitTest.UnitTest1/TestFactory::CreateFormRegionCollection()</Name>
              <FileRef uid="1" />
              <SequencePoints>
                <SequencePoint vc="0" uspid="155" ordinal="0" offset="0" sl="379" sc="13" el="379" ec="14" bec="0" bev="0" fileid="1" />
                <SequencePoint vc="0" uspid="156" ordinal="1" offset="1" sl="380" sc="17" el="380" ec="53" bec="0" bev="0" fileid="1" />
              </SequencePoints>
              <BranchPoints />
              <MethodPoint xsi:type="SequencePoint" vc="0" uspid="155" ordinal="0" offset="0" sl="379" sc="13" el="379" ec="14" bec="0" bev="0" fileid="1" />
            </Method>
            <Method visited="false" cyclomaticComplexity="1" nPathComplexity="0" sequenceCoverage="0" branchCoverage="0" isConstructor="false" isStatic="false" isGetter="false" isSetter="false">
              <Summary numSequencePoints="2" visitedSequencePoints="0" numBranchPoints="1" visitedBranchPoints="0" sequenceCoverage="0" branchCoverage="0" maxCyclomaticComplexity="1" minCyclomaticComplexity="1" visitedClasses="0" numClasses="0" visitedMethods="0" numMethods="1" />
              <MetadataToken>100663547</MetadataToken>
              <Name>Microsoft.Office.Tools.Outlook.FormRegionControl ORCAUnitTest.UnitTest1/TestFactory::CreateFormRegionControl(Microsoft.Office.Interop.Outlook.FormRegion,Microsoft.Office.Tools.IExtension)</Name>
              <FileRef uid="1" />
              <SequencePoints>
                <SequencePoint vc="0" uspid="157" ordinal="0" offset="0" sl="384" sc="13" el="384" ec="14" bec="0" bev="0" fileid="1" />
                <SequencePoint vc="0" uspid="158" ordinal="1" offset="1" sl="385" sc="17" el="385" ec="53" bec="0" bev="0" fileid="1" />
              </SequencePoints>
              <BranchPoints />
              <MethodPoint xsi:type="SequencePoint" vc="0" uspid="157" ordinal="0" offset="0" sl="384" sc="13" el="384" ec="14" bec="0" bev="0" fileid="1" />
            </Method>
            <Method visited="false" cyclomaticComplexity="1" nPathComplexity="0" sequenceCoverage="0" branchCoverage="0" isConstructor="false" isStatic="false" isGetter="false" isSetter="false">
              <Summary numSequencePoints="2" visitedSequencePoints="0" numBranchPoints="1" visitedBranchPoints="0" sequenceCoverage="0" branchCoverage="0" maxCyclomaticComplexity="1" minCyclomaticComplexity="1" visitedClasses="0" numClasses="0" visitedMethods="0" numMethods="1" />
              <MetadataToken>100663548</MetadataToken>
              <Name>Microsoft.Office.Tools.Outlook.FormRegionCustomAction ORCAUnitTest.UnitTest1/TestFactory::CreateFormRegionCustomAction()</Name>
              <FileRef uid="1" />
              <SequencePoints>
                <SequencePoint vc="0" uspid="159" ordinal="0" offset="0" sl="389" sc="13" el="389" ec="14" bec="0" bev="0" fileid="1" />
                <SequencePoint vc="0" uspid="160" ordinal="1" offset="1" sl="390" sc="17" el="390" ec="53" bec="0" bev="0" fileid="1" />
              </SequencePoints>
              <BranchPoints />
              <MethodPoint xsi:type="SequencePoint" vc="0" uspid="159" ordinal="0" offset="0" sl="389" sc="13" el="389" ec="14" bec="0" bev="0" fileid="1" />
            </Method>
            <Method visited="false" cyclomaticComplexity="1" nPathComplexity="0" sequenceCoverage="0" branchCoverage="0" isConstructor="false" isStatic="false" isGetter="false" isSetter="false">
              <Summary numSequencePoints="2" visitedSequencePoints="0" numBranchPoints="1" visitedBranchPoints="0" sequenceCoverage="0" branchCoverage="0" maxCyclomaticComplexity="1" minCyclomaticComplexity="1" visitedClasses="0" numClasses="0" visitedMethods="0" numMethods="1" />
              <MetadataToken>100663549</MetadataToken>
              <Name>Microsoft.Office.Tools.Outlook.FormRegionCustomAction ORCAUnitTest.UnitTest1/TestFactory::CreateFormRegionCustomAction(System.String)</Name>
              <FileRef uid="1" />
              <SequencePoints>
                <SequencePoint vc="0" uspid="161" ordinal="0" offset="0" sl="394" sc="13" el="394" ec="14" bec="0" bev="0" fileid="1" />
                <SequencePoint vc="0" uspid="162" ordinal="1" offset="1" sl="395" sc="17" el="395" ec="53" bec="0" bev="0" fileid="1" />
              </SequencePoints>
              <BranchPoints />
              <MethodPoint xsi:type="SequencePoint" vc="0" uspid="161" ordinal="0" offset="0" sl="394" sc="13" el="394" ec="14" bec="0" bev="0" fileid="1" />
            </Method>
            <Method visited="false" cyclomaticComplexity="1" nPathComplexity="0" sequenceCoverage="0" branchCoverage="0" isConstructor="false" isStatic="false" isGetter="false" isSetter="false">
              <Summary numSequencePoints="2" visitedSequencePoints="0" numBranchPoints="1" visitedBranchPoints="0" sequenceCoverage="0" branchCoverage="0" maxCyclomaticComplexity="1" minCyclomaticComplexity="1" visitedClasses="0" numClasses="0" visitedMethods="0" numMethods="1" />
              <MetadataToken>100663550</MetadataToken>
              <Name>Microsoft.Office.Tools.Outlook.FormRegionInitializingEventArgs ORCAUnitTest.UnitTest1/TestFactory::CreateFormRegionInitializingEventArgs(System.Object,Microsoft.Office.Interop.Outlook.OlFormRegionMode,Microsoft.Office.Interop.Outlook.OlFormRegionSize,System.Boolean)</Name>
              <FileRef uid="1" />
              <SequencePoints>
                <SequencePoint vc="0" uspid="163" ordinal="0" offset="0" sl="399" sc="13" el="399" ec="14" bec="0" bev="0" fileid="1" />
                <SequencePoint vc="0" uspid="164" ordinal="1" offset="1" sl="400" sc="17" el="400" ec="53" bec="0" bev="0" fileid="1" />
              </SequencePoints>
              <BranchPoints />
              <MethodPoint xsi:type="SequencePoint" vc="0" uspid="163" ordinal="0" offset="0" sl="399" sc="13" el="399" ec="14" bec="0" bev="0" fileid="1" />
            </Method>
            <Method visited="false" cyclomaticComplexity="1" nPathComplexity="0" sequenceCoverage="0" branchCoverage="0" isConstructor="false" isStatic="false" isGetter="false" isSetter="false">
              <Summary numSequencePoints="2" visitedSequencePoints="0" numBranchPoints="1" visitedBranchPoints="0" sequenceCoverage="0" branchCoverage="0" maxCyclomaticComplexity="1" minCyclomaticComplexity="1" visitedClasses="0" numClasses="0" visitedMethods="0" numMethods="1" />
              <MetadataToken>100663551</MetadataToken>
              <Name>Microsoft.Office.Tools.Outlook.FormRegionManifest ORCAUnitTest.UnitTest1/TestFactory::CreateFormRegionManifest()</Name>
              <FileRef uid="1" />
              <SequencePoints>
                <SequencePoint vc="0" uspid="165" ordinal="0" offset="0" sl="404" sc="13" el="404" ec="14" bec="0" bev="0" fileid="1" />
                <SequencePoint vc="0" uspid="166" ordinal="1" offset="1" sl="405" sc="17" el="405" ec="53" bec="0" bev="0" fileid="1" />
              </SequencePoints>
              <BranchPoints />
              <MethodPoint xsi:type="SequencePoint" vc="0" uspid="165" ordinal="0" offset="0" sl="404" sc="13" el="404" ec="14" bec="0" bev="0" fileid="1" />
            </Method>
            <Method visited="false" cyclomaticComplexity="1" nPathComplexity="0" sequenceCoverage="0" branchCoverage="0" isConstructor="false" isStatic="false" isGetter="false" isSetter="false">
              <Summary numSequencePoints="2" visitedSequencePoints="0" numBranchPoints="1" visitedBranchPoints="0" sequenceCoverage="0" branchCoverage="0" maxCyclomaticComplexity="1" minCyclomaticComplexity="1" visitedClasses="0" numClasses="0" visitedMethods="0" numMethods="1" />
              <MetadataToken>100663552</MetadataToken>
              <Name>Microsoft.Office.Tools.Outlook.ImportedFormRegion ORCAUnitTest.UnitTest1/TestFactory::CreateImportedFormRegion(Microsoft.Office.Interop.Outlook.FormRegion,Microsoft.Office.Tools.Outlook.IImportedFormRegionExtension)</Name>
              <FileRef uid="1" />
              <SequencePoints>
                <SequencePoint vc="0" uspid="167" ordinal="0" offset="0" sl="409" sc="13" el="409" ec="14" bec="0" bev="0" fileid="1" />
                <SequencePoint vc="0" uspid="168" ordinal="1" offset="1" sl="410" sc="17" el="410" ec="53" bec="0" bev="0" fileid="1" />
              </SequencePoints>
              <BranchPoints />
              <MethodPoint xsi:type="SequencePoint" vc="0" uspid="167" ordinal="0" offset="0" sl="409" sc="13" el="409" ec="14" bec="0" bev="0" fileid="1" />
            </Method>
            <Method visited="false" cyclomaticComplexity="1" nPathComplexity="0" sequenceCoverage="0" branchCoverage="0" isConstructor="false" isStatic="false" isGetter="false" isSetter="false">
              <Summary numSequencePoints="2" visitedSequencePoints="0" numBranchPoints="1" visitedBranchPoints="0" sequenceCoverage="0" branchCoverage="0" maxCyclomaticComplexity="1" minCyclomaticComplexity="1" visitedClasses="0" numClasses="0" visitedMethods="0" numMethods="1" />
              <MetadataToken>100663553</MetadataToken>
              <Name>Microsoft.Office.Tools.SmartTagCollection ORCAUnitTest.UnitTest1/TestFactory::CreateSmartTagCollection(System.IServiceProvider,Microsoft.Office.Tools.IHostItemProvider,System.String,System.String,System.Object)</Name>
              <FileRef uid="1" />
              <SequencePoints>
                <SequencePoint vc="0" uspid="169" ordinal="0" offset="0" sl="414" sc="13" el="414" ec="14" bec="0" bev="0" fileid="1" />
                <SequencePoint vc="0" uspid="170" ordinal="1" offset="1" sl="415" sc="17" el="415" ec="53" bec="0" bev="0" fileid="1" />
              </SequencePoints>
              <BranchPoints />
              <MethodPoint xsi:type="SequencePoint" vc="0" uspid="169" ordinal="0" offset="0" sl="414" sc="13" el="414" ec="14" bec="0" bev="0" fileid="1" />
            </Method>
            <Method visited="false" cyclomaticComplexity="1" nPathComplexity="0" sequenceCoverage="0" branchCoverage="0" isConstructor="false" isStatic="false" isGetter="false" isSetter="false">
              <Summary numSequencePoints="2" visitedSequencePoints="0" numBranchPoints="1" visitedBranchPoints="0" sequenceCoverage="0" branchCoverage="0" maxCyclomaticComplexity="1" minCyclomaticComplexity="1" visitedClasses="0" numClasses="0" visitedMethods="0" numMethods="1" />
              <MetadataToken>100663554</MetadataToken>
              <Name>Microsoft.Office.Tools.Ribbon.RibbonFactory ORCAUnitTest.UnitTest1/TestFactory::GetRibbonFactory()</Name>
              <FileRef uid="1" />
              <SequencePoints>
                <SequencePoint vc="0" uspid="171" ordinal="0" offset="0" sl="419" sc="13" el="419" ec="14" bec="0" bev="0" fileid="1" />
                <SequencePoint vc="0" uspid="172" ordinal="1" offset="1" sl="420" sc="17" el="420" ec="53" bec="0" bev="0" fileid="1" />
              </SequencePoints>
              <BranchPoints />
              <MethodPoint xsi:type="SequencePoint" vc="0" uspid="171" ordinal="0" offset="0" sl="419" sc="13" el="419" ec="14" bec="0" bev="0" fileid="1" />
            </Method>
            <Method visited="true" cyclomaticComplexity="1" nPathComplexity="0" sequenceCoverage="0" branchCoverage="0" isConstructor="true" isStatic="false" isGetter="false" isSetter="false">
              <Summary numSequencePoints="0" visitedSequencePoints="0" numBranchPoints="0" visitedBranchPoints="0" sequenceCoverage="0" branchCoverage="0" maxCyclomaticComplexity="1" minCyclomaticComplexity="1" visitedClasses="0" numClasses="0" visitedMethods="0" numMethods="0" />
              <MetadataToken>100663555</MetadataToken>
              <Name>System.Void ORCAUnitTest.UnitTest1/TestFactory::.ctor()</Name>
              <SequencePoints />
              <BranchPoints />
              <MethodPoint vc="1" uspid="173" ordinal="0" offset="0" />
            </Method>
          </Methods>
        </Class>
        <Class>
          <Summary numSequencePoints="10" visitedSequencePoints="0" numBranchPoints="4" visitedBranchPoints="0" sequenceCoverage="0" branchCoverage="0" maxCyclomaticComplexity="1" minCyclomaticComplexity="1" visitedClasses="0" numClasses="1" visitedMethods="0" numMethods="4" />
          <FullName>ORCAUnitTest.UnitTest1/TestApplication</FullName>
          <Methods>
            <Method visited="false" cyclomaticComplexity="1" nPathComplexity="0" sequenceCoverage="0" branchCoverage="0" isConstructor="false" isStatic="false" isGetter="false" isSetter="false">
              <Summary numSequencePoints="2" visitedSequencePoints="0" numBranchPoints="1" visitedBranchPoints="0" sequenceCoverage="0" branchCoverage="0" maxCyclomaticComplexity="1" minCyclomaticComplexity="1" visitedClasses="0" numClasses="0" visitedMethods="0" numMethods="1" />
              <MetadataToken>100663613</MetadataToken>
              <Name>System.Void ORCAUnitTest.UnitTest1/TestApplication::Microsoft.Office.Interop.Outlook.ApplicationEvents_11_Event.add_Quit(Microsoft.Office.Interop.Outlook.ApplicationEvents_11_QuitEventHandler)</Name>
              <FileRef uid="1" />
              <SequencePoints>
                <SequencePoint vc="0" uspid="174" ordinal="0" offset="0" sl="469" sc="17" el="469" ec="18" bec="0" bev="0" fileid="1" />
                <SequencePoint vc="0" uspid="175" ordinal="1" offset="1" sl="470" sc="21" el="470" ec="57" bec="0" bev="0" fileid="1" />
              </SequencePoints>
              <BranchPoints />
              <MethodPoint xsi:type="SequencePoint" vc="0" uspid="174" ordinal="0" offset="0" sl="469" sc="17" el="469" ec="18" bec="0" bev="0" fileid="1" />
            </Method>
            <Method visited="false" cyclomaticComplexity="1" nPathComplexity="0" sequenceCoverage="0" branchCoverage="0" isConstructor="false" isStatic="false" isGetter="false" isSetter="false">
              <Summary numSequencePoints="2" visitedSequencePoints="0" numBranchPoints="1" visitedBranchPoints="0" sequenceCoverage="0" branchCoverage="0" maxCyclomaticComplexity="1" minCyclomaticComplexity="1" visitedClasses="0" numClasses="0" visitedMethods="0" numMethods="1" />
              <MetadataToken>100663614</MetadataToken>
              <Name>System.Void ORCAUnitTest.UnitTest1/TestApplication::Microsoft.Office.Interop.Outlook.ApplicationEvents_11_Event.remove_Quit(Microsoft.Office.Interop.Outlook.ApplicationEvents_11_QuitEventHandler)</Name>
              <FileRef uid="1" />
              <SequencePoints>
                <SequencePoint vc="0" uspid="176" ordinal="0" offset="0" sl="474" sc="17" el="474" ec="18" bec="0" bev="0" fileid="1" />
                <SequencePoint vc="0" uspid="177" ordinal="1" offset="1" sl="475" sc="21" el="475" ec="57" bec="0" bev="0" fileid="1" />
              </SequencePoints>
              <BranchPoints />
              <MethodPoint xsi:type="SequencePoint" vc="0" uspid="176" ordinal="0" offset="0" sl="474" sc="17" el="474" ec="18" bec="0" bev="0" fileid="1" />
            </Method>
            <Method visited="false" cyclomaticComplexity="1" nPathComplexity="0" sequenceCoverage="0" branchCoverage="0" isConstructor="false" isStatic="false" isGetter="false" isSetter="false">
              <Summary numSequencePoints="3" visitedSequencePoints="0" numBranchPoints="1" visitedBranchPoints="0" sequenceCoverage="0" branchCoverage="0" maxCyclomaticComplexity="1" minCyclomaticComplexity="1" visitedClasses="0" numClasses="0" visitedMethods="0" numMethods="1" />
              <MetadataToken>100663620</MetadataToken>
              <Name>System.Object ORCAUnitTest.UnitTest1/TestApplication::CreateItem(Microsoft.Office.Interop.Outlook.OlItemType)</Name>
              <FileRef uid="1" />
              <SequencePoints>
                <SequencePoint vc="0" uspid="178" ordinal="0" offset="0" sl="491" sc="13" el="491" ec="14" bec="0" bev="0" fileid="1" />
                <SequencePoint vc="0" uspid="179" ordinal="1" offset="1" sl="492" sc="17" el="492" ec="48" bec="0" bev="0" fileid="1" />
                <SequencePoint vc="0" uspid="180" ordinal="2" offset="11" sl="493" sc="13" el="493" ec="14" bec="0" bev="0" fileid="1" />
              </SequencePoints>
              <BranchPoints />
              <MethodPoint xsi:type="SequencePoint" vc="0" uspid="178" ordinal="0" offset="0" sl="491" sc="13" el="491" ec="14" bec="0" bev="0" fileid="1" />
            </Method>
[...]
              <Summary numSequencePoints="3" visitedSequencePoints="0" numBranchPoints="1" visitedBranchPoints="0" sequenceCoverage="0" branchCoverage="0" maxCyclomaticComplexity="1" minCyclomaticComplexity="1" visitedClasses="0" numClasses="0" visitedMethods="0" numMethods="1" />
              <MetadataToken>100663387</MetadataToken>
              <Name>OutlookRecipientConfirmationAddin.WindowFormRegionCollection OutlookRecipientConfirmationAddin.ThisFormRegionCollection::get_Item(Microsoft.Office.Interop.Outlook.Inspector)</Name>
              <FileRef uid="24" />
              <SequencePoints>
                <SequencePoint vc="0" uspid="1292" ordinal="0" offset="0" sl="271" sc="17" el="271" ec="18" bec="0" bev="0" fileid="24" />
                <SequencePoint vc="0" uspid="1293" ordinal="1" offset="1" sl="272" sc="17" el="272" ec="136" bec="0" bev="0" fileid="24" />
                <SequencePoint vc="0" uspid="1294" ordinal="2" offset="30" sl="273" sc="13" el="273" ec="14" bec="0" bev="0" fileid="24" />
              </SequencePoints>
              <BranchPoints />
              <MethodPoint xsi:type="SequencePoint" vc="0" uspid="1292" ordinal="0" offset="0" sl="271" sc="17" el="271" ec="18" bec="0" bev="0" fileid="24" />
            </Method>
            <Method visited="false" cyclomaticComplexity="1" nPathComplexity="0" sequenceCoverage="0" branchCoverage="0" isConstructor="true" isStatic="false" isGetter="false" isSetter="false">
              <Summary numSequencePoints="3" visitedSequencePoints="0" numBranchPoints="1" visitedBranchPoints="0" sequenceCoverage="0" branchCoverage="0" maxCyclomaticComplexity="1" minCyclomaticComplexity="1" visitedClasses="0" numClasses="0" visitedMethods="0" numMethods="1" />
              <MetadataToken>100663385</MetadataToken>
              <Name>System.Void OutlookRecipientConfirmationAddin.ThisFormRegionCollection::.ctor(System.Collections.Generic.IList`1&lt;Microsoft.Office.Tools.Outlook.IFormRegion&gt;)</Name>
              <FileRef uid="24" />
              <SequencePoints>
                <SequencePoint vc="0" uspid="1295" ordinal="0" offset="0" sl="261" sc="17" el="261" ec="27" bec="0" bev="0" fileid="24" />
                <SequencePoint vc="0" uspid="1296" ordinal="1" offset="8" sl="261" sc="28" el="261" ec="29" bec="0" bev="0" fileid="24" />
                <SequencePoint vc="0" uspid="1297" ordinal="2" offset="9" sl="262" sc="9" el="262" ec="10" bec="0" bev="0" fileid="24" />
              </SequencePoints>
              <BranchPoints />
              <MethodPoint xsi:type="SequencePoint" vc="0" uspid="1295" ordinal="0" offset="0" sl="261" sc="17" el="261" ec="27" bec="0" bev="0" fileid="24" />
            </Method>
          </Methods>
        </Class>
        <Class>
          <Summary numSequencePoints="3" visitedSequencePoints="0" numBranchPoints="1" visitedBranchPoints="0" sequenceCoverage="0" branchCoverage="0" maxCyclomaticComplexity="1" minCyclomaticComplexity="1" visitedClasses="0" numClasses="1" visitedMethods="0" numMethods="1" />
          <FullName>OutlookRecipientConfirmationAddin.WindowFormRegionCollection</FullName>
          <Methods>
            <Method visited="false" cyclomaticComplexity="1" nPathComplexity="0" sequenceCoverage="0" branchCoverage="0" isConstructor="true" isStatic="false" isGetter="false" isSetter="false">
              <Summary numSequencePoints="3" visitedSequencePoints="0" numBranchPoints="1" visitedBranchPoints="0" sequenceCoverage="0" branchCoverage="0" maxCyclomaticComplexity="1" minCyclomaticComplexity="1" visitedClasses="0" numClasses="0" visitedMethods="0" numMethods="1" />
              <MetadataToken>100663388</MetadataToken>
              <Name>System.Void OutlookRecipientConfirmationAddin.WindowFormRegionCollection::.ctor(System.Collections.Generic.IList`1&lt;Microsoft.Office.Tools.Outlook.IFormRegion&gt;)</Name>
              <FileRef uid="24" />
              <SequencePoints>
                <SequencePoint vc="0" uspid="1298" ordinal="0" offset="0" sl="283" sc="17" el="283" ec="27" bec="0" bev="0" fileid="24" />
                <SequencePoint vc="0" uspid="1299" ordinal="1" offset="8" sl="283" sc="28" el="283" ec="29" bec="0" bev="0" fileid="24" />
                <SequencePoint vc="0" uspid="1300" ordinal="2" offset="9" sl="284" sc="9" el="284" ec="10" bec="0" bev="0" fileid="24" />
              </SequencePoints>
              <BranchPoints />
              <MethodPoint xsi:type="SequencePoint" vc="0" uspid="1298" ordinal="0" offset="0" sl="283" sc="17" el="283" ec="27" bec="0" bev="0" fileid="24" />
            </Method>
          </Methods>
        </Class>
        <Class>
          <Summary numSequencePoints="17" visitedSequencePoints="0" numBranchPoints="6" visitedBranchPoints="0" sequenceCoverage="0" branchCoverage="0" maxCyclomaticComplexity="2" minCyclomaticComplexity="1" visitedClasses="0" numClasses="1" visitedMethods="0" numMethods="4" />
          <FullName>OutlookRecipientConfirmationAddin.Properties.Resources</FullName>
          <Methods>
            <Method visited="false" cyclomaticComplexity="2" nPathComplexity="2" sequenceCoverage="0" branchCoverage="0" isConstructor="false" isStatic="true" isGetter="true" isSetter="false">
              <Summary numSequencePoints="8" visitedSequencePoints="0" numBranchPoints="3" visitedBranchPoints="0" sequenceCoverage="0" branchCoverage="0" maxCyclomaticComplexity="2" minCyclomaticComplexity="2" visitedClasses="0" numClasses="0" visitedMethods="0" numMethods="1" />
              <MetadataToken>100663390</MetadataToken>
              <Name>System.Resources.ResourceManager OutlookRecipientConfirmationAddin.Properties.Resources::get_ResourceManager()</Name>
              <FileRef uid="29" />
              <SequencePoints>
                <SequencePoint vc="0" uspid="1301" ordinal="0" offset="0" sl="39" sc="17" el="39" ec="18" bec="0" bev="0" fileid="29" />
                <SequencePoint vc="0" uspid="1302" ordinal="1" offset="1" sl="40" sc="17" el="40" ec="63" bec="2" bev="0" fileid="29" />
                <SequencePoint vc="0" uspid="1303" ordinal="2" offset="13" sl="40" sc="64" el="40" ec="65" bec="0" bev="0" fileid="29" />
                <SequencePoint vc="0" uspid="1304" ordinal="3" offset="14" sl="41" sc="21" el="41" ec="200" bec="0" bev="0" fileid="29" />
                <SequencePoint vc="0" uspid="1305" ordinal="4" offset="40" sl="42" sc="21" el="42" ec="40" bec="0" bev="0" fileid="29" />
                <SequencePoint vc="0" uspid="1306" ordinal="5" offset="46" sl="43" sc="17" el="43" ec="18" bec="0" bev="0" fileid="29" />
                <SequencePoint vc="0" uspid="1307" ordinal="6" offset="47" sl="44" sc="17" el="44" ec="36" bec="0" bev="0" fileid="29" />
                <SequencePoint vc="0" uspid="1308" ordinal="7" offset="55" sl="45" sc="13" el="45" ec="14" bec="0" bev="0" fileid="29" />
              </SequencePoints>
              <BranchPoints>
                <BranchPoint vc="0" uspid="1309" ordinal="0" offset="11" sl="40" path="0" offsetend="13" fileid="29" />
                <BranchPoint vc="0" uspid="1310" ordinal="1" offset="11" sl="40" path="1" offsetend="47" fileid="29" />
              </BranchPoints>
              <MethodPoint xsi:type="SequencePoint" vc="0" uspid="1301" ordinal="0" offset="0" sl="39" sc="17" el="39" ec="18" bec="0" bev="0" fileid="29" />
            </Method>
            <Method visited="false" cyclomaticComplexity="1" nPathComplexity="0" sequenceCoverage="0" branchCoverage="0" isConstructor="false" isStatic="true" isGetter="true" isSetter="false">
              <Summary numSequencePoints="3" visitedSequencePoints="0" numBranchPoints="1" visitedBranchPoints="0" sequenceCoverage="0" branchCoverage="0" maxCyclomaticComplexity="1" minCyclomaticComplexity="1" visitedClasses="0" numClasses="0" visitedMethods="0" numMethods="1" />
              <MetadataToken>100663391</MetadataToken>
              <Name>System.Globalization.CultureInfo OutlookRecipientConfirmationAddin.Properties.Resources::get_Culture()</Name>
              <FileRef uid="29" />
              <SequencePoints>
                <SequencePoint vc="0" uspid="1311" ordinal="0" offset="0" sl="54" sc="17" el="54" ec="18" bec="0" bev="0" fileid="29" />
                <SequencePoint vc="0" uspid="1312" ordinal="1" offset="1" sl="55" sc="17" el="55" ec="40" bec="0" bev="0" fileid="29" />
                <SequencePoint vc="0" uspid="1313" ordinal="2" offset="9" sl="56" sc="13" el="56" ec="14" bec="0" bev="0" fileid="29" />
              </SequencePoints>
              <BranchPoints />
              <MethodPoint xsi:type="SequencePoint" vc="0" uspid="1311" ordinal="0" offset="0" sl="54" sc="17" el="54" ec="18" bec="0" bev="0" fileid="29" />
            </Method>
            <Method visited="false" cyclomaticComplexity="1" nPathComplexity="0" sequenceCoverage="0" branchCoverage="0" isConstructor="false" isStatic="true" isGetter="false" isSetter="true">
              <Summary numSequencePoints="3" visitedSequencePoints="0" numBranchPoints="1" visitedBranchPoints="0" sequenceCoverage="0" branchCoverage="0" maxCyclomaticComplexity="1" minCyclomaticComplexity="1" visitedClasses="0" numClasses="0" visitedMethods="0" numMethods="1" />
              <MetadataToken>100663392</MetadataToken>
              <Name>System.Void OutlookRecipientConfirmationAddin.Properties.Resources::set_Culture(System.Globalization.CultureInfo)</Name>
              <FileRef uid="29" />
              <SequencePoints>
                <SequencePoint vc="0" uspid="1314" ordinal="0" offset="0" sl="57" sc="17" el="57" ec="18" bec="0" bev="0" fileid="29" />
                <SequencePoint vc="0" uspid="1315" ordinal="1" offset="1" sl="58" sc="17" el="58" ec="41" bec="0" bev="0" fileid="29" />
                <SequencePoint vc="0" uspid="1316" ordinal="2" offset="7" sl="59" sc="13" el="59" ec="14" bec="0" bev="0" fileid="29" />
              </SequencePoints>
              <BranchPoints />
              <MethodPoint xsi:type="SequencePoint" vc="0" uspid="1314" ordinal="0" offset="0" sl="57" sc="17" el="57" ec="18" bec="0" bev="0" fileid="29" />
            </Method>
            <Method visited="false" cyclomaticComplexity="1" nPathComplexity="0" sequenceCoverage="0" branchCoverage="0" isConstructor="true" isStatic="false" isGetter="false" isSetter="false">
              <Summary numSequencePoints="3" visitedSequencePoints="0" numBranchPoints="1" visitedBranchPoints="0" sequenceCoverage="0" branchCoverage="0" maxCyclomaticComplexity="1" minCyclomaticComplexity="1" visitedClasses="0" numClasses="0" visitedMethods="0" numMethods="1" />
              <MetadataToken>100663389</MetadataToken>
              <Name>System.Void OutlookRecipientConfirmationAddin.Properties.Resources::.ctor()</Name>
              <FileRef uid="29" />
              <SequencePoints>
                <SequencePoint vc="0" uspid="1317" ordinal="0" offset="0" sl="31" sc="9" el="31" ec="29" bec="0" bev="0" fileid="29" />
                <SequencePoint vc="0" uspid="1318" ordinal="1" offset="7" sl="31" sc="30" el="31" ec="31" bec="0" bev="0" fileid="29" />
                <SequencePoint vc="0" uspid="1319" ordinal="2" offset="8" sl="32" sc="9" el="32" ec="10" bec="0" bev="0" fileid="29" />
              </SequencePoints>
              <BranchPoints />
              <MethodPoint xsi:type="SequencePoint" vc="0" uspid="1317" ordinal="0" offset="0" sl="31" sc="9" el="31" ec="29" bec="0" bev="0" fileid="29" />
            </Method>
          </Methods>
        </Class>
        <Class>
          <Summary numSequencePoints="4" visitedSequencePoints="0" numBranchPoints="2" visitedBranchPoints="0" sequenceCoverage="0" branchCoverage="0" maxCyclomaticComplexity="1" minCyclomaticComplexity="1" visitedClasses="0" numClasses="1" visitedMethods="0" numMethods="2" />
          <FullName>OutlookRecipientConfirmationAddin.Properties.Settings</FullName>
          <Methods>
            <Method visited="false" cyclomaticComplexity="1" nPathComplexity="0" sequenceCoverage="0" branchCoverage="0" isConstructor="false" isStatic="true" isGetter="true" isSetter="false">
              <Summary numSequencePoints="3" visitedSequencePoints="0" numBranchPoints="1" visitedBranchPoints="0" sequenceCoverage="0" branchCoverage="0" maxCyclomaticComplexity="1" minCyclomaticComplexity="1" visitedClasses="0" numClasses="0" visitedMethods="0" numMethods="1" />
              <MetadataToken>100663393</MetadataToken>
              <Name>OutlookRecipientConfirmationAddin.Properties.Settings OutlookRecipientConfirmationAddin.Properties.Settings::get_Default()</Name>
              <FileRef uid="30" />
              <SequencePoints>
                <SequencePoint vc="0" uspid="1320" ordinal="0" offset="0" sl="21" sc="17" el="21" ec="18" bec="0" bev="0" fileid="30" />
                <SequencePoint vc="0" uspid="1321" ordinal="1" offset="1" sl="22" sc="17" el="22" ec="40" bec="0" bev="0" fileid="30" />
                <SequencePoint vc="0" uspid="1322" ordinal="2" offset="9" sl="23" sc="13" el="23" ec="14" bec="0" bev="0" fileid="30" />
              </SequencePoints>
              <BranchPoints />
              <MethodPoint xsi:type="SequencePoint" vc="0" uspid="1320" ordinal="0" offset="0" sl="21" sc="17" el="21" ec="18" bec="0" bev="0" fileid="30" />
            </Method>
            <Method visited="false" cyclomaticComplexity="1" nPathComplexity="0" sequenceCoverage="0" branchCoverage="0" isConstructor="true" isStatic="false" isGetter="false" isSetter="false">
              <Summary numSequencePoints="0" visitedSequencePoints="0" numBranchPoints="0" visitedBranchPoints="0" sequenceCoverage="0" branchCoverage="0" maxCyclomaticComplexity="1" minCyclomaticComplexity="1" visitedClasses="0" numClasses="0" visitedMethods="0" numMethods="0" />
              <MetadataToken>100663394</MetadataToken>
              <Name>System.Void OutlookRecipientConfirmationAddin.Properties.Settings::.ctor()</Name>
              <SequencePoints />
              <BranchPoints />
              <MethodPoint vc="0" uspid="1323" ordinal="0" offset="0" />
            </Method>
            <Method visited="false" cyclomaticComplexity="1" nPathComplexity="0" sequenceCoverage="0" branchCoverage="0" isConstructor="true" isStatic="true" isGetter="false" isSetter="false">
              <Summary numSequencePoints="1" visitedSequencePoints="0" numBranchPoints="1" visitedBranchPoints="0" sequenceCoverage="0" branchCoverage="0" maxCyclomaticComplexity="1" minCyclomaticComplexity="1" visitedClasses="0" numClasses="0" visitedMethods="0" numMethods="1" />
              <MetadataToken>100663395</MetadataToken>
              <Name>System.Void OutlookRecipientConfirmationAddin.Properties.Settings::.cctor()</Name>
              <FileRef uid="30" />
              <SequencePoints>
                <SequencePoint vc="0" uspid="1324" ordinal="0" offset="0" sl="18" sc="9" el="18" ec="147" bec="0" bev="0" fileid="30" />
              </SequencePoints>
              <BranchPoints />
              <MethodPoint xsi:type="SequencePoint" vc="0" uspid="1324" ordinal="0" offset="0" sl="18" sc="9" el="18" ec="147" bec="0" bev="0" fileid="30" />
            </Method>
          </Methods>
        </Class>
        <Class>
          <Summary numSequencePoints="0" visitedSequencePoints="0" numBranchPoints="0" visitedBranchPoints="0" sequenceCoverage="0" branchCoverage="0" maxCyclomaticComplexity="0" minCyclomaticComplexity="0" visitedClasses="0" numClasses="0" visitedMethods="0" numMethods="0" />
          <FullName>Microsoft.Office.Interop.Outlook.ApplicationEvents_11_ItemSendEventHandler</FullName>
          <Methods>
            <Method skippedDueTo="Unknown" visited="false" cyclomaticComplexity="0" nPathComplexity="0" sequenceCoverage="0" branchCoverage="0" isConstructor="true" isStatic="false" isGetter="false" isSetter="false">
              <MetadataToken>100663409</MetadataToken>
              <Name>System.Void Microsoft.Office.Interop.Outlook.ApplicationEvents_11_ItemSendEventHandler::.ctor(System.Object,System.UIntPtr)</Name>
              <SequencePoints />
              <BranchPoints />
            </Method>
            <Method skippedDueTo="Unknown" visited="false" cyclomaticComplexity="0" nPathComplexity="0" sequenceCoverage="0" branchCoverage="0" isConstructor="false" isStatic="false" isGetter="false" isSetter="false">
              <MetadataToken>100663410</MetadataToken>
              <Name>System.Void Microsoft.Office.Interop.Outlook.ApplicationEvents_11_ItemSendEventHandler::Invoke(System.Object,System.Boolean&amp;)</Name>
              <SequencePoints />
              <BranchPoints />
            </Method>
          </Methods>
        </Class>
      </Classes>
    </Module>
    <Module skippedDueTo="MissingPdb" hash="67-62-CC-C2-E6-FA-B8-96-1C-48-DD-55-91-43-21-26-BF-F3-75-4F">
      <ModulePath>C:\workspaces\OutlookRecipientConfirmationAddin\sourcecode\ORCAUnitTest\bin\Debug\Microsoft.Office.Tools.Outlook.v4.0.Utilities.dll</ModulePath>
      <ModuleTime>2015-05-26T04:36:58Z</ModuleTime>
      <ModuleName>Microsoft.Office.Tools.Outlook.v4.0.Utilities</ModuleName>
      <Classes />
    </Module>
    <Module skippedDueTo="MissingPdb" hash="0A-D9-C2-B6-C7-9A-33-27-D1-38-81-9E-D0-43-5D-18-EE-9A-AC-78">
      <ModulePath>C:\workspaces\OutlookRecipientConfirmationAddin\sourcecode\ORCAUnitTest\bin\Debug\Microsoft.Office.Tools.Common.v4.0.Utilities.dll</ModulePath>
      <ModuleTime>2015-05-26T04:36:58Z</ModuleTime>
      <ModuleName>Microsoft.Office.Tools.Common.v4.0.Utilities</ModuleName>
      <Classes />
    </Module>
    <Module skippedDueTo="MissingPdb" hash="DC-F4-0A-C8-75-B2-1A-32-F0-02-BF-85-DD-12-4B-9A-C7-9B-3D-61">
      <ModulePath>C:\workspaces\OutlookRecipientConfirmationAddin\sourcecode\ORCAUnitTest\bin\Debug\NSubstitute.dll</ModulePath>
      <ModuleTime>2017-10-27T12:03:00Z</ModuleTime>
      <ModuleName>NSubstitute</ModuleName>
      <Classes />
    </Module>
    <Module skippedDueTo="MissingPdb" hash="2F-A5-91-EF-53-DF-63-82-1E-C8-9A-AA-7E-B1-B4-E9-E0-1C-AB-A5">
      <ModulePath>C:\WINDOWS\Microsoft.Net\assembly\GAC_MSIL\Microsoft.Office.Tools.Outlook\v4.0_10.0.0.0__b03f5f7f11d50a3a\Microsoft.Office.Tools.Outlook.dll</ModulePath>
      <ModuleTime>2018-01-10T06:43:50.3143081Z</ModuleTime>
      <ModuleName>Microsoft.Office.Tools.Outlook</ModuleName>
      <Classes />
    </Module>
    <Module skippedDueTo="MissingPdb" hash="56-AB-E3-3E-B0-AA-95-3F-45-FB-44-1F-D0-94-F5-7C-AB-43-67-F0">
      <ModulePath>C:\workspaces\OutlookRecipientConfirmationAddin\sourcecode\ORCAUnitTest\bin\Debug\Castle.Core.dll</ModulePath>
      <ModuleTime>2017-09-27T16:34:34Z</ModuleTime>
      <ModuleName>Castle.Core</ModuleName>
      <Classes />
    </Module>
    <Module skippedDueTo="MissingPdb" hash="">
      <ModulePath>RefEmit_InMemoryManifestModule</ModulePath>
      <ModuleTime>0001-01-01T00:00:00</ModuleTime>
      <ModuleName>DynamicProxyGenAssembly2</ModuleName>
      <Classes />
    </Module>
    <Module skippedDueTo="MissingPdb" hash="99-74-5A-1F-5B-90-06-70-6E-4F-C3-03-F3-2D-7D-39-6B-D7-8D-44">
      <ModulePath>C:\WINDOWS\Microsoft.Net\assembly\GAC_MSIL\Microsoft.Office.Tools.Common\v4.0_10.0.0.0__b03f5f7f11d50a3a\Microsoft.Office.Tools.Common.dll</ModulePath>
      <ModuleTime>2018-01-10T06:43:50.2839793Z</ModuleTime>
      <ModuleName>Microsoft.Office.Tools.Common</ModuleName>
      <Classes />
    </Module>
    <Module skippedDueTo="Filter" hash="22-1C-0F-4D-89-95-50-48-29-4E-FD-18-5F-7C-22-6D-18-CD-70-BB">
      <ModulePath>C:\WINDOWS\Microsoft.Net\assembly\GAC_MSIL\mscorlib.resources\v4.0_4.0.0.0_ja_b77a5c561934e089\mscorlib.resources.dll</ModulePath>
      <ModuleTime>2017-09-30T14:15:33.9729128Z</ModuleTime>
      <ModuleName>mscorlib.resources</ModuleName>
      <Classes />
    </Module>
  </Modules>
</CoverageSession>