<?xml version="1.0" encoding="utf-8"?>
<CoverageSession xmlns:xsd="http://www.w3.org/2001/XMLSchema" xmlns:xsi="http://www.w3.org/2001/XMLSchema-instance">
  <Summary numSequencePoints="980" visitedSequencePoints="11" numBranchPoints="222" visitedBranchPoints="3" sequenceCoverage="1.12" branchCoverage="1.35" maxCyclomaticComplexity="15" minCyclomaticComplexity="0" visitedClasses="2" numClasses="17" visitedMethods="2" numMethods="94" />
  <Modules>
    <Module skippedDueTo="Filter" hash="D9-A4-43-79-FA-F4-2A-B0-31-3A-20-A1-03-C5-E0-42-94-AB-99-28">
      <ModulePath>C:\WINDOWS\Microsoft.Net\assembly\GAC_64\mscorlib\v4.0_4.0.0.0__b77a5c561934e089\mscorlib.dll</ModulePath>
      <ModuleTime>2018-02-09T03:35:01.1681381Z</ModuleTime>
      <ModuleName>mscorlib</ModuleName>
      <Classes />
    </Module>
    <Module skippedDueTo="Filter" hash="86-E9-3D-3D-7C-09-09-11-61-67-42-C6-1E-4B-75-FF-C4-1C-03-96">
      <ModulePath>C:\workspaces\OutlookRecipientConfirmationAddin\sourcecode\packages\NUnit.ConsoleRunner.3.8.0\tools\nunit3-console.exe</ModulePath>
      <ModuleTime>2018-01-27T02:27:14Z</ModuleTime>
      <ModuleName>nunit3-console</ModuleName>
      <Classes />
    </Module>
    <Module skippedDueTo="Filter" hash="CB-7B-C7-A0-09-0F-BA-F4-8A-02-A9-E9-2A-7B-43-34-93-46-0F-58">
      <ModulePath>C:\WINDOWS\Microsoft.Net\assembly\GAC_MSIL\System\v4.0_4.0.0.0__b77a5c561934e089\System.dll</ModulePath>
      <ModuleTime>2017-09-29T13:43:06.7717063Z</ModuleTime>
      <ModuleName>System</ModuleName>
      <Classes />
    </Module>
    <Module skippedDueTo="Filter" hash="C1-08-CD-F2-59-9C-E6-0B-62-F9-09-43-74-9F-8D-57-9D-A9-93-31">
      <ModulePath>C:\workspaces\OutlookRecipientConfirmationAddin\sourcecode\packages\NUnit.ConsoleRunner.3.8.0\tools\nunit.engine.api.dll</ModulePath>
      <ModuleTime>2018-01-27T02:27:14Z</ModuleTime>
      <ModuleName>nunit.engine.api</ModuleName>
      <Classes />
    </Module>
    <Module skippedDueTo="Filter" hash="95-2A-FF-98-B6-82-8F-7C-F0-AC-3D-56-5A-54-93-7D-3B-32-4F-7B">
      <ModulePath>C:\workspaces\OutlookRecipientConfirmationAddin\sourcecode\packages\NUnit.ConsoleRunner.3.8.0\tools\nunit.engine.dll</ModulePath>
      <ModuleTime>2018-01-27T02:27:14Z</ModuleTime>
      <ModuleName>nunit.engine</ModuleName>
      <Classes />
    </Module>
    <Module skippedDueTo="Filter" hash="58-2A-4C-0C-25-69-3C-E5-E8-8F-0E-35-DB-19-D0-78-0E-D1-10-FA">
      <ModulePath>C:\WINDOWS\Microsoft.Net\assembly\GAC_MSIL\System.Xml\v4.0_4.0.0.0__b77a5c561934e089\System.Xml.dll</ModulePath>
      <ModuleTime>2017-12-22T03:10:39.7166266Z</ModuleTime>
      <ModuleName>System.Xml</ModuleName>
      <Classes />
    </Module>
    <Module skippedDueTo="Filter" hash="DC-F8-A3-B5-3C-D2-A2-92-BD-DE-4F-B9-C1-C6-59-24-2B-D3-FE-39">
      <ModulePath>C:\WINDOWS\Microsoft.Net\assembly\GAC_64\System.Web\v4.0_4.0.0.0__b03f5f7f11d50a3a\System.Web.dll</ModulePath>
      <ModuleTime>2018-02-09T03:34:33.7286998Z</ModuleTime>
      <ModuleName>System.Web</ModuleName>
      <Classes />
    </Module>
    <Module skippedDueTo="Filter" hash="8A-2E-8F-D6-9D-39-02-4A-2F-30-FC-06-42-F7-0F-A8-32-69-07-72">
      <ModulePath>C:\workspaces\OutlookRecipientConfirmationAddin\sourcecode\packages\NUnit.ConsoleRunner.3.8.0\tools\Mono.Cecil.dll</ModulePath>
      <ModuleTime>2018-01-27T02:27:14Z</ModuleTime>
      <ModuleName>Mono.Cecil</ModuleName>
      <Classes />
    </Module>
    <Module skippedDueTo="Filter" hash="95-C2-7F-29-1B-5E-88-C5-62-B1-37-09-E1-F0-97-D4-51-18-8D-2E">
      <ModulePath>C:\WINDOWS\Microsoft.Net\assembly\GAC_MSIL\System.Runtime.Remoting\v4.0_4.0.0.0__b77a5c561934e089\System.Runtime.Remoting.dll</ModulePath>
      <ModuleTime>2017-09-29T13:43:06.6935754Z</ModuleTime>
      <ModuleName>System.Runtime.Remoting</ModuleName>
      <Classes />
    </Module>
    <Module skippedDueTo="Filter" hash="62-13-DF-BA-4D-76-38-3A-FE-E9-5E-D8-6C-07-CC-1D-A2-DE-73-52">
      <ModulePath>C:\WINDOWS\Microsoft.Net\assembly\GAC_MSIL\System.Configuration\v4.0_4.0.0.0__b03f5f7f11d50a3a\System.Configuration.dll</ModulePath>
      <ModuleTime>2017-09-29T13:43:06.6154445Z</ModuleTime>
      <ModuleName>System.Configuration</ModuleName>
      <Classes />
    </Module>
    <Module skippedDueTo="Filter" hash="23-B3-8E-36-35-0B-BD-20-43-E0-A1-0E-D9-F4-93-5D-15-17-91-15">
      <ModulePath>C:\workspaces\OutlookRecipientConfirmationAddin\sourcecode\packages\NUnit.ConsoleRunner.3.8.0\tools\nunit-agent.exe</ModulePath>
      <ModuleTime>2018-01-27T02:27:14Z</ModuleTime>
      <ModuleName>nunit-agent</ModuleName>
      <Classes />
    </Module>
    <Module skippedDueTo="Filter" hash="A7-9F-41-2F-47-0F-3E-C7-DD-99-9E-73-7D-AF-41-93-23-DC-2B-18">
      <ModulePath>C:\workspaces\OutlookRecipientConfirmationAddin\sourcecode\ORCAUnitTest\bin\Debug\nunit.framework.dll</ModulePath>
      <ModuleTime>2018-02-26T07:29:23.023767Z</ModuleTime>
      <ModuleName>nunit.framework</ModuleName>
      <Classes />
    </Module>
    <Module skippedDueTo="Filter" hash="00-E4-8B-23-28-1E-7A-F6-0F-D2-F5-0F-0B-97-50-BC-55-63-B2-9D">
      <ModulePath>C:\WINDOWS\Microsoft.Net\assembly\GAC_MSIL\System.Core\v4.0_4.0.0.0__b77a5c561934e089\System.Core.dll</ModulePath>
      <ModuleTime>2018-02-02T03:36:02.9502864Z</ModuleTime>
      <ModuleName>System.Core</ModuleName>
      <Classes />
    </Module>
    <Module skippedDueTo="Filter" hash="DC-82-68-42-B4-4F-8D-2A-AA-57-36-85-F2-FC-06-2D-AC-31-33-67">
      <ModulePath>C:\workspaces\OutlookRecipientConfirmationAddin\sourcecode\ORCAUnitTest\bin\Debug\ORCAUnitTest.dll</ModulePath>
      <ModuleTime>2018-03-15T01:01:41.2405227Z</ModuleTime>
      <ModuleName>ORCAUnitTest</ModuleName>
      <Classes />
    </Module>
    <Module skippedDueTo="Filter" hash="3F-3A-1C-D3-C8-BD-4F-03-CC-62-09-6C-42-B8-13-7F-7F-EC-BE-CE">
      <ModulePath>C:\WINDOWS\Microsoft.Net\assembly\GAC_MSIL\System.Windows.Forms\v4.0_4.0.0.0__b77a5c561934e089\System.Windows.Forms.dll</ModulePath>
      <ModuleTime>2017-09-29T13:43:06.6779487Z</ModuleTime>
      <ModuleName>System.Windows.Forms</ModuleName>
      <Classes />
    </Module>
    <Module hash="13-98-53-34-4C-1E-01-12-9B-58-D7-9A-8A-3D-9D-4A-07-80-BB-75">
      <Summary numSequencePoints="980" visitedSequencePoints="11" numBranchPoints="222" visitedBranchPoints="3" sequenceCoverage="1.12" branchCoverage="1.35" maxCyclomaticComplexity="15" minCyclomaticComplexity="0" visitedClasses="2" numClasses="17" visitedMethods="2" numMethods="94" />
      <ModulePath>C:\workspaces\OutlookRecipientConfirmationAddin\sourcecode\ORCAUnitTest\bin\Debug\OutlookRecipientConfirmationAddin.dll</ModulePath>
      <ModuleTime>2018-03-15T01:01:40.5322341Z</ModuleTime>
      <ModuleName>OutlookRecipientConfirmationAddin</ModuleName>
      <Files>
        <File uid="1" fullPath="C:\workspaces\OutlookRecipientConfirmationAddin\sourcecode\OutlookRecipientConfirmationAddin\ContactFactory.cs" />
        <File uid="2" fullPath="C:\workspaces\OutlookRecipientConfirmationAddin\sourcecode\OutlookRecipientConfirmationAddin\ErrorDialog.Designer.cs" />
        <File uid="3" fullPath="C:\workspaces\OutlookRecipientConfirmationAddin\sourcecode\OutlookRecipientConfirmationAddin\ErrorDialog.cs" />
        <File uid="4" fullPath="C:\workspaces\OutlookRecipientConfirmationAddin\sourcecode\OutlookRecipientConfirmationAddin\Office365Contact.cs" />
        <File uid="5" fullPath="C:\workspaces\OutlookRecipientConfirmationAddin\sourcecode\OutlookRecipientConfirmationAddin\RecipientCommonWindow.Designer.cs" />
        <File uid="6" fullPath="C:\workspaces\OutlookRecipientConfirmationAddin\sourcecode\OutlookRecipientConfirmationAddin\RecipientCommonWindow.cs" />
        <File uid="7" fullPath="C:\workspaces\OutlookRecipientConfirmationAddin\sourcecode\OutlookRecipientConfirmationAddin\RecipientConfirmationWindow.Designer.cs" />
        <File uid="8" fullPath="C:\workspaces\OutlookRecipientConfirmationAddin\sourcecode\OutlookRecipientConfirmationAddin\RecipientConfirmationWindow.cs" />
        <File uid="9" fullPath="C:\workspaces\OutlookRecipientConfirmationAddin\sourcecode\OutlookRecipientConfirmationAddin\RecipientListWindow.Designer.cs" />
        <File uid="10" fullPath="C:\workspaces\OutlookRecipientConfirmationAddin\sourcecode\OutlookRecipientConfirmationAddin\RecipientListWindow.cs" />
        <File uid="11" fullPath="C:\workspaces\OutlookRecipientConfirmationAddin\sourcecode\OutlookRecipientConfirmationAddin\RecipientListRibbon.cs" />
        <File uid="12" fullPath="C:\workspaces\OutlookRecipientConfirmationAddin\sourcecode\OutlookRecipientConfirmationAddin\Utility.cs" />
        <File uid="13" fullPath="C:\workspaces\OutlookRecipientConfirmationAddin\sourcecode\OutlookRecipientConfirmationAddin\RecipientInformationDto.cs" />
        <File uid="14" fullPath="C:\workspaces\OutlookRecipientConfirmationAddin\sourcecode\OutlookRecipientConfirmationAddin\SearchRecipient.cs" />
        <File uid="15" fullPath="C:\workspaces\OutlookRecipientConfirmationAddin\sourcecode\OutlookRecipientConfirmationAddin\ThisAddIn.cs" />
        <File uid="16" fullPath="C:\workspaces\OutlookRecipientConfirmationAddin\sourcecode\OutlookRecipientConfirmationAddin\ThisAddIn.Designer.cs" />
        <File uid="21" fullPath="C:\workspaces\OutlookRecipientConfirmationAddin\sourcecode\OutlookRecipientConfirmationAddin\Properties\Resources.Designer.cs" />
        <File uid="22" fullPath="C:\workspaces\OutlookRecipientConfirmationAddin\sourcecode\OutlookRecipientConfirmationAddin\Properties\Settings.Designer.cs" />
      </Files>
      <Classes>
        <Class>
          <Summary numSequencePoints="0" visitedSequencePoints="0" numBranchPoints="0" visitedBranchPoints="0" sequenceCoverage="0" branchCoverage="0" maxCyclomaticComplexity="0" minCyclomaticComplexity="0" visitedClasses="0" numClasses="0" visitedMethods="0" numMethods="0" />
          <FullName>&lt;Module&gt;</FullName>
          <Methods />
        </Class>
        <Class>
          <Summary numSequencePoints="6" visitedSequencePoints="0" numBranchPoints="2" visitedBranchPoints="0" sequenceCoverage="0" branchCoverage="0" maxCyclomaticComplexity="1" minCyclomaticComplexity="1" visitedClasses="0" numClasses="1" visitedMethods="0" numMethods="2" />
          <FullName>OutlookRecipientConfirmationAddin.ContactFactory</FullName>
          <Methods>
            <Method visited="false" cyclomaticComplexity="1" nPathComplexity="0" sequenceCoverage="0" branchCoverage="0" isConstructor="false" isStatic="false" isGetter="false" isSetter="false">
              <Summary numSequencePoints="5" visitedSequencePoints="0" numBranchPoints="1" visitedBranchPoints="0" sequenceCoverage="0" branchCoverage="0" maxCyclomaticComplexity="1" minCyclomaticComplexity="1" visitedClasses="0" numClasses="0" visitedMethods="0" numMethods="1" />
              <MetadataToken>100663297</MetadataToken>
              <Name>System.Collections.Generic.List`1&lt;OutlookRecipientConfirmationAddin.IContact&gt; OutlookRecipientConfirmationAddin.ContactFactory::CreateContacts()</Name>
              <FileRef uid="1" />
              <SequencePoints>
                <SequencePoint vc="0" uspid="1" ordinal="0" offset="0" sl="19" sc="9" el="19" ec="10" bec="0" bev="0" fileid="1" />
                <SequencePoint vc="0" uspid="2" ordinal="1" offset="1" sl="20" sc="13" el="20" ec="64" bec="0" bev="0" fileid="1" />
                <SequencePoint vc="0" uspid="3" ordinal="2" offset="7" sl="21" sc="13" el="21" ec="52" bec="0" bev="0" fileid="1" />
                <SequencePoint vc="0" uspid="4" ordinal="3" offset="20" sl="25" sc="13" el="25" ec="37" bec="0" bev="0" fileid="1" />
                <SequencePoint vc="0" uspid="5" ordinal="4" offset="29" sl="26" sc="9" el="26" ec="10" bec="0" bev="0" fileid="1" />
              </SequencePoints>
              <BranchPoints />
              <MethodPoint xsi:type="SequencePoint" vc="0" uspid="1" ordinal="0" offset="0" sl="19" sc="9" el="19" ec="10" bec="0" bev="0" fileid="1" />
            </Method>
            <Method visited="false" cyclomaticComplexity="1" nPathComplexity="0" sequenceCoverage="0" branchCoverage="0" isConstructor="true" isStatic="false" isGetter="false" isSetter="false">
              <Summary numSequencePoints="1" visitedSequencePoints="0" numBranchPoints="1" visitedBranchPoints="0" sequenceCoverage="0" branchCoverage="0" maxCyclomaticComplexity="1" minCyclomaticComplexity="1" visitedClasses="0" numClasses="0" visitedMethods="0" numMethods="1" />
              <MetadataToken>100663298</MetadataToken>
              <Name>System.Void OutlookRecipientConfirmationAddin.ContactFactory::.ctor()</Name>
              <FileRef uid="1" />
              <SequencePoints>
                <SequencePoint vc="0" uspid="6" ordinal="0" offset="0" sl="16" sc="9" el="16" ec="72" bec="0" bev="0" fileid="1" />
              </SequencePoints>
              <BranchPoints />
              <MethodPoint xsi:type="SequencePoint" vc="0" uspid="6" ordinal="0" offset="0" sl="16" sc="9" el="16" ec="72" bec="0" bev="0" fileid="1" />
            </Method>
          </Methods>
        </Class>
        <Class>
          <Summary numSequencePoints="112" visitedSequencePoints="0" numBranchPoints="10" visitedBranchPoints="0" sequenceCoverage="0" branchCoverage="0" maxCyclomaticComplexity="3" minCyclomaticComplexity="1" visitedClasses="0" numClasses="1" visitedMethods="0" numMethods="6" />
          <FullName>OutlookRecipientConfirmationAddin.ErrorDialog</FullName>
          <Methods>
            <Method visited="false" cyclomaticComplexity="1" nPathComplexity="0" sequenceCoverage="0" branchCoverage="0" isConstructor="true" isStatic="false" isGetter="false" isSetter="false">
              <Summary numSequencePoints="4" visitedSequencePoints="0" numBranchPoints="1" visitedBranchPoints="0" sequenceCoverage="0" branchCoverage="0" maxCyclomaticComplexity="1" minCyclomaticComplexity="1" visitedClasses="0" numClasses="0" visitedMethods="0" numMethods="1" />
              <MetadataToken>100663299</MetadataToken>
              <Name>System.Void OutlookRecipientConfirmationAddin.ErrorDialog::.ctor()</Name>
              <FileRef uid="2" />
              <SequencePoints>
                <SequencePoint vc="0" uspid="7" ordinal="0" offset="0" sl="8" sc="9" el="8" ec="68" bec="0" bev="0" fileid="2" />
                <SequencePoint vc="0" uspid="8" ordinal="1" offset="7" sl="22" sc="9" el="22" ec="30" bec="0" bev="0" fileid="3" />
                <SequencePoint vc="0" uspid="9" ordinal="2" offset="14" sl="23" sc="9" el="23" ec="10" bec="0" bev="0" fileid="3" />
                <SequencePoint vc="0" uspid="10" ordinal="3" offset="15" sl="25" sc="9" el="25" ec="10" bec="0" bev="0" fileid="3" />
              </SequencePoints>
              <BranchPoints />
              <MethodPoint xsi:type="SequencePoint" vc="0" uspid="7" ordinal="0" offset="0" sl="8" sc="9" el="8" ec="68" bec="0" bev="0" fileid="2" />
            </Method>
            <Method visited="false" cyclomaticComplexity="1" nPathComplexity="0" sequenceCoverage="0" branchCoverage="0" isConstructor="false" isStatic="true" isGetter="false" isSetter="false">
              <Summary numSequencePoints="6" visitedSequencePoints="0" numBranchPoints="1" visitedBranchPoints="0" sequenceCoverage="0" branchCoverage="0" maxCyclomaticComplexity="1" minCyclomaticComplexity="1" visitedClasses="0" numClasses="0" visitedMethods="0" numMethods="1" />
              <MetadataToken>100663300</MetadataToken>
              <Name>System.Void OutlookRecipientConfirmationAddin.ErrorDialog::ShowException(System.Exception)</Name>
              <FileRef uid="3" />
              <SequencePoints>
                <SequencePoint vc="0" uspid="11" ordinal="0" offset="0" sl="32" sc="9" el="32" ec="10" bec="0" bev="0" fileid="3" />
                <SequencePoint vc="0" uspid="12" ordinal="1" offset="1" sl="33" sc="13" el="33" ec="57" bec="0" bev="0" fileid="3" />
                <SequencePoint vc="0" uspid="13" ordinal="2" offset="7" sl="34" sc="13" el="34" ec="47" bec="0" bev="0" fileid="3" />
                <SequencePoint vc="0" uspid="14" ordinal="3" offset="14" sl="37" sc="13" el="37" ec="43" bec="0" bev="0" fileid="3" />
                <SequencePoint vc="0" uspid="15" ordinal="4" offset="22" sl="40" sc="13" el="40" ec="38" bec="0" bev="0" fileid="3" />
                <SequencePoint vc="0" uspid="16" ordinal="5" offset="29" sl="41" sc="9" el="41" ec="10" bec="0" bev="0" fileid="3" />
              </SequencePoints>
              <BranchPoints />
              <MethodPoint xsi:type="SequencePoint" vc="0" uspid="11" ordinal="0" offset="0" sl="32" sc="9" el="32" ec="10" bec="0" bev="0" fileid="3" />
            </Method>
            <Method visited="false" cyclomaticComplexity="2" nPathComplexity="2" sequenceCoverage="0" branchCoverage="0" isConstructor="false" isStatic="false" isGetter="false" isSetter="false">
              <Summary numSequencePoints="15" visitedSequencePoints="0" numBranchPoints="3" visitedBranchPoints="0" sequenceCoverage="0" branchCoverage="0" maxCyclomaticComplexity="2" minCyclomaticComplexity="2" visitedClasses="0" numClasses="0" visitedMethods="0" numMethods="1" />
              <MetadataToken>100663301</MetadataToken>
              <Name>System.Void OutlookRecipientConfirmationAddin.ErrorDialog::FormatTextBox(System.Exception)</Name>
              <FileRef uid="3" />
              <SequencePoints>
                <SequencePoint vc="0" uspid="17" ordinal="0" offset="0" sl="48" sc="9" el="48" ec="10" bec="0" bev="0" fileid="3" />
                <SequencePoint vc="0" uspid="18" ordinal="1" offset="1" sl="50" sc="13" el="50" ec="50" bec="0" bev="0" fileid="3" />
                <SequencePoint vc="0" uspid="19" ordinal="2" offset="29" sl="52" sc="13" el="52" ec="54" bec="0" bev="0" fileid="3" />
                <SequencePoint vc="0" uspid="20" ordinal="3" offset="63" sl="55" sc="13" el="55" ec="44" bec="2" bev="0" fileid="3" />
                <SequencePoint vc="0" uspid="21" ordinal="4" offset="76" sl="56" sc="13" el="56" ec="14" bec="0" bev="0" fileid="3" />
                <SequencePoint vc="0" uspid="22" ordinal="5" offset="77" sl="57" sc="17" el="57" ec="45" bec="0" bev="0" fileid="3" />
                <SequencePoint vc="0" uspid="23" ordinal="6" offset="94" sl="58" sc="17" el="58" ec="62" bec="0" bev="0" fileid="3" />
                <SequencePoint vc="0" uspid="24" ordinal="7" offset="122" sl="59" sc="17" el="59" ec="70" bec="0" bev="0" fileid="3" />
                <SequencePoint vc="0" uspid="25" ordinal="8" offset="161" sl="61" sc="17" el="61" ec="73" bec="0" bev="0" fileid="3" />
                <SequencePoint vc="0" uspid="26" ordinal="9" offset="200" sl="62" sc="13" el="62" ec="14" bec="0" bev="0" fileid="3" />
                <SequencePoint vc="0" uspid="27" ordinal="10" offset="201" sl="65" sc="17" el="65" ec="42" bec="0" bev="0" fileid="3" />
                <SequencePoint vc="0" uspid="28" ordinal="11" offset="214" sl="66" sc="13" el="66" ec="39" bec="0" bev="0" fileid="3" />
                <SequencePoint vc="0" uspid="29" ordinal="12" offset="227" sl="69" sc="13" el="69" ec="51" bec="0" bev="0" fileid="3" />
                <SequencePoint vc="0" uspid="30" ordinal="13" offset="240" sl="72" sc="13" el="72" ec="41" bec="0" bev="0" fileid="3" />
                <SequencePoint vc="0" uspid="31" ordinal="14" offset="253" sl="73" sc="9" el="73" ec="10" bec="0" bev="0" fileid="3" />
              </SequencePoints>
              <BranchPoints>
                <BranchPoint vc="0" uspid="32" ordinal="0" offset="74" sl="55" path="0" offsetend="76" fileid="3" />
                <BranchPoint vc="0" uspid="33" ordinal="1" offset="74" sl="55" path="1" offsetend="201" fileid="3" />
              </BranchPoints>
              <MethodPoint xsi:type="SequencePoint" vc="0" uspid="17" ordinal="0" offset="0" sl="48" sc="9" el="48" ec="10" bec="0" bev="0" fileid="3" />
            </Method>
            <Method visited="false" cyclomaticComplexity="1" nPathComplexity="0" sequenceCoverage="0" branchCoverage="0" isConstructor="false" isStatic="false" isGetter="false" isSetter="false">
              <Summary numSequencePoints="3" visitedSequencePoints="0" numBranchPoints="1" visitedBranchPoints="0" sequenceCoverage="0" branchCoverage="0" maxCyclomaticComplexity="1" minCyclomaticComplexity="1" visitedClasses="0" numClasses="0" visitedMethods="0" numMethods="1" />
              <MetadataToken>100663302</MetadataToken>
              <Name>System.Void OutlookRecipientConfirmationAddin.ErrorDialog::GitHub_LinkClicked(System.Object,System.Windows.Forms.LinkLabelLinkClickedEventArgs)</Name>
              <FileRef uid="3" />
              <SequencePoints>
                <SequencePoint vc="0" uspid="34" ordinal="0" offset="0" sl="77" sc="9" el="77" ec="10" bec="0" bev="0" fileid="3" />
                <SequencePoint vc="0" uspid="35" ordinal="1" offset="1" sl="78" sc="13" el="78" ec="115" bec="0" bev="0" fileid="3" />
                <SequencePoint vc="0" uspid="36" ordinal="2" offset="12" sl="79" sc="9" el="79" ec="10" bec="0" bev="0" fileid="3" />
              </SequencePoints>
              <BranchPoints />
              <MethodPoint xsi:type="SequencePoint" vc="0" uspid="34" ordinal="0" offset="0" sl="77" sc="9" el="77" ec="10" bec="0" bev="0" fileid="3" />
            </Method>
            <Method visited="false" cyclomaticComplexity="3" nPathComplexity="2" sequenceCoverage="0" branchCoverage="0" isConstructor="false" isStatic="false" isGetter="false" isSetter="false">
              <Summary numSequencePoints="7" visitedSequencePoints="0" numBranchPoints="3" visitedBranchPoints="0" sequenceCoverage="0" branchCoverage="0" maxCyclomaticComplexity="3" minCyclomaticComplexity="3" visitedClasses="0" numClasses="0" visitedMethods="0" numMethods="1" />
              <MetadataToken>100663303</MetadataToken>
              <Name>System.Void OutlookRecipientConfirmationAddin.ErrorDialog::Dispose(System.Boolean)</Name>
              <FileRef uid="2" />
              <SequencePoints>
                <SequencePoint vc="0" uspid="37" ordinal="0" offset="0" sl="15" sc="9" el="15" ec="10" bec="0" bev="0" fileid="2" />
                <SequencePoint vc="0" uspid="38" ordinal="1" offset="1" sl="16" sc="13" el="16" ec="51" bec="2" bev="0" fileid="2" />
                <SequencePoint vc="0" uspid="39" ordinal="2" offset="20" sl="17" sc="13" el="17" ec="14" bec="0" bev="0" fileid="2" />
                <SequencePoint vc="0" uspid="40" ordinal="3" offset="21" sl="18" sc="17" el="18" ec="38" bec="0" bev="0" fileid="2" />
                <SequencePoint vc="0" uspid="41" ordinal="4" offset="33" sl="19" sc="13" el="19" ec="14" bec="0" bev="0" fileid="2" />
                <SequencePoint vc="0" uspid="42" ordinal="5" offset="34" sl="20" sc="13" el="20" ec="37" bec="0" bev="0" fileid="2" />
                <SequencePoint vc="0" uspid="43" ordinal="6" offset="42" sl="21" sc="9" el="21" ec="10" bec="0" bev="0" fileid="2" />
              </SequencePoints>
              <BranchPoints>
                <BranchPoint vc="0" uspid="46" ordinal="2" offset="18" sl="16" path="0" offsetend="20" fileid="2" />
                <BranchPoint vc="0" uspid="47" ordinal="3" offset="18" sl="16" path="1" offsetend="34" fileid="2" />
              </BranchPoints>
              <MethodPoint xsi:type="SequencePoint" vc="0" uspid="37" ordinal="0" offset="0" sl="15" sc="9" el="15" ec="10" bec="0" bev="0" fileid="2" />
            </Method>
            <Method visited="false" cyclomaticComplexity="1" nPathComplexity="0" sequenceCoverage="0" branchCoverage="0" isConstructor="false" isStatic="false" isGetter="false" isSetter="false">
              <Summary numSequencePoints="77" visitedSequencePoints="0" numBranchPoints="1" visitedBranchPoints="0" sequenceCoverage="0" branchCoverage="0" maxCyclomaticComplexity="1" minCyclomaticComplexity="1" visitedClasses="0" numClasses="0" visitedMethods="0" numMethods="1" />
              <MetadataToken>100663304</MetadataToken>
              <Name>System.Void OutlookRecipientConfirmationAddin.ErrorDialog::InitializeComponent()</Name>
              <FileRef uid="2" />
              <SequencePoints>
                <SequencePoint vc="0" uspid="48" ordinal="0" offset="0" sl="30" sc="9" el="30" ec="10" bec="0" bev="0" fileid="2" />
                <SequencePoint vc="0" uspid="49" ordinal="1" offset="1" sl="31" sc="13" el="31" ec="144" bec="0" bev="0" fileid="2" />
                <SequencePoint vc="0" uspid="50" ordinal="2" offset="17" sl="32" sc="13" el="32" ec="60" bec="0" bev="0" fileid="2" />
                <SequencePoint vc="0" uspid="51" ordinal="3" offset="28" sl="33" sc="13" el="33" ec="64" bec="0" bev="0" fileid="2" />
                <SequencePoint vc="0" uspid="52" ordinal="4" offset="39" sl="34" sc="13" el="34" ec="62" bec="0" bev="0" fileid="2" />
                <SequencePoint vc="0" uspid="53" ordinal="5" offset="50" sl="35" sc="13" el="35" ec="64" bec="0" bev="0" fileid="2" />
                <SequencePoint vc="0" uspid="54" ordinal="6" offset="61" sl="36" sc="13" el="36" ec="60" bec="0" bev="0" fileid="2" />
                <SequencePoint vc="0" uspid="55" ordinal="7" offset="72" sl="37" sc="13" el="37" ec="34" bec="0" bev="0" fileid="2" />
                <SequencePoint vc="0" uspid="56" ordinal="8" offset="79" sl="41" sc="13" el="41" ec="41" bec="0" bev="0" fileid="2" />
                <SequencePoint vc="0" uspid="57" ordinal="9" offset="92" sl="42" sc="13" el="42" ec="76" bec="0" bev="0" fileid="2" />
                <SequencePoint vc="0" uspid="58" ordinal="10" offset="119" sl="43" sc="13" el="43" ec="69" bec="0" bev="0" fileid="2" />
                <SequencePoint vc="0" uspid="59" ordinal="11" offset="140" sl="44" sc="13" el="44" ec="79" bec="0" bev="0" fileid="2" />
                <SequencePoint vc="0" uspid="60" ordinal="12" offset="161" sl="45" sc="13" el="45" ec="41" bec="0" bev="0" fileid="2" />
                <SequencePoint vc="0" uspid="61" ordinal="13" offset="178" sl="46" sc="13" el="46" ec="65" bec="0" bev="0" fileid="2" />
                <SequencePoint vc="0" uspid="62" ordinal="14" offset="202" sl="47" sc="13" el="47" ec="38" bec="0" bev="0" fileid="2" />
                <SequencePoint vc="0" uspid="63" ordinal="15" offset="215" sl="48" sc="13" el="48" ec="65" bec="0" bev="0" fileid="2" />
                <SequencePoint vc="0" uspid="64" ordinal="16" offset="232" sl="52" sc="13" el="54" ec="58" bec="0" bev="0" fileid="2" />
                <SequencePoint vc="0" uspid="65" ordinal="17" offset="246" sl="55" sc="13" el="55" ec="66" bec="0" bev="0" fileid="2" />
                <SequencePoint vc="0" uspid="66" ordinal="18" offset="263" sl="56" sc="13" el="56" ec="86" bec="0" bev="0" fileid="2" />
                <SequencePoint vc="0" uspid="67" ordinal="19" offset="276" sl="57" sc="13" el="57" ec="157" bec="0" bev="0" fileid="2" />
                <SequencePoint vc="0" uspid="68" ordinal="20" offset="306" sl="58" sc="13" el="58" ec="71" bec="0" bev="0" fileid="2" />
                <SequencePoint vc="0" uspid="69" ordinal="21" offset="327" sl="59" sc="13" el="59" ec="81" bec="0" bev="0" fileid="2" />
                <SequencePoint vc="0" uspid="70" ordinal="22" offset="348" sl="60" sc="13" el="60" ec="44" bec="0" bev="0" fileid="2" />
                <SequencePoint vc="0" uspid="71" ordinal="23" offset="361" sl="61" sc="13" el="61" ec="45" bec="0" bev="0" fileid="2" />
                <SequencePoint vc="0" uspid="72" ordinal="24" offset="378" sl="62" sc="13" el="62" ec="43" bec="0" bev="0" fileid="2" />
                <SequencePoint vc="0" uspid="73" ordinal="25" offset="391" sl="63" sc="13" el="63" ec="69" bec="0" bev="0" fileid="2" />
                <SequencePoint vc="0" uspid="74" ordinal="26" offset="418" sl="64" sc="13" el="64" ec="40" bec="0" bev="0" fileid="2" />
                <SequencePoint vc="0" uspid="75" ordinal="27" offset="431" sl="68" sc="13" el="68" ec="159" bec="0" bev="0" fileid="2" />
                <SequencePoint vc="0" uspid="76" ordinal="28" offset="445" sl="69" sc="13" el="69" ec="82" bec="0" bev="0" fileid="2" />
                <SequencePoint vc="0" uspid="77" ordinal="29" offset="458" sl="70" sc="13" el="70" ec="77" bec="0" bev="0" fileid="2" />
                <SequencePoint vc="0" uspid="78" ordinal="30" offset="485" sl="71" sc="13" el="71" ec="72" bec="0" bev="0" fileid="2" />
                <SequencePoint vc="0" uspid="79" ordinal="31" offset="512" sl="72" sc="13" el="72" ec="80" bec="0" bev="0" fileid="2" />
                <SequencePoint vc="0" uspid="80" ordinal="32" offset="533" sl="73" sc="13" el="73" ec="43" bec="0" bev="0" fileid="2" />
                <SequencePoint vc="0" uspid="81" ordinal="33" offset="550" sl="74" sc="13" el="74" ec="66" bec="0" bev="0" fileid="2" />
                <SequencePoint vc="0" uspid="82" ordinal="34" offset="571" sl="75" sc="13" el="75" ec="39" bec="0" bev="0" fileid="2" />
                <SequencePoint vc="0" uspid="83" ordinal="35" offset="584" sl="76" sc="13" el="76" ec="41" bec="0" bev="0" fileid="2" />
                <SequencePoint vc="0" uspid="84" ordinal="36" offset="601" sl="77" sc="13" el="77" ec="57" bec="0" bev="0" fileid="2" />
                <SequencePoint vc="0" uspid="85" ordinal="37" offset="614" sl="81" sc="13" el="81" ec="157" bec="0" bev="0" fileid="2" />
                <SequencePoint vc="0" uspid="86" ordinal="38" offset="627" sl="82" sc="13" el="82" ec="41" bec="0" bev="0" fileid="2" />
                <SequencePoint vc="0" uspid="87" ordinal="39" offset="640" sl="83" sc="13" el="83" ec="64" bec="0" bev="0" fileid="2" />
                <SequencePoint vc="0" uspid="88" ordinal="40" offset="657" sl="84" sc="13" el="84" ec="76" bec="0" bev="0" fileid="2" />
                <SequencePoint vc="0" uspid="89" ordinal="41" offset="684" sl="85" sc="13" el="85" ec="70" bec="0" bev="0" fileid="2" />
                <SequencePoint vc="0" uspid="90" ordinal="42" offset="708" sl="86" sc="13" el="86" ec="79" bec="0" bev="0" fileid="2" />
                <SequencePoint vc="0" uspid="91" ordinal="43" offset="729" sl="87" sc="13" el="87" ec="41" bec="0" bev="0" fileid="2" />
                <SequencePoint vc="0" uspid="92" ordinal="44" offset="746" sl="88" sc="13" el="88" ec="64" bec="0" bev="0" fileid="2" />
                <SequencePoint vc="0" uspid="93" ordinal="45" offset="767" sl="89" sc="13" el="89" ec="38" bec="0" bev="0" fileid="2" />
                <SequencePoint vc="0" uspid="94" ordinal="46" offset="780" sl="90" sc="13" el="90" ec="40" bec="0" bev="0" fileid="2" />
                <SequencePoint vc="0" uspid="95" ordinal="47" offset="793" sl="91" sc="13" el="91" ec="41" bec="0" bev="0" fileid="2" />
                <SequencePoint vc="0" uspid="96" ordinal="48" offset="810" sl="92" sc="13" el="92" ec="123" bec="0" bev="0" fileid="2" />
                <SequencePoint vc="0" uspid="97" ordinal="49" offset="834" sl="96" sc="13" el="96" ec="41" bec="0" bev="0" fileid="2" />
                <SequencePoint vc="0" uspid="98" ordinal="50" offset="847" sl="97" sc="13" el="97" ec="73" bec="0" bev="0" fileid="2" />
                <SequencePoint vc="0" uspid="99" ordinal="51" offset="874" sl="98" sc="13" el="98" ec="69" bec="0" bev="0" fileid="2" />
                <SequencePoint vc="0" uspid="100" ordinal="52" offset="895" sl="99" sc="13" el="99" ec="79" bec="0" bev="0" fileid="2" />
                <SequencePoint vc="0" uspid="101" ordinal="53" offset="916" sl="100" sc="13" el="100" ec="41" bec="0" bev="0" fileid="2" />
                <SequencePoint vc="0" uspid="102" ordinal="54" offset="933" sl="101" sc="13" el="101" ec="65" bec="0" bev="0" fileid="2" />
                <SequencePoint vc="0" uspid="103" ordinal="55" offset="954" sl="102" sc="13" el="102" ec="38" bec="0" bev="0" fileid="2" />
                <SequencePoint vc="0" uspid="104" ordinal="56" offset="967" sl="103" sc="13" el="103" ec="42" bec="0" bev="0" fileid="2" />
                <SequencePoint vc="0" uspid="105" ordinal="57" offset="984" sl="107" sc="13" el="107" ec="46" bec="0" bev="0" fileid="2" />
                <SequencePoint vc="0" uspid="106" ordinal="58" offset="997" sl="108" sc="13" el="108" ec="75" bec="0" bev="0" fileid="2" />
                <SequencePoint vc="0" uspid="107" ordinal="59" offset="1019" sl="109" sc="13" el="109" ec="74" bec="0" bev="0" fileid="2" />
                <SequencePoint vc="0" uspid="108" ordinal="60" offset="1027" sl="110" sc="13" el="110" ec="57" bec="0" bev="0" fileid="2" />
                <SequencePoint vc="0" uspid="109" ordinal="61" offset="1039" sl="111" sc="13" el="111" ec="46" bec="0" bev="0" fileid="2" />
                <SequencePoint vc="0" uspid="110" ordinal="62" offset="1052" sl="112" sc="13" el="112" ec="66" bec="0" bev="0" fileid="2" />
                <SequencePoint vc="0" uspid="111" ordinal="63" offset="1074" sl="113" sc="13" el="113" ec="44" bec="0" bev="0" fileid="2" />
                <SequencePoint vc="0" uspid="112" ordinal="64" offset="1092" sl="114" sc="13" el="114" ec="44" bec="0" bev="0" fileid="2" />
                <SequencePoint vc="0" uspid="113" ordinal="65" offset="1110" sl="115" sc="13" el="115" ec="45" bec="0" bev="0" fileid="2" />
                <SequencePoint vc="0" uspid="114" ordinal="66" offset="1128" sl="116" sc="13" el="116" ec="46" bec="0" bev="0" fileid="2" />
                <SequencePoint vc="0" uspid="115" ordinal="67" offset="1146" sl="117" sc="13" el="117" ec="44" bec="0" bev="0" fileid="2" />
                <SequencePoint vc="0" uspid="116" ordinal="68" offset="1164" sl="118" sc="13" el="118" ec="64" bec="0" bev="0" fileid="2" />
                <SequencePoint vc="0" uspid="117" ordinal="69" offset="1176" sl="119" sc="13" el="119" ec="84" bec="0" bev="0" fileid="2" />
                <SequencePoint vc="0" uspid="118" ordinal="70" offset="1199" sl="120" sc="13" el="120" ec="72" bec="0" bev="0" fileid="2" />
                <SequencePoint vc="0" uspid="119" ordinal="71" offset="1215" sl="121" sc="13" el="121" ec="39" bec="0" bev="0" fileid="2" />
                <SequencePoint vc="0" uspid="120" ordinal="72" offset="1227" sl="122" sc="13" el="122" ec="86" bec="0" bev="0" fileid="2" />
                <SequencePoint vc="0" uspid="121" ordinal="73" offset="1235" sl="123" sc="13" el="123" ec="47" bec="0" bev="0" fileid="2" />
                <SequencePoint vc="0" uspid="122" ordinal="74" offset="1247" sl="124" sc="13" el="124" ec="38" bec="0" bev="0" fileid="2" />
                <SequencePoint vc="0" uspid="123" ordinal="75" offset="1255" sl="125" sc="13" el="125" ec="34" bec="0" bev="0" fileid="2" />
                <SequencePoint vc="0" uspid="124" ordinal="76" offset="1262" sl="127" sc="9" el="127" ec="10" bec="0" bev="0" fileid="2" />
              </SequencePoints>
              <BranchPoints />
              <MethodPoint xsi:type="SequencePoint" vc="0" uspid="48" ordinal="0" offset="0" sl="30" sc="9" el="30" ec="10" bec="0" bev="0" fileid="2" />
            </Method>
          </Methods>
        </Class>
        <Class>
          <Summary numSequencePoints="23" visitedSequencePoints="0" numBranchPoints="7" visitedBranchPoints="0" sequenceCoverage="0" branchCoverage="0" maxCyclomaticComplexity="6" minCyclomaticComplexity="1" visitedClasses="0" numClasses="1" visitedMethods="0" numMethods="1" />
          <FullName>OutlookRecipientConfirmationAddin.Office365Contact</FullName>
          <Methods>
            <Method visited="false" cyclomaticComplexity="6" nPathComplexity="8" sequenceCoverage="0" branchCoverage="0" isConstructor="false" isStatic="false" isGetter="false" isSetter="false">
              <Summary numSequencePoints="23" visitedSequencePoints="0" numBranchPoints="7" visitedBranchPoints="0" sequenceCoverage="0" branchCoverage="0" maxCyclomaticComplexity="6" minCyclomaticComplexity="6" visitedClasses="0" numClasses="0" visitedMethods="0" numMethods="1" />
              <MetadataToken>100663306</MetadataToken>
              <Name>Microsoft.Office.Interop.Outlook.ContactItem OutlookRecipientConfirmationAddin.Office365Contact::getContactItem(Microsoft.Office.Interop.Outlook.Recipient)</Name>
              <FileRef uid="4" />
              <SequencePoints>
                <SequencePoint vc="0" uspid="125" ordinal="0" offset="0" sl="18" sc="9" el="18" ec="10" bec="0" bev="0" fileid="4" />
                <SequencePoint vc="0" uspid="126" ordinal="1" offset="1" sl="19" sc="13" el="19" ec="44" bec="0" bev="0" fileid="4" />
                <SequencePoint vc="0" uspid="127" ordinal="2" offset="3" sl="22" sc="13" el="22" ec="126" bec="2" bev="0" fileid="4" />
                <SequencePoint vc="0" uspid="128" ordinal="3" offset="21" sl="23" sc="13" el="23" ec="14" bec="0" bev="0" fileid="4" />
                <SequencePoint vc="0" uspid="129" ordinal="4" offset="22" sl="25" sc="17" el="25" ec="98" bec="0" bev="0" fileid="4" />
                <SequencePoint vc="0" uspid="130" ordinal="5" offset="104" sl="26" sc="17" el="26" ec="55" bec="0" bev="0" fileid="4" />
                <SequencePoint vc="0" uspid="131" ordinal="6" offset="117" sl="27" sc="17" el="27" ec="36" bec="0" bev="0" fileid="4" />
                <SequencePoint vc="0" uspid="132" ordinal="7" offset="124" sl="31" sc="13" el="31" ec="78" bec="0" bev="0" fileid="4" />
                <SequencePoint vc="0" uspid="133" ordinal="8" offset="136" sl="35" sc="13" el="35" ec="34" bec="2" bev="0" fileid="4" />
                <SequencePoint vc="0" uspid="134" ordinal="9" offset="146" sl="36" sc="13" el="36" ec="14" bec="0" bev="0" fileid="4" />
                <SequencePoint vc="0" uspid="135" ordinal="10" offset="147" sl="37" sc="17" el="37" ec="113" bec="0" bev="0" fileid="4" />
                <SequencePoint vc="0" uspid="136" ordinal="11" offset="175" sl="39" sc="17" el="39" ec="70" bec="0" bev="0" fileid="4" />
                <SequencePoint vc="0" uspid="137" ordinal="12" offset="188" sl="40" sc="13" el="40" ec="14" bec="0" bev="0" fileid="4" />
                <SequencePoint vc="0" uspid="138" ordinal="13" offset="189" sl="43" sc="13" el="43" ec="34" bec="2" bev="0" fileid="4" />
                <SequencePoint vc="0" uspid="139" ordinal="14" offset="202" sl="44" sc="13" el="44" ec="14" bec="0" bev="0" fileid="4" />
                <SequencePoint vc="0" uspid="140" ordinal="15" offset="203" sl="45" sc="17" el="45" ec="98" bec="0" bev="0" fileid="4" />
                <SequencePoint vc="0" uspid="141" ordinal="16" offset="285" sl="46" sc="17" el="46" ec="54" bec="0" bev="0" fileid="4" />
                <SequencePoint vc="0" uspid="142" ordinal="17" offset="298" sl="47" sc="17" el="47" ec="64" bec="0" bev="0" fileid="4" />
                <SequencePoint vc="0" uspid="143" ordinal="18" offset="311" sl="48" sc="17" el="48" ec="62" bec="0" bev="0" fileid="4" />
                <SequencePoint vc="0" uspid="144" ordinal="19" offset="324" sl="49" sc="17" el="49" ec="58" bec="0" bev="0" fileid="4" />
                <SequencePoint vc="0" uspid="145" ordinal="20" offset="337" sl="50" sc="13" el="50" ec="14" bec="0" bev="0" fileid="4" />
                <SequencePoint vc="0" uspid="146" ordinal="21" offset="338" sl="52" sc="13" el="52" ec="32" bec="0" bev="0" fileid="4" />
                <SequencePoint vc="0" uspid="147" ordinal="22" offset="342" sl="53" sc="9" el="53" ec="10" bec="0" bev="0" fileid="4" />
              </SequencePoints>
              <BranchPoints>
                <BranchPoint vc="0" uspid="148" ordinal="0" offset="19" sl="22" path="0" offsetend="21" fileid="4" />
                <BranchPoint vc="0" uspid="149" ordinal="1" offset="19" sl="22" path="1" offsetend="124" fileid="4" />
                <BranchPoint vc="0" uspid="152" ordinal="4" offset="144" sl="35" path="0" offsetend="146" fileid="4" />
                <BranchPoint vc="0" uspid="153" ordinal="5" offset="144" sl="35" path="1" offsetend="189" fileid="4" />
                <BranchPoint vc="0" uspid="154" ordinal="6" offset="197" sl="43" path="0" offsetend="202" fileid="4" />
                <BranchPoint vc="0" uspid="155" ordinal="7" offset="197" sl="43" path="1" offsetend="338" fileid="4" />
              </BranchPoints>
              <MethodPoint xsi:type="SequencePoint" vc="0" uspid="125" ordinal="0" offset="0" sl="18" sc="9" el="18" ec="10" bec="0" bev="0" fileid="4" />
            </Method>
            <Method visited="false" cyclomaticComplexity="1" nPathComplexity="0" sequenceCoverage="0" branchCoverage="0" isConstructor="true" isStatic="false" isGetter="false" isSetter="false">
              <Summary numSequencePoints="0" visitedSequencePoints="0" numBranchPoints="0" visitedBranchPoints="0" sequenceCoverage="0" branchCoverage="0" maxCyclomaticComplexity="1" minCyclomaticComplexity="1" visitedClasses="0" numClasses="0" visitedMethods="0" numMethods="0" />
              <MetadataToken>100663307</MetadataToken>
              <Name>System.Void OutlookRecipientConfirmationAddin.Office365Contact::.ctor()</Name>
              <SequencePoints />
              <BranchPoints />
              <MethodPoint vc="0" uspid="158" ordinal="0" offset="0" />
            </Method>
          </Methods>
        </Class>
        <Class>
          <Summary numSequencePoints="0" visitedSequencePoints="0" numBranchPoints="0" visitedBranchPoints="0" sequenceCoverage="0" branchCoverage="0" maxCyclomaticComplexity="0" minCyclomaticComplexity="0" visitedClasses="0" numClasses="0" visitedMethods="0" numMethods="0" />
          <FullName>OutlookRecipientConfirmationAddin.Office365Contact/&lt;&gt;o__0</FullName>
          <Methods />
        </Class>
        <Class>
          <Summary numSequencePoints="144" visitedSequencePoints="0" numBranchPoints="27" visitedBranchPoints="0" sequenceCoverage="0" branchCoverage="0" maxCyclomaticComplexity="15" minCyclomaticComplexity="1" visitedClasses="0" numClasses="1" visitedMethods="0" numMethods="7" />
          <FullName>OutlookRecipientConfirmationAddin.RecipientCommonWindow</FullName>
          <Methods>
            <Method visited="false" cyclomaticComplexity="1" nPathComplexity="0" sequenceCoverage="0" branchCoverage="0" isConstructor="true" isStatic="false" isGetter="false" isSetter="false">
              <Summary numSequencePoints="5" visitedSequencePoints="0" numBranchPoints="1" visitedBranchPoints="0" sequenceCoverage="0" branchCoverage="0" maxCyclomaticComplexity="1" minCyclomaticComplexity="1" visitedClasses="0" numClasses="0" visitedMethods="0" numMethods="1" />
              <MetadataToken>100663308</MetadataToken>
              <Name>System.Void OutlookRecipientConfirmationAddin.RecipientCommonWindow::.ctor()</Name>
              <FileRef uid="5" />
              <SequencePoints>
                <SequencePoint vc="0" uspid="159" ordinal="0" offset="0" sl="8" sc="9" el="8" ec="68" bec="0" bev="0" fileid="5" />
                <SequencePoint vc="0" uspid="160" ordinal="1" offset="7" sl="23" sc="9" el="23" ec="40" bec="0" bev="0" fileid="6" />
                <SequencePoint vc="0" uspid="161" ordinal="2" offset="14" sl="24" sc="9" el="24" ec="10" bec="0" bev="0" fileid="6" />
                <SequencePoint vc="0" uspid="162" ordinal="3" offset="15" sl="25" sc="13" el="25" ec="35" bec="0" bev="0" fileid="6" />
                <SequencePoint vc="0" uspid="163" ordinal="4" offset="22" sl="26" sc="9" el="26" ec="10" bec="0" bev="0" fileid="6" />
              </SequencePoints>
              <BranchPoints />
              <MethodPoint xsi:type="SequencePoint" vc="0" uspid="159" ordinal="0" offset="0" sl="8" sc="9" el="8" ec="68" bec="0" bev="0" fileid="5" />
            </Method>
            <Method visited="false" cyclomaticComplexity="1" nPathComplexity="0" sequenceCoverage="0" branchCoverage="0" isConstructor="true" isStatic="false" isGetter="false" isSetter="false">
              <Summary numSequencePoints="7" visitedSequencePoints="0" numBranchPoints="1" visitedBranchPoints="0" sequenceCoverage="0" branchCoverage="0" maxCyclomaticComplexity="1" minCyclomaticComplexity="1" visitedClasses="0" numClasses="0" visitedMethods="0" numMethods="1" />
              <MetadataToken>100663309</MetadataToken>
              <Name>System.Void OutlookRecipientConfirmationAddin.RecipientCommonWindow::.ctor(OutlookRecipientConfirmationAddin.Utility/OutlookItemType,System.Collections.Generic.List`1&lt;OutlookRecipientConfirmationAddin.RecipientInformationDto&gt;)</Name>
              <FileRef uid="5" />
              <SequencePoints>
                <SequencePoint vc="0" uspid="164" ordinal="0" offset="0" sl="8" sc="9" el="8" ec="68" bec="0" bev="0" fileid="5" />
                <SequencePoint vc="0" uspid="165" ordinal="1" offset="7" sl="28" sc="9" el="28" ec="112" bec="0" bev="0" fileid="6" />
                <SequencePoint vc="0" uspid="166" ordinal="2" offset="14" sl="29" sc="9" el="29" ec="10" bec="0" bev="0" fileid="6" />
                <SequencePoint vc="0" uspid="167" ordinal="3" offset="15" sl="30" sc="13" el="30" ec="35" bec="0" bev="0" fileid="6" />
                <SequencePoint vc="0" uspid="168" ordinal="4" offset="22" sl="31" sc="13" el="31" ec="26" bec="0" bev="0" fileid="6" />
                <SequencePoint vc="0" uspid="169" ordinal="5" offset="29" sl="32" sc="13" el="32" ec="42" bec="0" bev="0" fileid="6" />
                <SequencePoint vc="0" uspid="170" ordinal="6" offset="36" sl="33" sc="9" el="33" ec="10" bec="0" bev="0" fileid="6" />
              </SequencePoints>
              <BranchPoints />
              <MethodPoint xsi:type="SequencePoint" vc="0" uspid="164" ordinal="0" offset="0" sl="8" sc="9" el="8" ec="68" bec="0" bev="0" fileid="5" />
            </Method>
            <Method visited="false" cyclomaticComplexity="1" nPathComplexity="0" sequenceCoverage="0" branchCoverage="0" isConstructor="false" isStatic="false" isGetter="false" isSetter="false">
              <Summary numSequencePoints="2" visitedSequencePoints="0" numBranchPoints="1" visitedBranchPoints="0" sequenceCoverage="0" branchCoverage="0" maxCyclomaticComplexity="1" minCyclomaticComplexity="1" visitedClasses="0" numClasses="0" visitedMethods="0" numMethods="1" />
              <MetadataToken>100663310</MetadataToken>
              <Name>System.Void OutlookRecipientConfirmationAddin.RecipientCommonWindow::RecipientCommonWindow_Load(System.Object,System.EventArgs)</Name>
              <FileRef uid="6" />
              <SequencePoints>
                <SequencePoint vc="0" uspid="171" ordinal="0" offset="0" sl="41" sc="9" el="41" ec="10" bec="0" bev="0" fileid="6" />
                <SequencePoint vc="0" uspid="172" ordinal="1" offset="1" sl="42" sc="9" el="42" ec="10" bec="0" bev="0" fileid="6" />
              </SequencePoints>
              <BranchPoints />
              <MethodPoint xsi:type="SequencePoint" vc="0" uspid="171" ordinal="0" offset="0" sl="41" sc="9" el="41" ec="10" bec="0" bev="0" fileid="6" />
            </Method>
            <Method visited="false" cyclomaticComplexity="15" nPathComplexity="280" sequenceCoverage="0" branchCoverage="0" isConstructor="false" isStatic="false" isGetter="false" isSetter="false">
              <Summary numSequencePoints="83" visitedSequencePoints="0" numBranchPoints="19" visitedBranchPoints="0" sequenceCoverage="0" branchCoverage="0" maxCyclomaticComplexity="15" minCyclomaticComplexity="15" visitedClasses="0" numClasses="0" visitedMethods="0" numMethods="1" />
              <MetadataToken>100663311</MetadataToken>
              <Name>System.Void OutlookRecipientConfirmationAddin.RecipientCommonWindow::RecipientCommonWindow_format()</Name>
              <FileRef uid="6" />
              <SequencePoints>
                <SequencePoint vc="0" uspid="173" ordinal="0" offset="0" sl="45" sc="9" el="45" ec="10" bec="0" bev="0" fileid="6" />
                <SequencePoint vc="0" uspid="174" ordinal="1" offset="1" sl="48" sc="13" el="48" ec="38" bec="0" bev="0" fileid="6" />
                <SequencePoint vc="0" uspid="175" ordinal="2" offset="3" sl="49" sc="13" el="49" ec="54" bec="0" bev="0" fileid="6" />
                <SequencePoint vc="0" uspid="176" ordinal="3" offset="9" sl="50" sc="13" el="50" ec="54" bec="0" bev="0" fileid="6" />
                <SequencePoint vc="0" uspid="177" ordinal="4" offset="15" sl="51" sc="13" el="51" ec="55" bec="0" bev="0" fileid="6" />
                <SequencePoint vc="0" uspid="178" ordinal="5" offset="22" sl="54" sc="13" el="54" ec="20" bec="0" bev="0" fileid="6" />
                <SequencePoint vc="0" uspid="179" ordinal="6" offset="23" sl="54" sc="39" el="54" ec="54" bec="0" bev="0" fileid="6" />
                <SequencePoint vc="0" uspid="180" ordinal="7" offset="41" sl="54" sc="22" el="54" ec="35" bec="0" bev="0" fileid="6" />
                <SequencePoint vc="0" uspid="181" ordinal="8" offset="50" sl="55" sc="13" el="55" ec="14" bec="0" bev="0" fileid="6" />
                <SequencePoint vc="0" uspid="182" ordinal="9" offset="51" sl="56" sc="17" el="56" ec="52" bec="2" bev="0" fileid="6" />
                <SequencePoint vc="0" uspid="183" ordinal="10" offset="77" sl="57" sc="17" el="57" ec="18" bec="0" bev="0" fileid="6" />
                <SequencePoint vc="0" uspid="184" ordinal="11" offset="78" sl="59" sc="21" el="59" ec="52" bec="2" bev="0" fileid="6" />
                <SequencePoint vc="0" uspid="185" ordinal="12" offset="94" sl="60" sc="21" el="60" ec="22" bec="0" bev="0" fileid="6" />
                <SequencePoint vc="0" uspid="186" ordinal="13" offset="95" sl="61" sc="25" el="61" ec="165" bec="0" bev="0" fileid="6" />
                <SequencePoint vc="0" uspid="187" ordinal="14" offset="152" sl="62" sc="21" el="62" ec="22" bec="0" bev="0" fileid="6" />
                <SequencePoint vc="0" uspid="188" ordinal="15" offset="155" sl="65" sc="21" el="65" ec="22" bec="0" bev="0" fileid="6" />
                <SequencePoint vc="0" uspid="189" ordinal="16" offset="156" sl="66" sc="25" el="66" ec="65" bec="0" bev="0" fileid="6" />
                <SequencePoint vc="0" uspid="190" ordinal="17" offset="164" sl="67" sc="21" el="67" ec="22" bec="0" bev="0" fileid="6" />
                <SequencePoint vc="0" uspid="191" ordinal="18" offset="165" sl="68" sc="17" el="68" ec="18" bec="0" bev="0" fileid="6" />
                <SequencePoint vc="0" uspid="192" ordinal="19" offset="168" sl="71" sc="17" el="71" ec="18" bec="0" bev="0" fileid="6" />
                <SequencePoint vc="0" uspid="193" ordinal="20" offset="169" sl="73" sc="21" el="73" ec="65" bec="0" bev="0" fileid="6" />
                <SequencePoint vc="0" uspid="194" ordinal="21" offset="177" sl="74" sc="17" el="74" ec="18" bec="0" bev="0" fileid="6" />
                <SequencePoint vc="0" uspid="195" ordinal="22" offset="178" sl="77" sc="17" el="77" ec="49" bec="5" bev="0" fileid="6" />
                <SequencePoint vc="0" uspid="196" ordinal="23" offset="212" sl="80" sc="25" el="80" ec="57" bec="0" bev="0" fileid="6" />
                <SequencePoint vc="0" uspid="197" ordinal="24" offset="214" sl="81" sc="25" el="81" ec="31" bec="0" bev="0" fileid="6" />
                <SequencePoint vc="0" uspid="198" ordinal="25" offset="216" sl="84" sc="25" el="84" ec="56" bec="0" bev="0" fileid="6" />
                <SequencePoint vc="0" uspid="199" ordinal="26" offset="224" sl="85" sc="25" el="85" ec="31" bec="0" bev="0" fileid="6" />
                <SequencePoint vc="0" uspid="200" ordinal="27" offset="226" sl="88" sc="25" el="88" ec="56" bec="0" bev="0" fileid="6" />
                <SequencePoint vc="0" uspid="201" ordinal="28" offset="234" sl="89" sc="25" el="89" ec="31" bec="0" bev="0" fileid="6" />
                <SequencePoint vc="0" uspid="202" ordinal="29" offset="236" sl="92" sc="25" el="92" ec="57" bec="0" bev="0" fileid="6" />
                <SequencePoint vc="0" uspid="203" ordinal="30" offset="245" sl="93" sc="25" el="93" ec="31" bec="0" bev="0" fileid="6" />
                <SequencePoint vc="0" uspid="204" ordinal="31" offset="247" sl="95" sc="13" el="95" ec="14" bec="0" bev="0" fileid="6" />
                <SequencePoint vc="0" uspid="205" ordinal="32" offset="248" sl="54" sc="36" el="54" ec="38" bec="0" bev="0" fileid="6" />
                <SequencePoint vc="0" uspid="206" ordinal="33" offset="277" sl="97" sc="13" el="97" ec="36" bec="0" bev="0" fileid="6" />
                <SequencePoint vc="0" uspid="207" ordinal="34" offset="284" sl="97" sc="38" el="97" ec="54" bec="0" bev="0" fileid="6" />
                <SequencePoint vc="0" uspid="208" ordinal="35" offset="291" sl="97" sc="56" el="97" ec="72" bec="0" bev="0" fileid="6" />
                <SequencePoint vc="0" uspid="209" ordinal="36" offset="298" sl="98" sc="13" el="98" ec="27" bec="4" bev="0" fileid="6" />
                <SequencePoint vc="0" uspid="210" ordinal="37" offset="339" sl="103" sc="21" el="103" ec="40" bec="0" bev="0" fileid="6" />
                <SequencePoint vc="0" uspid="211" ordinal="38" offset="346" sl="104" sc="21" el="104" ec="40" bec="0" bev="0" fileid="6" />
                <SequencePoint vc="0" uspid="212" ordinal="39" offset="353" sl="105" sc="21" el="105" ec="41" bec="0" bev="0" fileid="6" />
                <SequencePoint vc="0" uspid="213" ordinal="40" offset="360" sl="106" sc="21" el="106" ec="27" bec="0" bev="0" fileid="6" />
                <SequencePoint vc="0" uspid="214" ordinal="41" offset="362" sl="110" sc="21" el="110" ec="41" bec="0" bev="0" fileid="6" />
                <SequencePoint vc="0" uspid="215" ordinal="42" offset="369" sl="111" sc="21" el="111" ec="45" bec="0" bev="0" fileid="6" />
                <SequencePoint vc="0" uspid="216" ordinal="43" offset="376" sl="112" sc="21" el="112" ec="42" bec="0" bev="0" fileid="6" />
                <SequencePoint vc="0" uspid="217" ordinal="44" offset="383" sl="113" sc="21" el="113" ec="27" bec="0" bev="0" fileid="6" />
                <SequencePoint vc="0" uspid="218" ordinal="45" offset="385" sl="116" sc="21" el="116" ec="40" bec="0" bev="0" fileid="6" />
                <SequencePoint vc="0" uspid="219" ordinal="46" offset="392" sl="117" sc="21" el="117" ec="27" bec="0" bev="0" fileid="6" />
                <SequencePoint vc="0" uspid="220" ordinal="47" offset="394" sl="120" sc="13" el="120" ec="71" bec="0" bev="0" fileid="6" />
                <SequencePoint vc="0" uspid="221" ordinal="48" offset="433" sl="121" sc="13" el="121" ec="50" bec="0" bev="0" fileid="6" />
                <SequencePoint vc="0" uspid="222" ordinal="49" offset="462" sl="122" sc="13" el="122" ec="41" bec="0" bev="0" fileid="6" />
                <SequencePoint vc="0" uspid="223" ordinal="50" offset="479" sl="124" sc="13" el="124" ec="91" bec="0" bev="0" fileid="6" />
                <SequencePoint vc="0" uspid="224" ordinal="51" offset="525" sl="125" sc="13" el="125" ec="20" bec="0" bev="0" fileid="6" />
                <SequencePoint vc="0" uspid="225" ordinal="52" offset="526" sl="125" sc="39" el="125" ec="45" bec="0" bev="0" fileid="6" />
                <SequencePoint vc="0" uspid="226" ordinal="53" offset="536" sl="125" sc="22" el="125" ec="35" bec="0" bev="0" fileid="6" />
                <SequencePoint vc="0" uspid="227" ordinal="54" offset="545" sl="126" sc="13" el="126" ec="14" bec="0" bev="0" fileid="6" />
                <SequencePoint vc="0" uspid="228" ordinal="55" offset="546" sl="127" sc="17" el="127" ec="53" bec="0" bev="0" fileid="6" />
                <SequencePoint vc="0" uspid="229" ordinal="56" offset="576" sl="128" sc="13" el="128" ec="14" bec="0" bev="0" fileid="6" />
                <SequencePoint vc="0" uspid="230" ordinal="57" offset="577" sl="125" sc="36" el="125" ec="38" bec="0" bev="0" fileid="6" />
                <SequencePoint vc="0" uspid="231" ordinal="58" offset="603" sl="130" sc="13" el="130" ec="57" bec="2" bev="0" fileid="6" />
                <SequencePoint vc="0" uspid="232" ordinal="59" offset="624" sl="131" sc="13" el="131" ec="14" bec="0" bev="0" fileid="6" />
                <SequencePoint vc="0" uspid="233" ordinal="60" offset="625" sl="132" sc="17" el="132" ec="45" bec="0" bev="0" fileid="6" />
                <SequencePoint vc="0" uspid="234" ordinal="61" offset="642" sl="133" sc="17" el="133" ec="95" bec="0" bev="0" fileid="6" />
                <SequencePoint vc="0" uspid="235" ordinal="62" offset="688" sl="134" sc="17" el="134" ec="24" bec="0" bev="0" fileid="6" />
                <SequencePoint vc="0" uspid="236" ordinal="63" offset="689" sl="134" sc="43" el="134" ec="49" bec="0" bev="0" fileid="6" />
                <SequencePoint vc="0" uspid="237" ordinal="64" offset="699" sl="134" sc="26" el="134" ec="39" bec="0" bev="0" fileid="6" />
                <SequencePoint vc="0" uspid="238" ordinal="65" offset="708" sl="135" sc="17" el="135" ec="18" bec="0" bev="0" fileid="6" />
                <SequencePoint vc="0" uspid="239" ordinal="66" offset="709" sl="136" sc="21" el="136" ec="57" bec="0" bev="0" fileid="6" />
                <SequencePoint vc="0" uspid="240" ordinal="67" offset="739" sl="137" sc="17" el="137" ec="18" bec="0" bev="0" fileid="6" />
                <SequencePoint vc="0" uspid="241" ordinal="68" offset="740" sl="134" sc="40" el="134" ec="42" bec="0" bev="0" fileid="6" />
                <SequencePoint vc="0" uspid="242" ordinal="69" offset="766" sl="138" sc="17" el="138" ec="45" bec="0" bev="0" fileid="6" />
                <SequencePoint vc="0" uspid="243" ordinal="70" offset="783" sl="140" sc="17" el="140" ec="96" bec="0" bev="0" fileid="6" />
                <SequencePoint vc="0" uspid="244" ordinal="71" offset="830" sl="141" sc="17" el="141" ec="24" bec="0" bev="0" fileid="6" />
                <SequencePoint vc="0" uspid="245" ordinal="72" offset="831" sl="141" sc="43" el="141" ec="50" bec="0" bev="0" fileid="6" />
                <SequencePoint vc="0" uspid="246" ordinal="73" offset="842" sl="141" sc="26" el="141" ec="39" bec="0" bev="0" fileid="6" />
                <SequencePoint vc="0" uspid="247" ordinal="74" offset="851" sl="142" sc="17" el="142" ec="18" bec="0" bev="0" fileid="6" />
                <SequencePoint vc="0" uspid="248" ordinal="75" offset="852" sl="143" sc="21" el="143" ec="57" bec="0" bev="0" fileid="6" />
                <SequencePoint vc="0" uspid="249" ordinal="76" offset="882" sl="144" sc="17" el="144" ec="18" bec="0" bev="0" fileid="6" />
                <SequencePoint vc="0" uspid="250" ordinal="77" offset="883" sl="141" sc="40" el="141" ec="42" bec="0" bev="0" fileid="6" />
                <SequencePoint vc="0" uspid="251" ordinal="78" offset="909" sl="145" sc="13" el="145" ec="14" bec="0" bev="0" fileid="6" />
                <SequencePoint vc="0" uspid="252" ordinal="79" offset="910" sl="147" sc="13" el="147" ec="38" bec="0" bev="0" fileid="6" />
                <SequencePoint vc="0" uspid="253" ordinal="80" offset="923" sl="148" sc="13" el="148" ec="39" bec="0" bev="0" fileid="6" />
                <SequencePoint vc="0" uspid="254" ordinal="81" offset="936" sl="151" sc="13" el="151" ec="51" bec="0" bev="0" fileid="6" />
                <SequencePoint vc="0" uspid="255" ordinal="82" offset="949" sl="153" sc="9" el="153" ec="10" bec="0" bev="0" fileid="6" />
              </SequencePoints>
              <BranchPoints>
                <BranchPoint vc="0" uspid="256" ordinal="0" offset="75" sl="56" path="0" offsetend="77" fileid="6" />
                <BranchPoint vc="0" uspid="257" ordinal="1" offset="75" sl="56" path="1" offsetend="168" fileid="6" />
                <BranchPoint vc="0" uspid="258" ordinal="2" offset="92" sl="59" path="0" offsetend="94" fileid="6" />
                <BranchPoint vc="0" uspid="259" ordinal="3" offset="92" sl="59" path="1" offsetend="155" fileid="6" />
                <BranchPoint vc="0" uspid="260" ordinal="4" offset="189" sl="77" path="0" offsetchain="210" offsetend="247" fileid="6" />
                <BranchPoint vc="0" uspid="261" ordinal="5" offset="189" sl="77" path="1" offsetend="212" fileid="6" />
                <BranchPoint vc="0" uspid="262" ordinal="6" offset="189" sl="77" path="2" offsetend="216" fileid="6" />
                <BranchPoint vc="0" uspid="263" ordinal="7" offset="189" sl="77" path="3" offsetend="226" fileid="6" />
                <BranchPoint vc="0" uspid="264" ordinal="8" offset="189" sl="77" path="4" offsetend="236" fileid="6" />
                <BranchPoint vc="0" uspid="267" ordinal="11" offset="308" sl="98" path="0" offsetchain="337" offsetend="394" fileid="6" />
                <BranchPoint vc="0" uspid="268" ordinal="12" offset="308" sl="98" path="1" offsetend="339" fileid="6" />
                <BranchPoint vc="0" uspid="269" ordinal="13" offset="308" sl="98" path="2" offsetend="362" fileid="6" />
                <BranchPoint vc="0" uspid="270" ordinal="14" offset="308" sl="98" path="3" offsetend="362" fileid="6" />
                <BranchPoint vc="0" uspid="271" ordinal="15" offset="308" sl="98" path="4" offsetend="339" fileid="6" />
                <BranchPoint vc="0" uspid="272" ordinal="16" offset="308" sl="98" path="5" offsetend="339" fileid="6" />
                <BranchPoint vc="0" uspid="273" ordinal="17" offset="308" sl="98" path="6" offsetend="385" fileid="6" />
                <BranchPoint vc="0" uspid="276" ordinal="20" offset="619" sl="130" path="0" offsetend="624" fileid="6" />
                <BranchPoint vc="0" uspid="277" ordinal="21" offset="619" sl="130" path="1" offsetend="910" fileid="6" />
              </BranchPoints>
              <MethodPoint xsi:type="SequencePoint" vc="0" uspid="173" ordinal="0" offset="0" sl="45" sc="9" el="45" ec="10" bec="0" bev="0" fileid="6" />
            </Method>
            <Method visited="false" cyclomaticComplexity="1" nPathComplexity="0" sequenceCoverage="0" branchCoverage="0" isConstructor="false" isStatic="false" isGetter="false" isSetter="false">
              <Summary numSequencePoints="3" visitedSequencePoints="0" numBranchPoints="1" visitedBranchPoints="0" sequenceCoverage="0" branchCoverage="0" maxCyclomaticComplexity="1" minCyclomaticComplexity="1" visitedClasses="0" numClasses="0" visitedMethods="0" numMethods="1" />
              <MetadataToken>100663312</MetadataToken>
              <Name>System.Void OutlookRecipientConfirmationAddin.RecipientCommonWindow::linkLabel1_LinkClicked(System.Object,System.Windows.Forms.LinkLabelLinkClickedEventArgs)</Name>
              <FileRef uid="6" />
              <SequencePoints>
                <SequencePoint vc="0" uspid="282" ordinal="0" offset="0" sl="161" sc="9" el="161" ec="10" bec="0" bev="0" fileid="6" />
                <SequencePoint vc="0" uspid="283" ordinal="1" offset="1" sl="162" sc="13" el="162" ec="115" bec="0" bev="0" fileid="6" />
                <SequencePoint vc="0" uspid="284" ordinal="2" offset="12" sl="163" sc="9" el="163" ec="10" bec="0" bev="0" fileid="6" />
              </SequencePoints>
              <BranchPoints />
              <MethodPoint xsi:type="SequencePoint" vc="0" uspid="282" ordinal="0" offset="0" sl="161" sc="9" el="161" ec="10" bec="0" bev="0" fileid="6" />
            </Method>
            <Method visited="false" cyclomaticComplexity="3" nPathComplexity="2" sequenceCoverage="0" branchCoverage="0" isConstructor="false" isStatic="false" isGetter="false" isSetter="false">
              <Summary numSequencePoints="7" visitedSequencePoints="0" numBranchPoints="3" visitedBranchPoints="0" sequenceCoverage="0" branchCoverage="0" maxCyclomaticComplexity="3" minCyclomaticComplexity="3" visitedClasses="0" numClasses="0" visitedMethods="0" numMethods="1" />
              <MetadataToken>100663313</MetadataToken>
              <Name>System.Void OutlookRecipientConfirmationAddin.RecipientCommonWindow::Dispose(System.Boolean)</Name>
              <FileRef uid="5" />
              <SequencePoints>
                <SequencePoint vc="0" uspid="285" ordinal="0" offset="0" sl="15" sc="9" el="15" ec="10" bec="0" bev="0" fileid="5" />
                <SequencePoint vc="0" uspid="286" ordinal="1" offset="1" sl="16" sc="13" el="16" ec="51" bec="2" bev="0" fileid="5" />
                <SequencePoint vc="0" uspid="287" ordinal="2" offset="20" sl="17" sc="13" el="17" ec="14" bec="0" bev="0" fileid="5" />
                <SequencePoint vc="0" uspid="288" ordinal="3" offset="21" sl="18" sc="17" el="18" ec="38" bec="0" bev="0" fileid="5" />
                <SequencePoint vc="0" uspid="289" ordinal="4" offset="33" sl="19" sc="13" el="19" ec="14" bec="0" bev="0" fileid="5" />
                <SequencePoint vc="0" uspid="290" ordinal="5" offset="34" sl="20" sc="13" el="20" ec="37" bec="0" bev="0" fileid="5" />
                <SequencePoint vc="0" uspid="291" ordinal="6" offset="42" sl="21" sc="9" el="21" ec="10" bec="0" bev="0" fileid="5" />
              </SequencePoints>
              <BranchPoints>
                <BranchPoint vc="0" uspid="294" ordinal="2" offset="18" sl="16" path="0" offsetend="20" fileid="5" />
                <BranchPoint vc="0" uspid="295" ordinal="3" offset="18" sl="16" path="1" offsetend="34" fileid="5" />
              </BranchPoints>
              <MethodPoint xsi:type="SequencePoint" vc="0" uspid="285" ordinal="0" offset="0" sl="15" sc="9" el="15" ec="10" bec="0" bev="0" fileid="5" />
            </Method>
            <Method visited="false" cyclomaticComplexity="1" nPathComplexity="0" sequenceCoverage="0" branchCoverage="0" isConstructor="false" isStatic="false" isGetter="false" isSetter="false">
              <Summary numSequencePoints="37" visitedSequencePoints="0" numBranchPoints="1" visitedBranchPoints="0" sequenceCoverage="0" branchCoverage="0" maxCyclomaticComplexity="1" minCyclomaticComplexity="1" visitedClasses="0" numClasses="0" visitedMethods="0" numMethods="1" />
              <MetadataToken>100663314</MetadataToken>
              <Name>System.Void OutlookRecipientConfirmationAddin.RecipientCommonWindow::InitializeComponent()</Name>
              <FileRef uid="5" />
              <SequencePoints>
                <SequencePoint vc="0" uspid="296" ordinal="0" offset="0" sl="30" sc="9" el="30" ec="10" bec="0" bev="0" fileid="5" />
                <SequencePoint vc="0" uspid="297" ordinal="1" offset="1" sl="31" sc="13" el="31" ec="64" bec="0" bev="0" fileid="5" />
                <SequencePoint vc="0" uspid="298" ordinal="2" offset="12" sl="32" sc="13" el="32" ec="64" bec="0" bev="0" fileid="5" />
                <SequencePoint vc="0" uspid="299" ordinal="3" offset="23" sl="33" sc="13" el="33" ec="34" bec="0" bev="0" fileid="5" />
                <SequencePoint vc="0" uspid="300" ordinal="4" offset="30" sl="37" sc="13" el="39" ec="58" bec="0" bev="0" fileid="5" />
                <SequencePoint vc="0" uspid="301" ordinal="5" offset="44" sl="40" sc="13" el="40" ec="66" bec="0" bev="0" fileid="5" />
                <SequencePoint vc="0" uspid="302" ordinal="6" offset="61" sl="41" sc="13" el="41" ec="86" bec="0" bev="0" fileid="5" />
                <SequencePoint vc="0" uspid="303" ordinal="7" offset="74" sl="42" sc="13" el="42" ec="71" bec="0" bev="0" fileid="5" />
                <SequencePoint vc="0" uspid="304" ordinal="8" offset="91" sl="43" sc="13" el="43" ec="162" bec="0" bev="0" fileid="5" />
                <SequencePoint vc="0" uspid="305" ordinal="9" offset="125" sl="44" sc="13" el="44" ec="71" bec="0" bev="0" fileid="5" />
                <SequencePoint vc="0" uspid="306" ordinal="10" offset="146" sl="45" sc="13" el="45" ec="81" bec="0" bev="0" fileid="5" />
                <SequencePoint vc="0" uspid="307" ordinal="11" offset="167" sl="46" sc="13" el="46" ec="44" bec="0" bev="0" fileid="5" />
                <SequencePoint vc="0" uspid="308" ordinal="12" offset="180" sl="47" sc="13" el="47" ec="45" bec="0" bev="0" fileid="5" />
                <SequencePoint vc="0" uspid="309" ordinal="13" offset="197" sl="48" sc="13" el="48" ec="68" bec="0" bev="0" fileid="5" />
                <SequencePoint vc="0" uspid="310" ordinal="14" offset="224" sl="49" sc="13" el="49" ec="40" bec="0" bev="0" fileid="5" />
                <SequencePoint vc="0" uspid="311" ordinal="15" offset="237" sl="53" sc="13" el="53" ec="157" bec="0" bev="0" fileid="5" />
                <SequencePoint vc="0" uspid="312" ordinal="16" offset="250" sl="54" sc="13" el="54" ec="41" bec="0" bev="0" fileid="5" />
                <SequencePoint vc="0" uspid="313" ordinal="17" offset="263" sl="55" sc="13" el="55" ec="76" bec="0" bev="0" fileid="5" />
                <SequencePoint vc="0" uspid="314" ordinal="18" offset="290" sl="56" sc="13" el="56" ec="69" bec="0" bev="0" fileid="5" />
                <SequencePoint vc="0" uspid="315" ordinal="19" offset="314" sl="57" sc="13" el="57" ec="79" bec="0" bev="0" fileid="5" />
                <SequencePoint vc="0" uspid="316" ordinal="20" offset="335" sl="58" sc="13" el="58" ec="41" bec="0" bev="0" fileid="5" />
                <SequencePoint vc="0" uspid="317" ordinal="21" offset="352" sl="59" sc="13" el="59" ec="64" bec="0" bev="0" fileid="5" />
                <SequencePoint vc="0" uspid="318" ordinal="22" offset="373" sl="60" sc="13" el="60" ec="38" bec="0" bev="0" fileid="5" />
                <SequencePoint vc="0" uspid="319" ordinal="23" offset="386" sl="61" sc="13" el="61" ec="40" bec="0" bev="0" fileid="5" />
                <SequencePoint vc="0" uspid="320" ordinal="24" offset="399" sl="62" sc="13" el="62" ec="41" bec="0" bev="0" fileid="5" />
                <SequencePoint vc="0" uspid="321" ordinal="25" offset="416" sl="63" sc="13" el="63" ec="127" bec="0" bev="0" fileid="5" />
                <SequencePoint vc="0" uspid="322" ordinal="26" offset="440" sl="67" sc="13" el="67" ec="74" bec="0" bev="0" fileid="5" />
                <SequencePoint vc="0" uspid="323" ordinal="27" offset="448" sl="68" sc="13" el="68" ec="65" bec="0" bev="0" fileid="5" />
                <SequencePoint vc="0" uspid="324" ordinal="28" offset="470" sl="69" sc="13" el="69" ec="44" bec="0" bev="0" fileid="5" />
                <SequencePoint vc="0" uspid="325" ordinal="29" offset="488" sl="70" sc="13" el="70" ec="46" bec="0" bev="0" fileid="5" />
                <SequencePoint vc="0" uspid="326" ordinal="30" offset="506" sl="71" sc="13" el="71" ec="72" bec="0" bev="0" fileid="5" />
                <SequencePoint vc="0" uspid="327" ordinal="31" offset="522" sl="72" sc="13" el="72" ec="49" bec="0" bev="0" fileid="5" />
                <SequencePoint vc="0" uspid="328" ordinal="32" offset="534" sl="73" sc="13" el="73" ec="49" bec="0" bev="0" fileid="5" />
                <SequencePoint vc="0" uspid="329" ordinal="33" offset="546" sl="74" sc="13" el="74" ec="33" bec="0" bev="0" fileid="5" />
                <SequencePoint vc="0" uspid="330" ordinal="34" offset="554" sl="75" sc="13" el="75" ec="38" bec="0" bev="0" fileid="5" />
                <SequencePoint vc="0" uspid="331" ordinal="35" offset="562" sl="76" sc="13" el="76" ec="34" bec="0" bev="0" fileid="5" />
                <SequencePoint vc="0" uspid="332" ordinal="36" offset="569" sl="78" sc="9" el="78" ec="10" bec="0" bev="0" fileid="5" />
              </SequencePoints>
              <BranchPoints />
              <MethodPoint xsi:type="SequencePoint" vc="0" uspid="296" ordinal="0" offset="0" sl="30" sc="9" el="30" ec="10" bec="0" bev="0" fileid="5" />
            </Method>
          </Methods>
        </Class>
        <Class>
          <Summary numSequencePoints="85" visitedSequencePoints="0" numBranchPoints="6" visitedBranchPoints="0" sequenceCoverage="0" branchCoverage="0" maxCyclomaticComplexity="3" minCyclomaticComplexity="1" visitedClasses="0" numClasses="1" visitedMethods="0" numMethods="4" />
          <FullName>OutlookRecipientConfirmationAddin.RecipientConfirmationWindow</FullName>
          <Methods>
            <Method visited="false" cyclomaticComplexity="1" nPathComplexity="0" sequenceCoverage="0" branchCoverage="0" isConstructor="true" isStatic="false" isGetter="false" isSetter="false">
              <Summary numSequencePoints="5" visitedSequencePoints="0" numBranchPoints="1" visitedBranchPoints="0" sequenceCoverage="0" branchCoverage="0" maxCyclomaticComplexity="1" minCyclomaticComplexity="1" visitedClasses="0" numClasses="0" visitedMethods="0" numMethods="1" />
              <MetadataToken>100663315</MetadataToken>
              <Name>System.Void OutlookRecipientConfirmationAddin.RecipientConfirmationWindow::.ctor(OutlookRecipientConfirmationAddin.Utility/OutlookItemType,System.Collections.Generic.List`1&lt;OutlookRecipientConfirmationAddin.RecipientInformationDto&gt;)</Name>
              <FileRef uid="7" />
              <SequencePoints>
                <SequencePoint vc="0" uspid="333" ordinal="0" offset="0" sl="8" sc="9" el="8" ec="68" bec="0" bev="0" fileid="7" />
                <SequencePoint vc="0" uspid="334" ordinal="1" offset="7" sl="15" sc="118" el="15" ec="140" bec="0" bev="0" fileid="8" />
                <SequencePoint vc="0" uspid="335" ordinal="2" offset="16" sl="16" sc="9" el="16" ec="10" bec="0" bev="0" fileid="8" />
                <SequencePoint vc="0" uspid="336" ordinal="3" offset="17" sl="17" sc="13" el="17" ec="35" bec="0" bev="0" fileid="8" />
                <SequencePoint vc="0" uspid="337" ordinal="4" offset="24" sl="18" sc="9" el="18" ec="10" bec="0" bev="0" fileid="8" />
              </SequencePoints>
              <BranchPoints />
              <MethodPoint xsi:type="SequencePoint" vc="0" uspid="333" ordinal="0" offset="0" sl="8" sc="9" el="8" ec="68" bec="0" bev="0" fileid="7" />
            </Method>
            <Method visited="false" cyclomaticComplexity="1" nPathComplexity="0" sequenceCoverage="0" branchCoverage="0" isConstructor="false" isStatic="false" isGetter="false" isSetter="false">
              <Summary numSequencePoints="3" visitedSequencePoints="0" numBranchPoints="1" visitedBranchPoints="0" sequenceCoverage="0" branchCoverage="0" maxCyclomaticComplexity="1" minCyclomaticComplexity="1" visitedClasses="0" numClasses="0" visitedMethods="0" numMethods="1" />
              <MetadataToken>100663316</MetadataToken>
              <Name>System.Void OutlookRecipientConfirmationAddin.RecipientConfirmationWindow::RecipientConfirmationWindow_Load(System.Object,System.EventArgs)</Name>
              <FileRef uid="8" />
              <SequencePoints>
                <SequencePoint vc="0" uspid="338" ordinal="0" offset="0" sl="26" sc="9" el="26" ec="10" bec="0" bev="0" fileid="8" />
                <SequencePoint vc="0" uspid="339" ordinal="1" offset="1" sl="28" sc="13" el="28" ec="44" bec="0" bev="0" fileid="8" />
                <SequencePoint vc="0" uspid="340" ordinal="2" offset="8" sl="29" sc="9" el="29" ec="10" bec="0" bev="0" fileid="8" />
              </SequencePoints>
              <BranchPoints />
              <MethodPoint xsi:type="SequencePoint" vc="0" uspid="338" ordinal="0" offset="0" sl="26" sc="9" el="26" ec="10" bec="0" bev="0" fileid="8" />
            </Method>
            <Method visited="false" cyclomaticComplexity="3" nPathComplexity="2" sequenceCoverage="0" branchCoverage="0" isConstructor="false" isStatic="false" isGetter="false" isSetter="false">
              <Summary numSequencePoints="7" visitedSequencePoints="0" numBranchPoints="3" visitedBranchPoints="0" sequenceCoverage="0" branchCoverage="0" maxCyclomaticComplexity="3" minCyclomaticComplexity="3" visitedClasses="0" numClasses="0" visitedMethods="0" numMethods="1" />
              <MetadataToken>100663317</MetadataToken>
              <Name>System.Void OutlookRecipientConfirmationAddin.RecipientConfirmationWindow::Dispose(System.Boolean)</Name>
              <FileRef uid="7" />
              <SequencePoints>
                <SequencePoint vc="0" uspid="341" ordinal="0" offset="0" sl="15" sc="9" el="15" ec="10" bec="0" bev="0" fileid="7" />
                <SequencePoint vc="0" uspid="342" ordinal="1" offset="1" sl="16" sc="13" el="16" ec="51" bec="2" bev="0" fileid="7" />
                <SequencePoint vc="0" uspid="343" ordinal="2" offset="20" sl="17" sc="13" el="17" ec="14" bec="0" bev="0" fileid="7" />
                <SequencePoint vc="0" uspid="344" ordinal="3" offset="21" sl="18" sc="17" el="18" ec="38" bec="0" bev="0" fileid="7" />
                <SequencePoint vc="0" uspid="345" ordinal="4" offset="33" sl="19" sc="13" el="19" ec="14" bec="0" bev="0" fileid="7" />
                <SequencePoint vc="0" uspid="346" ordinal="5" offset="34" sl="20" sc="13" el="20" ec="37" bec="0" bev="0" fileid="7" />
                <SequencePoint vc="0" uspid="347" ordinal="6" offset="42" sl="21" sc="9" el="21" ec="10" bec="0" bev="0" fileid="7" />
              </SequencePoints>
              <BranchPoints>
                <BranchPoint vc="0" uspid="350" ordinal="2" offset="18" sl="16" path="0" offsetend="20" fileid="7" />
                <BranchPoint vc="0" uspid="351" ordinal="3" offset="18" sl="16" path="1" offsetend="34" fileid="7" />
              </BranchPoints>
              <MethodPoint xsi:type="SequencePoint" vc="0" uspid="341" ordinal="0" offset="0" sl="15" sc="9" el="15" ec="10" bec="0" bev="0" fileid="7" />
            </Method>
            <Method visited="false" cyclomaticComplexity="1" nPathComplexity="0" sequenceCoverage="0" branchCoverage="0" isConstructor="false" isStatic="false" isGetter="false" isSetter="false">
              <Summary numSequencePoints="70" visitedSequencePoints="0" numBranchPoints="1" visitedBranchPoints="0" sequenceCoverage="0" branchCoverage="0" maxCyclomaticComplexity="1" minCyclomaticComplexity="1" visitedClasses="0" numClasses="0" visitedMethods="0" numMethods="1" />
              <MetadataToken>100663318</MetadataToken>
              <Name>System.Void OutlookRecipientConfirmationAddin.RecipientConfirmationWindow::InitializeComponent()</Name>
              <FileRef uid="7" />
              <SequencePoints>
                <SequencePoint vc="0" uspid="352" ordinal="0" offset="0" sl="30" sc="9" el="30" ec="10" bec="0" bev="0" fileid="7" />
                <SequencePoint vc="0" uspid="353" ordinal="1" offset="1" sl="31" sc="13" el="31" ec="57" bec="0" bev="0" fileid="7" />
                <SequencePoint vc="0" uspid="354" ordinal="2" offset="12" sl="32" sc="13" el="32" ec="61" bec="0" bev="0" fileid="7" />
                <SequencePoint vc="0" uspid="355" ordinal="3" offset="23" sl="33" sc="13" el="33" ec="60" bec="0" bev="0" fileid="7" />
                <SequencePoint vc="0" uspid="356" ordinal="4" offset="34" sl="34" sc="13" el="34" ec="68" bec="0" bev="0" fileid="7" />
                <SequencePoint vc="0" uspid="357" ordinal="5" offset="45" sl="35" sc="13" el="35" ec="60" bec="0" bev="0" fileid="7" />
                <SequencePoint vc="0" uspid="358" ordinal="6" offset="56" sl="36" sc="13" el="36" ec="34" bec="0" bev="0" fileid="7" />
                <SequencePoint vc="0" uspid="359" ordinal="7" offset="63" sl="40" sc="13" el="40" ec="154" bec="0" bev="0" fileid="7" />
                <SequencePoint vc="0" uspid="360" ordinal="8" offset="77" sl="41" sc="13" el="41" ec="65" bec="0" bev="0" fileid="7" />
                <SequencePoint vc="0" uspid="361" ordinal="9" offset="94" sl="42" sc="13" el="42" ec="73" bec="0" bev="0" fileid="7" />
                <SequencePoint vc="0" uspid="362" ordinal="10" offset="107" sl="43" sc="13" el="43" ec="156" bec="0" bev="0" fileid="7" />
                <SequencePoint vc="0" uspid="363" ordinal="11" offset="141" sl="44" sc="13" el="44" ec="60" bec="0" bev="0" fileid="7" />
                <SequencePoint vc="0" uspid="364" ordinal="12" offset="158" sl="45" sc="13" el="45" ec="67" bec="0" bev="0" fileid="7" />
                <SequencePoint vc="0" uspid="365" ordinal="13" offset="185" sl="46" sc="13" el="46" ec="33" bec="0" bev="0" fileid="7" />
                <SequencePoint vc="0" uspid="366" ordinal="14" offset="202" sl="47" sc="13" el="47" ec="61" bec="0" bev="0" fileid="7" />
[...]
              <Summary numSequencePoints="3" visitedSequencePoints="0" numBranchPoints="1" visitedBranchPoints="0" sequenceCoverage="0" branchCoverage="0" maxCyclomaticComplexity="1" minCyclomaticComplexity="1" visitedClasses="0" numClasses="0" visitedMethods="0" numMethods="1" />
              <MetadataToken>100663387</MetadataToken>
              <Name>OutlookRecipientConfirmationAddin.WindowFormRegionCollection OutlookRecipientConfirmationAddin.ThisFormRegionCollection::get_Item(Microsoft.Office.Interop.Outlook.Inspector)</Name>
              <FileRef uid="16" />
              <SequencePoints>
                <SequencePoint vc="0" uspid="1108" ordinal="0" offset="0" sl="271" sc="17" el="271" ec="18" bec="0" bev="0" fileid="16" />
                <SequencePoint vc="0" uspid="1109" ordinal="1" offset="1" sl="272" sc="17" el="272" ec="136" bec="0" bev="0" fileid="16" />
                <SequencePoint vc="0" uspid="1110" ordinal="2" offset="30" sl="273" sc="13" el="273" ec="14" bec="0" bev="0" fileid="16" />
              </SequencePoints>
              <BranchPoints />
              <MethodPoint xsi:type="SequencePoint" vc="0" uspid="1108" ordinal="0" offset="0" sl="271" sc="17" el="271" ec="18" bec="0" bev="0" fileid="16" />
            </Method>
            <Method visited="false" cyclomaticComplexity="1" nPathComplexity="0" sequenceCoverage="0" branchCoverage="0" isConstructor="true" isStatic="false" isGetter="false" isSetter="false">
              <Summary numSequencePoints="3" visitedSequencePoints="0" numBranchPoints="1" visitedBranchPoints="0" sequenceCoverage="0" branchCoverage="0" maxCyclomaticComplexity="1" minCyclomaticComplexity="1" visitedClasses="0" numClasses="0" visitedMethods="0" numMethods="1" />
              <MetadataToken>100663385</MetadataToken>
              <Name>System.Void OutlookRecipientConfirmationAddin.ThisFormRegionCollection::.ctor(System.Collections.Generic.IList`1&lt;Microsoft.Office.Tools.Outlook.IFormRegion&gt;)</Name>
              <FileRef uid="16" />
              <SequencePoints>
                <SequencePoint vc="0" uspid="1111" ordinal="0" offset="0" sl="261" sc="17" el="261" ec="27" bec="0" bev="0" fileid="16" />
                <SequencePoint vc="0" uspid="1112" ordinal="1" offset="8" sl="261" sc="28" el="261" ec="29" bec="0" bev="0" fileid="16" />
                <SequencePoint vc="0" uspid="1113" ordinal="2" offset="9" sl="262" sc="9" el="262" ec="10" bec="0" bev="0" fileid="16" />
              </SequencePoints>
              <BranchPoints />
              <MethodPoint xsi:type="SequencePoint" vc="0" uspid="1111" ordinal="0" offset="0" sl="261" sc="17" el="261" ec="27" bec="0" bev="0" fileid="16" />
            </Method>
          </Methods>
        </Class>
        <Class>
          <Summary numSequencePoints="3" visitedSequencePoints="0" numBranchPoints="1" visitedBranchPoints="0" sequenceCoverage="0" branchCoverage="0" maxCyclomaticComplexity="1" minCyclomaticComplexity="1" visitedClasses="0" numClasses="1" visitedMethods="0" numMethods="1" />
          <FullName>OutlookRecipientConfirmationAddin.WindowFormRegionCollection</FullName>
          <Methods>
            <Method visited="false" cyclomaticComplexity="1" nPathComplexity="0" sequenceCoverage="0" branchCoverage="0" isConstructor="true" isStatic="false" isGetter="false" isSetter="false">
              <Summary numSequencePoints="3" visitedSequencePoints="0" numBranchPoints="1" visitedBranchPoints="0" sequenceCoverage="0" branchCoverage="0" maxCyclomaticComplexity="1" minCyclomaticComplexity="1" visitedClasses="0" numClasses="0" visitedMethods="0" numMethods="1" />
              <MetadataToken>100663388</MetadataToken>
              <Name>System.Void OutlookRecipientConfirmationAddin.WindowFormRegionCollection::.ctor(System.Collections.Generic.IList`1&lt;Microsoft.Office.Tools.Outlook.IFormRegion&gt;)</Name>
              <FileRef uid="16" />
              <SequencePoints>
                <SequencePoint vc="0" uspid="1114" ordinal="0" offset="0" sl="283" sc="17" el="283" ec="27" bec="0" bev="0" fileid="16" />
                <SequencePoint vc="0" uspid="1115" ordinal="1" offset="8" sl="283" sc="28" el="283" ec="29" bec="0" bev="0" fileid="16" />
                <SequencePoint vc="0" uspid="1116" ordinal="2" offset="9" sl="284" sc="9" el="284" ec="10" bec="0" bev="0" fileid="16" />
              </SequencePoints>
              <BranchPoints />
              <MethodPoint xsi:type="SequencePoint" vc="0" uspid="1114" ordinal="0" offset="0" sl="283" sc="17" el="283" ec="27" bec="0" bev="0" fileid="16" />
            </Method>
          </Methods>
        </Class>
        <Class>
          <Summary numSequencePoints="17" visitedSequencePoints="0" numBranchPoints="6" visitedBranchPoints="0" sequenceCoverage="0" branchCoverage="0" maxCyclomaticComplexity="2" minCyclomaticComplexity="1" visitedClasses="0" numClasses="1" visitedMethods="0" numMethods="4" />
          <FullName>OutlookRecipientConfirmationAddin.Properties.Resources</FullName>
          <Methods>
            <Method visited="false" cyclomaticComplexity="2" nPathComplexity="2" sequenceCoverage="0" branchCoverage="0" isConstructor="false" isStatic="true" isGetter="true" isSetter="false">
              <Summary numSequencePoints="8" visitedSequencePoints="0" numBranchPoints="3" visitedBranchPoints="0" sequenceCoverage="0" branchCoverage="0" maxCyclomaticComplexity="2" minCyclomaticComplexity="2" visitedClasses="0" numClasses="0" visitedMethods="0" numMethods="1" />
              <MetadataToken>100663390</MetadataToken>
              <Name>System.Resources.ResourceManager OutlookRecipientConfirmationAddin.Properties.Resources::get_ResourceManager()</Name>
              <FileRef uid="21" />
              <SequencePoints>
                <SequencePoint vc="0" uspid="1117" ordinal="0" offset="0" sl="39" sc="17" el="39" ec="18" bec="0" bev="0" fileid="21" />
                <SequencePoint vc="0" uspid="1118" ordinal="1" offset="1" sl="40" sc="17" el="40" ec="63" bec="2" bev="0" fileid="21" />
                <SequencePoint vc="0" uspid="1119" ordinal="2" offset="13" sl="40" sc="64" el="40" ec="65" bec="0" bev="0" fileid="21" />
                <SequencePoint vc="0" uspid="1120" ordinal="3" offset="14" sl="41" sc="21" el="41" ec="200" bec="0" bev="0" fileid="21" />
                <SequencePoint vc="0" uspid="1121" ordinal="4" offset="40" sl="42" sc="21" el="42" ec="40" bec="0" bev="0" fileid="21" />
                <SequencePoint vc="0" uspid="1122" ordinal="5" offset="46" sl="43" sc="17" el="43" ec="18" bec="0" bev="0" fileid="21" />
                <SequencePoint vc="0" uspid="1123" ordinal="6" offset="47" sl="44" sc="17" el="44" ec="36" bec="0" bev="0" fileid="21" />
                <SequencePoint vc="0" uspid="1124" ordinal="7" offset="55" sl="45" sc="13" el="45" ec="14" bec="0" bev="0" fileid="21" />
              </SequencePoints>
              <BranchPoints>
                <BranchPoint vc="0" uspid="1125" ordinal="0" offset="11" sl="40" path="0" offsetend="13" fileid="21" />
                <BranchPoint vc="0" uspid="1126" ordinal="1" offset="11" sl="40" path="1" offsetend="47" fileid="21" />
              </BranchPoints>
              <MethodPoint xsi:type="SequencePoint" vc="0" uspid="1117" ordinal="0" offset="0" sl="39" sc="17" el="39" ec="18" bec="0" bev="0" fileid="21" />
            </Method>
            <Method visited="false" cyclomaticComplexity="1" nPathComplexity="0" sequenceCoverage="0" branchCoverage="0" isConstructor="false" isStatic="true" isGetter="true" isSetter="false">
              <Summary numSequencePoints="3" visitedSequencePoints="0" numBranchPoints="1" visitedBranchPoints="0" sequenceCoverage="0" branchCoverage="0" maxCyclomaticComplexity="1" minCyclomaticComplexity="1" visitedClasses="0" numClasses="0" visitedMethods="0" numMethods="1" />
              <MetadataToken>100663391</MetadataToken>
              <Name>System.Globalization.CultureInfo OutlookRecipientConfirmationAddin.Properties.Resources::get_Culture()</Name>
              <FileRef uid="21" />
              <SequencePoints>
                <SequencePoint vc="0" uspid="1127" ordinal="0" offset="0" sl="54" sc="17" el="54" ec="18" bec="0" bev="0" fileid="21" />
                <SequencePoint vc="0" uspid="1128" ordinal="1" offset="1" sl="55" sc="17" el="55" ec="40" bec="0" bev="0" fileid="21" />
                <SequencePoint vc="0" uspid="1129" ordinal="2" offset="9" sl="56" sc="13" el="56" ec="14" bec="0" bev="0" fileid="21" />
              </SequencePoints>
              <BranchPoints />
              <MethodPoint xsi:type="SequencePoint" vc="0" uspid="1127" ordinal="0" offset="0" sl="54" sc="17" el="54" ec="18" bec="0" bev="0" fileid="21" />
            </Method>
            <Method visited="false" cyclomaticComplexity="1" nPathComplexity="0" sequenceCoverage="0" branchCoverage="0" isConstructor="false" isStatic="true" isGetter="false" isSetter="true">
              <Summary numSequencePoints="3" visitedSequencePoints="0" numBranchPoints="1" visitedBranchPoints="0" sequenceCoverage="0" branchCoverage="0" maxCyclomaticComplexity="1" minCyclomaticComplexity="1" visitedClasses="0" numClasses="0" visitedMethods="0" numMethods="1" />
              <MetadataToken>100663392</MetadataToken>
              <Name>System.Void OutlookRecipientConfirmationAddin.Properties.Resources::set_Culture(System.Globalization.CultureInfo)</Name>
              <FileRef uid="21" />
              <SequencePoints>
                <SequencePoint vc="0" uspid="1130" ordinal="0" offset="0" sl="57" sc="17" el="57" ec="18" bec="0" bev="0" fileid="21" />
                <SequencePoint vc="0" uspid="1131" ordinal="1" offset="1" sl="58" sc="17" el="58" ec="41" bec="0" bev="0" fileid="21" />
                <SequencePoint vc="0" uspid="1132" ordinal="2" offset="7" sl="59" sc="13" el="59" ec="14" bec="0" bev="0" fileid="21" />
              </SequencePoints>
              <BranchPoints />
              <MethodPoint xsi:type="SequencePoint" vc="0" uspid="1130" ordinal="0" offset="0" sl="57" sc="17" el="57" ec="18" bec="0" bev="0" fileid="21" />
            </Method>
            <Method visited="false" cyclomaticComplexity="1" nPathComplexity="0" sequenceCoverage="0" branchCoverage="0" isConstructor="true" isStatic="false" isGetter="false" isSetter="false">
              <Summary numSequencePoints="3" visitedSequencePoints="0" numBranchPoints="1" visitedBranchPoints="0" sequenceCoverage="0" branchCoverage="0" maxCyclomaticComplexity="1" minCyclomaticComplexity="1" visitedClasses="0" numClasses="0" visitedMethods="0" numMethods="1" />
              <MetadataToken>100663389</MetadataToken>
              <Name>System.Void OutlookRecipientConfirmationAddin.Properties.Resources::.ctor()</Name>
              <FileRef uid="21" />
              <SequencePoints>
                <SequencePoint vc="0" uspid="1133" ordinal="0" offset="0" sl="31" sc="9" el="31" ec="29" bec="0" bev="0" fileid="21" />
                <SequencePoint vc="0" uspid="1134" ordinal="1" offset="7" sl="31" sc="30" el="31" ec="31" bec="0" bev="0" fileid="21" />
                <SequencePoint vc="0" uspid="1135" ordinal="2" offset="8" sl="32" sc="9" el="32" ec="10" bec="0" bev="0" fileid="21" />
              </SequencePoints>
              <BranchPoints />
              <MethodPoint xsi:type="SequencePoint" vc="0" uspid="1133" ordinal="0" offset="0" sl="31" sc="9" el="31" ec="29" bec="0" bev="0" fileid="21" />
            </Method>
          </Methods>
        </Class>
        <Class>
          <Summary numSequencePoints="4" visitedSequencePoints="0" numBranchPoints="2" visitedBranchPoints="0" sequenceCoverage="0" branchCoverage="0" maxCyclomaticComplexity="1" minCyclomaticComplexity="1" visitedClasses="0" numClasses="1" visitedMethods="0" numMethods="2" />
          <FullName>OutlookRecipientConfirmationAddin.Properties.Settings</FullName>
          <Methods>
            <Method visited="false" cyclomaticComplexity="1" nPathComplexity="0" sequenceCoverage="0" branchCoverage="0" isConstructor="false" isStatic="true" isGetter="true" isSetter="false">
              <Summary numSequencePoints="3" visitedSequencePoints="0" numBranchPoints="1" visitedBranchPoints="0" sequenceCoverage="0" branchCoverage="0" maxCyclomaticComplexity="1" minCyclomaticComplexity="1" visitedClasses="0" numClasses="0" visitedMethods="0" numMethods="1" />
              <MetadataToken>100663393</MetadataToken>
              <Name>OutlookRecipientConfirmationAddin.Properties.Settings OutlookRecipientConfirmationAddin.Properties.Settings::get_Default()</Name>
              <FileRef uid="22" />
              <SequencePoints>
                <SequencePoint vc="0" uspid="1136" ordinal="0" offset="0" sl="21" sc="17" el="21" ec="18" bec="0" bev="0" fileid="22" />
                <SequencePoint vc="0" uspid="1137" ordinal="1" offset="1" sl="22" sc="17" el="22" ec="40" bec="0" bev="0" fileid="22" />
                <SequencePoint vc="0" uspid="1138" ordinal="2" offset="9" sl="23" sc="13" el="23" ec="14" bec="0" bev="0" fileid="22" />
              </SequencePoints>
              <BranchPoints />
              <MethodPoint xsi:type="SequencePoint" vc="0" uspid="1136" ordinal="0" offset="0" sl="21" sc="17" el="21" ec="18" bec="0" bev="0" fileid="22" />
            </Method>
            <Method visited="false" cyclomaticComplexity="1" nPathComplexity="0" sequenceCoverage="0" branchCoverage="0" isConstructor="true" isStatic="false" isGetter="false" isSetter="false">
              <Summary numSequencePoints="0" visitedSequencePoints="0" numBranchPoints="0" visitedBranchPoints="0" sequenceCoverage="0" branchCoverage="0" maxCyclomaticComplexity="1" minCyclomaticComplexity="1" visitedClasses="0" numClasses="0" visitedMethods="0" numMethods="0" />
              <MetadataToken>100663394</MetadataToken>
              <Name>System.Void OutlookRecipientConfirmationAddin.Properties.Settings::.ctor()</Name>
              <SequencePoints />
              <BranchPoints />
              <MethodPoint vc="0" uspid="1139" ordinal="0" offset="0" />
            </Method>
            <Method visited="false" cyclomaticComplexity="1" nPathComplexity="0" sequenceCoverage="0" branchCoverage="0" isConstructor="true" isStatic="true" isGetter="false" isSetter="false">
              <Summary numSequencePoints="1" visitedSequencePoints="0" numBranchPoints="1" visitedBranchPoints="0" sequenceCoverage="0" branchCoverage="0" maxCyclomaticComplexity="1" minCyclomaticComplexity="1" visitedClasses="0" numClasses="0" visitedMethods="0" numMethods="1" />
              <MetadataToken>100663395</MetadataToken>
              <Name>System.Void OutlookRecipientConfirmationAddin.Properties.Settings::.cctor()</Name>
              <FileRef uid="22" />
              <SequencePoints>
                <SequencePoint vc="0" uspid="1140" ordinal="0" offset="0" sl="18" sc="9" el="18" ec="147" bec="0" bev="0" fileid="22" />
              </SequencePoints>
              <BranchPoints />
              <MethodPoint xsi:type="SequencePoint" vc="0" uspid="1140" ordinal="0" offset="0" sl="18" sc="9" el="18" ec="147" bec="0" bev="0" fileid="22" />
            </Method>
          </Methods>
        </Class>
        <Class>
          <Summary numSequencePoints="0" visitedSequencePoints="0" numBranchPoints="0" visitedBranchPoints="0" sequenceCoverage="0" branchCoverage="0" maxCyclomaticComplexity="0" minCyclomaticComplexity="0" visitedClasses="0" numClasses="0" visitedMethods="0" numMethods="0" />
          <FullName>Microsoft.Office.Interop.Outlook.ApplicationEvents_11_ItemSendEventHandler</FullName>
          <Methods>
            <Method skippedDueTo="Unknown" visited="false" cyclomaticComplexity="0" nPathComplexity="0" sequenceCoverage="0" branchCoverage="0" isConstructor="true" isStatic="false" isGetter="false" isSetter="false">
              <MetadataToken>100663409</MetadataToken>
              <Name>System.Void Microsoft.Office.Interop.Outlook.ApplicationEvents_11_ItemSendEventHandler::.ctor(System.Object,System.UIntPtr)</Name>
              <SequencePoints />
              <BranchPoints />
            </Method>
            <Method skippedDueTo="Unknown" visited="false" cyclomaticComplexity="0" nPathComplexity="0" sequenceCoverage="0" branchCoverage="0" isConstructor="false" isStatic="false" isGetter="false" isSetter="false">
              <MetadataToken>100663410</MetadataToken>
              <Name>System.Void Microsoft.Office.Interop.Outlook.ApplicationEvents_11_ItemSendEventHandler::Invoke(System.Object,System.Boolean&amp;)</Name>
              <SequencePoints />
              <BranchPoints />
            </Method>
          </Methods>
        </Class>
      </Classes>
    </Module>
    <Module skippedDueTo="Filter" hash="67-62-CC-C2-E6-FA-B8-96-1C-48-DD-55-91-43-21-26-BF-F3-75-4F">
      <ModulePath>C:\workspaces\OutlookRecipientConfirmationAddin\sourcecode\ORCAUnitTest\bin\Debug\Microsoft.Office.Tools.Outlook.v4.0.Utilities.dll</ModulePath>
      <ModuleTime>2015-05-26T04:36:58Z</ModuleTime>
      <ModuleName>Microsoft.Office.Tools.Outlook.v4.0.Utilities</ModuleName>
      <Classes />
    </Module>
    <Module skippedDueTo="Filter" hash="0A-D9-C2-B6-C7-9A-33-27-D1-38-81-9E-D0-43-5D-18-EE-9A-AC-78">
      <ModulePath>C:\workspaces\OutlookRecipientConfirmationAddin\sourcecode\ORCAUnitTest\bin\Debug\Microsoft.Office.Tools.Common.v4.0.Utilities.dll</ModulePath>
      <ModuleTime>2015-05-26T04:36:58Z</ModuleTime>
      <ModuleName>Microsoft.Office.Tools.Common.v4.0.Utilities</ModuleName>
      <Classes />
    </Module>
    <Module skippedDueTo="Filter" hash="DC-F4-0A-C8-75-B2-1A-32-F0-02-BF-85-DD-12-4B-9A-C7-9B-3D-61">
      <ModulePath>C:\workspaces\OutlookRecipientConfirmationAddin\sourcecode\ORCAUnitTest\bin\Debug\NSubstitute.dll</ModulePath>
      <ModuleTime>2017-10-27T12:03:00Z</ModuleTime>
      <ModuleName>NSubstitute</ModuleName>
      <Classes />
    </Module>
    <Module skippedDueTo="Filter" hash="2F-A5-91-EF-53-DF-63-82-1E-C8-9A-AA-7E-B1-B4-E9-E0-1C-AB-A5">
      <ModulePath>C:\WINDOWS\Microsoft.Net\assembly\GAC_MSIL\Microsoft.Office.Tools.Outlook\v4.0_10.0.0.0__b03f5f7f11d50a3a\Microsoft.Office.Tools.Outlook.dll</ModulePath>
      <ModuleTime>2018-01-10T06:43:50.3143081Z</ModuleTime>
      <ModuleName>Microsoft.Office.Tools.Outlook</ModuleName>
      <Classes />
    </Module>
    <Module skippedDueTo="Filter" hash="56-AB-E3-3E-B0-AA-95-3F-45-FB-44-1F-D0-94-F5-7C-AB-43-67-F0">
      <ModulePath>C:\workspaces\OutlookRecipientConfirmationAddin\sourcecode\ORCAUnitTest\bin\Debug\Castle.Core.dll</ModulePath>
      <ModuleTime>2017-09-27T16:34:34Z</ModuleTime>
      <ModuleName>Castle.Core</ModuleName>
      <Classes />
    </Module>
    <Module skippedDueTo="Filter" hash="">
      <ModulePath>RefEmit_InMemoryManifestModule</ModulePath>
      <ModuleTime>0001-01-01T00:00:00</ModuleTime>
      <ModuleName>DynamicProxyGenAssembly2</ModuleName>
      <Classes />
    </Module>
    <Module skippedDueTo="Filter" hash="99-74-5A-1F-5B-90-06-70-6E-4F-C3-03-F3-2D-7D-39-6B-D7-8D-44">
      <ModulePath>C:\WINDOWS\Microsoft.Net\assembly\GAC_MSIL\Microsoft.Office.Tools.Common\v4.0_10.0.0.0__b03f5f7f11d50a3a\Microsoft.Office.Tools.Common.dll</ModulePath>
      <ModuleTime>2018-01-10T06:43:50.2839793Z</ModuleTime>
      <ModuleName>Microsoft.Office.Tools.Common</ModuleName>
      <Classes />
    </Module>
    <Module skippedDueTo="Filter" hash="22-1C-0F-4D-89-95-50-48-29-4E-FD-18-5F-7C-22-6D-18-CD-70-BB">
      <ModulePath>C:\WINDOWS\Microsoft.Net\assembly\GAC_MSIL\mscorlib.resources\v4.0_4.0.0.0_ja_b77a5c561934e089\mscorlib.resources.dll</ModulePath>
      <ModuleTime>2017-09-30T14:15:33.9729128Z</ModuleTime>
      <ModuleName>mscorlib.resources</ModuleName>
      <Classes />
    </Module>
  </Modules>
</CoverageSession>